C51 COMPILER V9.03   FAST3                                                                 11/27/2011 14:59:06 PAGE 1   


C51 COMPILER V9.03, COMPILATION OF MODULE FAST3
OBJECT MODULE PLACED IN FAST3.OBJ
COMPILER INVOKED BY: C:\Keil\C51\BIN\C51.EXE FAST3.C OPTIMIZE(0,SPEED) BROWSE DEBUG OBJECTEXTEND

line level    source

   1          /*** FAST3.C*********PCA高速輸出中斷範例************
   2          *動作：CEX0(P12)及CEX1(P13)高速輸出有時間差的兩個方波
   3          *硬體：低頻SW1-4(P1LED)
   4          ***********************************************/
   5          #include "..\MPC82.H"   //暫存器及組態定義
   6          //Fosc=22.1184MHz，PCA計數時脈=Fosc/12=1.8432MHz
   7          #define T  14400  //PCA延時時間=(1/1.8432MHz)*14400=7812.5uS
   8          main()         
   9          {
  10   1        PCON2=7; //Fosc=Fosc/128，PCA延時時間=7812.5uS*128=1秒
  11   1        CCAPM0 = CCAPM1 =ECOM+MAT+TOG+ECCF; //MAT=1，PAC計數與CCAP0匹配時，令CCF0=1
  12   1                                    //ECOM=1，致能比較器功能
  13   1                                                        //TOG=1，(CH:CL)=CCAP0時，令CEX0腳反相
  14   1                                                            //ECCF=1，致能有匹配(CCF0=1)時，產生中斷
  15   1        CCAP0L=T;     CCAP0H=T>>8;        //設定T送入CEX0比較暫存器
  16   1        CCAP1L=T<<1; CCAP1H=(T<<1)>>8;//設定T*2送入CEX1比較暫存器
  17   1      
  18   1        EA = 1;       //致能所有中斷
  19   1        AUXIE = EPCA; //致能PCA中斷
  20   1        CCF0 = 0;             //清除模組0的比較旗標
  21   1        CR = 1;       //啟動PCA計數 
  22   1        while(1);         //空轉,等待(CH:CL)=CCAP0產生中斷
  23   1      }
  24          /***********************************************************
  25          *函數名稱: PCA中斷函數
  26          *功能描述: 自動令CEX0反相
  27          ************************************************************/
  28          void PCA_Interrupt() interrupt 10
  29          {
  30   1        if(CCF1==1) CL=CH=0; //若是CEX1中斷，PCA計數器由0開始上數
  31   1        CCF0=CCF1= 0; //清除模組0-1的比較旗標
  32   1      }


MODULE INFORMATION:   STATIC OVERLAYABLE
   CODE SIZE        =     92    ----
   CONSTANT SIZE    =   ----    ----
   XDATA SIZE       =   ----    ----
   PDATA SIZE       =   ----    ----
   DATA SIZE        =      4    ----
   IDATA SIZE       =   ----    ----
   BIT SIZE         =   ----    ----
END OF MODULE INFORMATION.


C51 COMPILATION COMPLETE.  0 WARNING(S),  0 ERROR(S)
