C51 COMPILER V9.03   PCA1                                                                  11/27/2011 14:30:58 PAGE 1   


C51 COMPILER V9.03, COMPILATION OF MODULE PCA1
OBJECT MODULE PLACED IN PCA1.OBJ
COMPILER INVOKED BY: C:\Keil\C51\BIN\C51.EXE PCA1.C OPTIMIZE(0,SPEED) BROWSE DEBUG OBJECTEXTEND

line level    source

   1          /******* PCA1.C*********PCA溢位計時器範例********
   2          *動作：由PCA計數溢位進行延時，令SPEAK(P10)反相輸出
   3          *硬體：高頻SW2-5(SPK)ON,低頻SW1-4(P1LED)ON
   4          ***********************************************/
   5          #include "..\MPC82.H"   //暫存器及組態定義
   6          //Fosc=22.1184MHz，PCA計數時脈=Fosc/12=1.8432MHz
   7          #define T  14400  //PCA延時時間=(1/1.8432MHz)*14400=7812.5uS
   8          main()         
   9          {
  10   1        PCON2=7; //Fosc=Fosc/128，PCA延時時間=7812.5uS*128=1秒
  11   1        CMOD=0;      //PCA計數時脈來源CPS1-0:00=Fosc/12
  12   1       
  13   1        CR=1;       //啟動PCA計數
  14   1        CF=0;       //清除PCA溢位旗標0    
  15   1        while (1)   //不斷循環執行
  16   1         {
  17   2           SPEAK=!SPEAK;         //SPEAK反相
  18   2           CL= (65536-T) % 256; //將低8-bit計數值存入CL 
  19   2           CH= (65536-T) / 256; //將高8-bit計數值存入CH
  20   2           while(CF==0);        //等待溢位，若CF=0自我循環
  21   2           CF=0;                //若計時溢位CF=1，清除CF=0  
  22   2         }
  23   1      }


MODULE INFORMATION:   STATIC OVERLAYABLE
   CODE SIZE        =     71    ----
   CONSTANT SIZE    =   ----    ----
   XDATA SIZE       =   ----    ----
   PDATA SIZE       =   ----    ----
   DATA SIZE        =      4    ----
   IDATA SIZE       =   ----    ----
   BIT SIZE         =   ----    ----
END OF MODULE INFORMATION.


C51 COMPILATION COMPLETE.  0 WARNING(S),  0 ERROR(S)
