C51 COMPILER V9.03   PCA2                                                                  11/27/2011 14:31:56 PAGE 1   


C51 COMPILER V9.03, COMPILATION OF MODULE PCA2
OBJECT MODULE PLACED IN PCA2.OBJ
COMPILER INVOKED BY: C:\Keil\C51\BIN\C51.EXE PCA2.C OPTIMIZE(0,SPEED) BROWSE DEBUG OBJECTEXTEND

line level    source

   1          /******* PCA2.C*********PCA溢位中斷範例********
   2          *動作：由PCA計數溢位中斷進行延時，令SPEAK(P10)反相輸出
   3          *硬體：高頻SW2-5(SPK)ON,低頻SW1-4(P1LED)ON
   4          ***********************************************/
   5          #include "..\MPC82.H"   //暫存器及組態定義
   6          //Fosc=22.1184MHz，PCA計數時脈=Fosc/12=1.8432MHz
   7          #define T  14400  //PCA延時時間=(1/1.8432MHz)*14400=7812.5uS
   8          main()         
   9          {
  10   1        PCON2=7; //Fosc=Fosc/128，PCA延時時間=7812.5uS*128=1秒
  11   1        CMOD=ECF;       //致能PCA溢位中斷，PCA計數時脈來源=Fosc/12
  12   1       //CMOD=ECF+CPS0; //致能PCA溢位中斷，PCA計數時脈來源=Fosc/2
  13   1      
  14   1        CL= (65536-T) % 256; //將低8-bit計數值存入CL 
  15   1        CH= (65536-T) / 256; //將高8-bit計數值存入CH
  16   1        EA = 1;              //致能所有中斷
  17   1        AUXIE = EPCA;        //致能PCA中斷
  18   1        CR=1;       //啟動PCA計數
  19   1        while(1);   //自我空轉
  20   1      }
  21          /***********************************************************
  22          *函數名稱: PCA中斷函數
  23          *功能描述: 自動令CEX0反相
  24          ************************************************************/
  25          void PCA_Interrupt() interrupt 10
  26          {
  27   1         SPEAK=!SPEAK;         //SPEAK反相
  28   1         CL= (65536-T) % 256; //將低8-bit計數值存入CL 
  29   1         CH= (65536-T) / 256; //將高8-bit計數值存入CH
  30   1         CF=0;          //若計時CF=1，清除PCA溢位旗標CF=0 
  31   1      }


MODULE INFORMATION:   STATIC OVERLAYABLE
   CODE SIZE        =     78    ----
   CONSTANT SIZE    =   ----    ----
   XDATA SIZE       =   ----    ----
   PDATA SIZE       =   ----    ----
   DATA SIZE        =      4    ----
   IDATA SIZE       =   ----    ----
   BIT SIZE         =   ----    ----
END OF MODULE INFORMATION.


C51 COMPILATION COMPLETE.  0 WARNING(S),  0 ERROR(S)
