C51 COMPILER V8.16   OPEN516                                                               02/01/2009 19:12:33 PAGE 1   


C51 COMPILER V8.16, COMPILATION OF MODULE OPEN516
OBJECT MODULE PLACED IN open516.OBJ
COMPILER INVOKED BY: C:\Keil\C51\BIN\C51.EXE open516.C OPTIMIZE(0,SPEED) BROWSE DEBUG OBJECTEXTEND

line level    source

   1          //*********open516.C*****************************
   2          //功能︰禁能MPC82G516所有接腳
   3          //***********************************************
   4          #include "..\MG84.H"   //暫存器及組態設定
   5          main()
   6          {   //令MPC82G516所有接腳為開洩極輸出
   7   1         P0M0=P0M1=P1M0=P1M1=P2M0=P2M1=P3M0=P3M1=P4M0=P4M1=0xFF;
   8   1         P0=P1=P2=P3=P4=0xFF;//令MPC82G516所有接腳輸出1 
   9   1         while(1);
  10   1      }


MODULE INFORMATION:   STATIC OVERLAYABLE
   CODE SIZE        =     93    ----
   CONSTANT SIZE    =   ----    ----
   XDATA SIZE       =   ----    ----
   PDATA SIZE       =   ----    ----
   DATA SIZE        =      4    ----
   IDATA SIZE       =   ----    ----
   BIT SIZE         =   ----    ----
END OF MODULE INFORMATION.


C51 COMPILATION COMPLETE.  0 WARNING(S),  0 ERROR(S)
