C51 COMPILER V8.17   WDT                                                                   09/05/2009 16:47:48 PAGE 1   


C51 COMPILER V8.17, COMPILATION OF MODULE WDT
OBJECT MODULE PLACED IN WDT.OBJ
COMPILER INVOKED BY: C:\Keil\C51\BIN\C51.EXE WDT.C OPTIMIZE(0,SPEED) BROWSE DEBUG OBJECTEXTEND

line level    source

   1          /********** WDT.C ****看門狗計時器*****************************
   2          *動作：使用WDT看門狗計時器，若延時太長，來不及將WDT清除，
   3          *          會令程式不斷重置，無法進行LED遞加輸出
   4          *硬體：SW1-3(P0LED)ON
   5          **************************************************************/
   6          #include "..\MPC82.H"   //暫存器及組態定義
   7                                     //WDT時間=Fosc/12/WDT除頻/32768
   8          #define Div  2 //Div=0~7=WDT除頻2~256倍,若WDT除頻=8倍 
   9          main()             //WDT時間=22118400/12/8/32768=7Hz=142mS
  10          {
  11   1        unsigned char i=0;
  12   1        P0M0=0; P0M1=0xFF; //設定P0為推挽式輸出(M0-1=01)
  13   1        while(1)
  14   1         {
  15   2                WDTCR = ENW+Div; //致能WDT計時，設定WDT除頻 
  16   2                Delay_ms(200);   //延時若超過WDT時間，會不斷的重置 
  17   2                WDTCR=CLRW;      //WDT重新計時
  18   2                LED=~i++;        //LED遞加      
  19   2              }
  20   1      }


MODULE INFORMATION:   STATIC OVERLAYABLE
   CODE SIZE        =     78    ----
   CONSTANT SIZE    =   ----    ----
   XDATA SIZE       =   ----    ----
   PDATA SIZE       =   ----    ----
   DATA SIZE        =      5    ----
   IDATA SIZE       =   ----    ----
   BIT SIZE         =   ----    ----
END OF MODULE INFORMATION.


C51 COMPILATION COMPLETE.  0 WARNING(S),  0 ERROR(S)
