C51 COMPILER V9.56.0.0   7_1                                                               03/13/2020 09:10:07 PAGE 1   


C51 COMPILER V9.56.0.0, COMPILATION OF MODULE 7_1
OBJECT MODULE PLACED IN 7_1.OBJ
COMPILER INVOKED BY: C:\Keil_v51\C51\BIN\C51.EXE 7_1.C OPTIMIZE(0,SPEED) BROWSE DEBUG OBJECTEXTEND TABS(2)

line level    source

   1          /********** 7_1.c ****MODE0串列發射*********
   2          * 動作：以MODE0串列格式，將陣列字元發射出去
   3          ********************************************/
   4          #include "..\MPC82.H"   //暫存器及組態定義
   5          char code TABLE[]={"ABCDEFGHIJKLMNOP"};//陣列字元資料 
   6          main()
   7          {
   8   1         char  i;   //字元計數值
   9   1         //AUXR2=URM0X6;  //鮑率=Fosc/2(軟體模擬無效)
  10   1         SCON=0x00;  /*0000 0000,設定串列埠為模式0
  11   1                         bit7-6:mode=00,串列埠為模式0 */ 
  12   1         for(i=0;i<16;i++)  //字元計數值=0~15
  13   1          {
  14   2           SBUF=TABLE[i]; //陣列內1個字元送到SBUF，開始發射
  15   2           while(TI==0);  //若TI=0表示未發射完畢，再繼續檢查
  16   2           TI=0;           //若TI=1表示已發射完畢，須清除TI=0     
  17   2          }
  18   1         while(1);        //自我空轉
  19   1      }


MODULE INFORMATION:   STATIC OVERLAYABLE
   CODE SIZE        =     94    ----
   CONSTANT SIZE    =     17    ----
   XDATA SIZE       =   ----    ----
   PDATA SIZE       =   ----    ----
   DATA SIZE        =      5    ----
   IDATA SIZE       =   ----    ----
   BIT SIZE         =   ----    ----
END OF MODULE INFORMATION.


C51 COMPILATION COMPLETE.  0 WARNING(S),  0 ERROR(S)
