C51 COMPILER V9.00   UART2                                                                 12/05/2009 10:08:04 PAGE 1   


C51 COMPILER V9.00, COMPILATION OF MODULE UART2
OBJECT MODULE PLACED IN UART2.OBJ
COMPILER INVOKED BY: C:\Keil\C51\BIN\C51.EXE UART2.C BROWSE DEBUG OBJECTEXTEND

line level    source

   1          /**********UART2.c *******MODE1串列接收******************
   2          *動作：個人電腦UART送出字元，由RXD腳接收，在LED顯示，
   3          *      並由TXD腳發射回個人電腦
   4          *硬體：SW1-3(P0LED)、SW3-3(TxD1)及SW3-4(RxD1)ON
   5          *********************************************************/
   6          #include "..\MPC82.H"   //暫存器及組態定義
   7          main()
   8          {
   9   1        UART_init(9600); //設定串列環境及鮑率
  10   1        while(1)      //重覆執行
  11   1        {
  12   2          while(RI==0);//若RI=0表示未接收完畢，再繼續檢查
  13   2          RI=0 ;           //若RI=1表示已接收完畢，令RI=0
  14   2          LED=~SBUF;   //將接收到的字元由LED輸出
  15   2              SBUF=~LED;       //收到的字元發射回到電腦
  16   2              while(TI==0);//若TI=0表示未發射完畢，再繼續檢查
  17   2              TI=0;            //若TI=1表示已發射完畢，令TI=0
  18   2        }
  19   1      }
  20          /***********************************************************
  21          *函數名稱: UART_init
  22          *功能描述: UART啟始程式
  23          *輸入參數：bps
  24          ************************************************************/
  25          void UART_init(unsigned int bps)  //UART啟始程式
  26          {
  27   1         P0M0=0; P0M1=0xFF; //設定P0為推挽式輸出(M0-1=01)
  28   1         SCON = 0x50;     //設定UART串列傳輸為MODE1及致能接收
  29   1         TMOD = 0x20;     //設定TIMER1為MODE2
  30   1         TH1 = 256-(57600/bps);  //設計時器決定串列傳輸鮑率
  31   1         TR1 = 1;          //開始計時
  32   1      }


MODULE INFORMATION:   STATIC OVERLAYABLE
   CODE SIZE        =     90    ----
   CONSTANT SIZE    =   ----    ----
   XDATA SIZE       =   ----    ----
   PDATA SIZE       =   ----    ----
   DATA SIZE        =   ----    ----
   IDATA SIZE       =   ----    ----
   BIT SIZE         =   ----    ----
END OF MODULE INFORMATION.


C51 COMPILATION COMPLETE.  0 WARNING(S),  0 ERROR(S)
