C51 COMPILER V9.56.0.0   UART3                                                             03/13/2020 13:20:14 PAGE 1   


C51 COMPILER V9.56.0.0, COMPILATION OF MODULE UART3
OBJECT MODULE PLACED IN UART3.OBJ
COMPILER INVOKED BY: C:\Keil_v51\C51\BIN\C51.EXE UART3.C OPTIMIZE(8,SPEED) BROWSE DEBUG OBJECTEXTEND TABS(2)

line level    source

   1          /**********UART3.c *******MODE1串列接收******************
   2          *動作：個人電腦UART送出字元，以Timer2設定傳輸速率，
   3          *      由RXD腳接收，在LED顯示，並由TXD腳發射回個人電腦
   4          *硬體：SW1-3(P0LED)、SW3-3(TxD1)及SW3-4(RxD1)ON
   5          *********************************************************/
   6          #include "..\MPC82.H"   //暫存器及組態定義
   7          void Init(void);  //UART啟始程式
   8          main()
   9          {
  10   1         Init(); //設定串列環境及鮑率
  11   1        while(1)  //重覆執行
  12   1        {
  13   2          while(RI==0); //若RI=0表示未接收完畢，再繼續檢查
  14   2          RI=0 ;        //若RI=1表示已接收完畢，令RI=0
  15   2          LED=~SBUF;    //將接收到的字元由LED輸出
  16   2        SBUF=~LED;    //收到的字元發射回到電腦
  17   2        while(TI==0); //若TI=0表示未發射完畢，再繼續檢查
  18   2        TI=0;     //若TI=1表示已發射完畢，令TI=0
  19   2        }
  20   1      }
  21          /***********************************************************
  22          *函數名稱: Init
  23          *功能描述: UART啟始程式
  24          ************************************************************/
  25          void Init(void)  //UART啟始程式
  26          {  P0M0=0; P0M1=0xFF; //設定P0為推挽式輸出(M0-1=01)
  27   1         SCON = 0x50;   //設定UART串列傳輸為MODE1及致能接收
  28   1         RCAP2 = 65464; //設定Timer2決定串列傳輸鮑率為9600-bps
  29   1         RCLK=1;TCLK=1; //設定Timer2產生接收及發射鮑率
  30   1         TR2 = 1;       //開始計時
  31   1      }


MODULE INFORMATION:   STATIC OVERLAYABLE
   CODE SIZE        =     74    ----
   CONSTANT SIZE    =   ----    ----
   XDATA SIZE       =   ----    ----
   PDATA SIZE       =   ----    ----
   DATA SIZE        =   ----    ----
   IDATA SIZE       =   ----    ----
   BIT SIZE         =   ----    ----
END OF MODULE INFORMATION.


C51 COMPILATION COMPLETE.  0 WARNING(S),  0 ERROR(S)
