Intel-8051 Macro Assembler - Version 1.00

      1    0000                           ;
      2    0000                           ;    計時/計數器1工作在模式2的計數器
      3    0000                           ;     每當在T1接腳出現3個脈波,將產生中斷,於是P0依序使bit7~bit4或bit3~bit0為1
      4    0000                           ;
      5    0000                           ;**** 閃爍(1號計數器中斷) c1i ****
      6    0000                           	ORG	00H		;開機的起始位址
      7    0000     02 00 1F              	JMP	MAIN
      8    001B                           	ORG	1BH		;1 號計數器中斷的起始位址
      9    001B     F4                    	CPL	A	
     10    001C     F5 80                 	MOV	P0,A
     11    001E     32                    	RETI			;中斷副程式, 返回
     12    001F     75 89 60              MAIN:	MOV	TMOD,#60H	;設定, 1 號計數器工作於模式2 
     13    0022     75 8D FD              	MOV	TH1,#256-3
     14    0025     75 8B FD              	MOV	TL1,#256-3
     15    0028     D2 AF                 	SETB	EA		;致能, 所有中斷
     16    002A     D2 AB                 	SETB	ET1		;致能, 1 號計數器中斷
     17    002C     D2 8E                 	SETB	TR1		;啟動, 1 號計數器
     18    002E     74 F0                 	MOV	A,#0F0H
     19    0030     F5 80                 	MOV	P0,A
     20    0032     02 00 32              HALT:	JMP	HALT
     21    0035                           	END			;程式結束
