C51 COMPILER V9.56.0.0   IDL1                                                              03/06/2020 15:51:43 PAGE 1   


C51 COMPILER V9.56.0.0, COMPILATION OF MODULE IDL1
OBJECT MODULE PLACED IN IDL1.OBJ
COMPILER INVOKED BY: C:\Keil_v51\C51\BIN\C51.EXE IDL1.C OPTIMIZE(0,SPEED) BROWSE DEBUG OBJECTEXTEND TABS(2)

line level    source

   1          /********************** IDL1.c *******************
   2          *動作：P0遞加超過6會進入省電模式，停止執行，在INT0(P32)
   3          *      腳輸入負緣觸發時，會喚醒閃爍5次後，才回主程式
   4          *硬體：將SW1-3(P0LED)短路，按KEY1(INT0)鍵。
   5          ***********************************************/
   6          #include "..\MPC82.H"   //暫存器及組態定義
   7          main() 
   8          {
   9   1        char i=0;
  10   1        P0M0=0; P0M1=0xFF; //設定P0為推挽式輸出(M0-1=01)
  11   1        EA=1;      //致能整體中斷
  12   1        EX0=1;     //致能外部INT0斷
  13   1        IT0=1;     //設定INT0腳為負緣觸發輸入
  14   1       while(1)  //重覆執行
  15   1       {
  16   2         for(i=0;i<6;i++)
  17   2          {
  18   3            LED=~i; 
  19   3            Delay_ms(1000); //延時
  20   3          }
  21   2         PCON=IDL;    //進入idle省電模式
  22   2         //PCON=PD; //進入power down省電模式
  23   2       }
  24   1      }
  25          //*******INT0中斷函數0，使用暫存器庫1*******
  26          void EX1_int(void) interrupt 0 using 1  
  27          {
  28   1        char i=0;        //定義閃爍計數變數
  29   1        unsigned int dly;
  30   1        for(i=0;i<5;i++) //閃爍計數0~4
  31   1         {
  32   2           LED=0x00; for(dly=0;dly<20000;dly++); 
  33   2           LED=0xff; for(dly=0;dly<20000;dly++); 
  34   2         }
  35   1      }


MODULE INFORMATION:   STATIC OVERLAYABLE
   CODE SIZE        =    182    ----
   CONSTANT SIZE    =   ----    ----
   XDATA SIZE       =   ----    ----
   PDATA SIZE       =   ----    ----
   DATA SIZE        =      8    ----
   IDATA SIZE       =   ----    ----
   BIT SIZE         =   ----    ----
END OF MODULE INFORMATION.


C51 COMPILATION COMPLETE.  0 WARNING(S),  0 ERROR(S)
