C51 COMPILER V9.56.0.0   KBI1                                                              03/06/2020 13:36:00 PAGE 1   


C51 COMPILER V9.56.0.0, COMPILATION OF MODULE KBI1
OBJECT MODULE PLACED IN KBI1.OBJ
COMPILER INVOKED BY: C:\Keil_v51\C51\BIN\C51.EXE KBI1.C OPTIMIZE(0,SPEED) BROWSE DEBUG OBJECTEXTEND TABS(2)

line level    source

   1          /************** KBI1.C *******Keypad中斷實習**********
   2          *動作：LED1遞加，若P21-0其中一個為0，則按鍵中斷成立，清除LED1
   3          *硬體：SW1-4(P1LED)，壓按鍵(0)或(1)，產生按鍵中斷，清除LED1
   4          ****************************************************/
   5          #include "..\MPC82.H"
   6             unsigned char i=0; //定義全域變數
   7          void main()
   8          {
   9   1        EA=1; AUXIE=EKBI;//致能KBI中斷
  10   1        KBMASK = 0x03;   //選擇P21-0有按鍵中斷
  11   1        P2_4=0;          //由按鍵(0)~(3)輸入
  12   1        while(1)
  13   1        {
  14   2          LED1=~i++;     //LED1遞加
  15   2          Delay_ms(100);
  16   2        }
  17   1      }
  18          //***********************************************
  19          void KBI_Interrupt() interrupt 13   //Keypad中斷函數  
  20          { 
  21   1        i=0; 
  22   1        LED1=~i;  //清除LED1      
  23   1        KBCON &= ~KBIF;  //清除按鍵中斷旗標KBIF=0
  24   1      }


MODULE INFORMATION:   STATIC OVERLAYABLE
   CODE SIZE        =     89    ----
   CONSTANT SIZE    =   ----    ----
   XDATA SIZE       =   ----    ----
   PDATA SIZE       =   ----    ----
   DATA SIZE        =      5    ----
   IDATA SIZE       =   ----    ----
   BIT SIZE         =   ----    ----
END OF MODULE INFORMATION.


C51 COMPILATION COMPLETE.  0 WARNING(S),  0 ERROR(S)
