C51 COMPILER V9.56.0.0   KEY1                                                              03/06/2020 14:00:01 PAGE 1   


C51 COMPILER V9.56.0.0, COMPILATION OF MODULE KEY1
OBJECT MODULE PLACED IN KEY1.OBJ
COMPILER INVOKED BY: C:\Keil_v51\C51\BIN\C51.EXE KEY1.C OPTIMIZE(0,SPEED) BROWSE DEBUG OBJECTEXTEND TABS(2)

line level    source

   1          /******** KEY1.C******4*4鍵盤實習範例***************
   2          *動作：ROW0~3掃描輸出,COL0~3按鍵輸入,LED=按鍵資料輸出
   3          *硬體：將SW1-3(P0LED)短路，按S1~S16 
   4          ***********************************************/
   5          #include "..\MPC82.H"   //暫存器及組態定義
   6          void dataout(char keyout);//按鍵資料輸出
   7          void main()
   8          {
   9   1        P0M0=0; P0M1=0xFF; //設定P0為推挽式輸出(M0-1=01)
  10   1        LED=0xFF;      //LED暗
  11   1        while(1)   //重覆執行
  12   1        {
  13   2         ROW=0xFF;
  14   2         ROW0=ROW1=ROW2=ROW3=1;ROW0=0; //僅掃描輸出ROW0=0
  15   2         if(COL0==0) dataout(0);//若檢查COL0=0，按鍵資料輸出=0
  16   2         if(COL1==0) dataout(1);//若檢查COL1=0，按鍵資料輸出=1
  17   2         if(COL2==0) dataout(2);//若檢查COL2=0，按鍵資料輸出=2
  18   2         if(COL3==0) dataout(3);//若檢查COL3=0，按鍵資料輸出=3
  19   2             
  20   2         ROW0=ROW1=ROW2=ROW3=1;ROW1=0; //僅掃描輸出ROW1=0
  21   2         if(COL0==0) dataout(4);//若檢查COL0=0，按鍵資料輸出=4
  22   2         if(COL1==0) dataout(5);//若檢查COL1=0，按鍵資料輸出=5
  23   2         if(COL2==0) dataout(6);//若檢查COL2=0，按鍵資料輸出=6
  24   2         if(COL3==0) dataout(7);//若檢查COL3=0，按鍵資料輸出=7
  25   2             
  26   2         ROW0=ROW1=ROW2=ROW3=1;ROW2=0;   //僅掃描輸出ROW2=0
  27   2         if(COL0==0) dataout(8);  //若檢查COL0=0，按鍵資料輸出=8
  28   2         if(COL1==0) dataout(9);  //若檢查COL1=0，按鍵資料輸出=9
  29   2         if(COL2==0) dataout(0xA);//若檢查COL2=0，按鍵資料輸出=A
  30   2         if(COL3==0) dataout(0xB);//若檢查COL3=0，按鍵資料輸出=B
  31   2            
  32   2         ROW0=ROW1=ROW2=ROW3=1;ROW3=0;  //僅掃描輸出ROW3=0
  33   2         if(COL0==0) dataout(0xC);//若檢查COL0=0，按鍵資料輸出=C
  34   2         if(COL1==0) dataout(0xD);//若檢查COL1=0，按鍵資料輸出=D
  35   2         if(COL2==0) dataout(0xE);//若檢查COL2=0，按鍵資料輸出=E
  36   2         if(COL3==0) dataout(0xF);//若檢查COL3=0，按鍵資料輸出=F
  37   2        }
  38   1      }
  39          /***********************************************************
  40          *函數名稱: dataout
  41          *功能描述: 按鍵輸出資料送到LED顯示數字，檢查是否放開按鍵
  42          *輸入參數：keyout
  43          ************************************************************/
  44          void dataout(char keyout)
  45          {
  46   1        LED=~keyout;    //按鍵資料由LED輸出
  47   1        Delay_ms(1);    //延時
  48   1        while(!(COL0 & COL1 & COL2 & COL3));//若COL0~3≠1111未放開按鍵
  49   1        Delay_ms(1);    //延時
  50   1      }


MODULE INFORMATION:   STATIC OVERLAYABLE
   CODE SIZE        =    264    ----
   CONSTANT SIZE    =   ----    ----
C51 COMPILER V9.56.0.0   KEY1                                                              03/06/2020 14:00:01 PAGE 2   

   XDATA SIZE       =   ----    ----
   PDATA SIZE       =   ----    ----
   DATA SIZE        =      5    ----
   IDATA SIZE       =   ----    ----
   BIT SIZE         =   ----    ----
END OF MODULE INFORMATION.


C51 COMPILATION COMPLETE.  0 WARNING(S),  0 ERROR(S)
