C51 COMPILER V9.56.0.0   6_6                                                               03/11/2020 09:53:34 PAGE 1   


C51 COMPILER V9.56.0.0, COMPILATION OF MODULE 6_6
OBJECT MODULE PLACED IN 6_6.OBJ
COMPILER INVOKED BY: C:\Keil_v51\C51\BIN\C51.EXE 6_6.C OPTIMIZE(0,SPEED) BROWSE DEBUG OBJECTEXTEND TABS(2)

line level    source

   1          /********** 6_6.c ***************************
   2          *動作：以Timer0計時中斷mode1、定時令啦喇反相輸出
   3          *硬體：高頻SW2-5(SPK)ON,低頻SW1-4(P1LED)ON
   4          **********************************************/
   5          #include "..\MPC82.H"   //暫存器及組態定義
   6                            //Fosc=22.1184MHz，Timer時脈=Fosc/12=1.8432MHz
   7          #define T  57600  //Timer延時時間=(1/1.8432MHz)*57600=31250uS
   8          main()         
   9          {
  10   1        P0M0=0; P0M1=0xFF; //設定P0為推挽式輸出(M0-1=01)
  11   1        PCON2=5; //Fosc=Fosc/32，時間=31250uS*32=1秒(軟體模擬無效) 
  12   1        TMOD = 0x01; /*0000 0001，設定Timer0為mode1內部計時
  13   1                       bit3:GATE=0,不使用外部INT0接腳
  14   1                     bit2:C/T0=0,內部計時 
  15   1                 bit1-0:MODE=01,使用模式1工作*/
  16   1        TL0=65536-T; TH0=(65536-T)>>8; //設定Timer0計數值
  17   1        EA=1;ET0=1;    //致能Timer0中斷
  18   1        TR0=1;         //啟動Timer0開始計時
  19   1        while(1) PCON=IDL;      //自我空轉，表示此時可作其它事情
  20   1      }
  21          /************************************************************/
  22          void T0_int(void) interrupt 1  //Timer0中斷函數
  23            {
  24   1          TL0=65536-T; TH0=(65536-T)>>8; //重新設定Timer0計數值
  25   1        SPEAK = !SPEAK;       //喇叭反相輸出
  26   1        }


MODULE INFORMATION:   STATIC OVERLAYABLE
   CODE SIZE        =     84    ----
   CONSTANT SIZE    =   ----    ----
   XDATA SIZE       =   ----    ----
   PDATA SIZE       =   ----    ----
   DATA SIZE        =      4    ----
   IDATA SIZE       =   ----    ----
   BIT SIZE         =   ----    ----
END OF MODULE INFORMATION.


C51 COMPILATION COMPLETE.  0 WARNING(S),  0 ERROR(S)
