C51 COMPILER V9.56.0.0   TIMER2_6                                                          03/11/2020 14:05:50 PAGE 1   


C51 COMPILER V9.56.0.0, COMPILATION OF MODULE TIMER2_6
OBJECT MODULE PLACED IN Timer2_6.OBJ
COMPILER INVOKED BY: C:\Keil_v51\C51\BIN\C51.EXE Timer2_6.C OPTIMIZE(0,SPEED) BROWSE DEBUG OBJECTEXTEND TABS(2)

line level    source

   1          /********** Timer2_6.C ****************************
   2          *動作：令Timer2由T2CKO(P10)輸出方波
   3          *硬體：高頻SW2-5(SPK)ON,低頻SW1-4(P1LED)ON
   4          **********************************************/
   5          #include "..\MPC82.H"  //暫存器及組態定義
   6                          //T2CKO頻率=Fosc/4/(65536-T2)
   7          #define T 43200 //T2CKO頻率=22118400/4/43200=128Hz          
   8          main()          
   9          {
  10   1        PCON2=7;  //Fosc=Fosc/128，T2CKO頻率=128Hz/128=1Hz
  11   1        T2CON=0x00; /* 0000 0000，設定為內部計時，溢位重新載入
  12   1                       bit3:EXEN2=0,不使用外部T2EX接腳
  13   1                 bit1:C/T2=0,內部計時 */
  14   1        RCAP2=T2R=65536-T; //設定Timer2及重新載入時間
  15   1        TR2=1;        //啟動Timer2開始計時
  16   1        T2MOD=T2CKOE; //致能T2CKO(P10)輸出方波
  17   1        while (1);    //自我空轉，表示此時可作其它事情
  18   1      }   


MODULE INFORMATION:   STATIC OVERLAYABLE
   CODE SIZE        =     71    ----
   CONSTANT SIZE    =   ----    ----
   XDATA SIZE       =   ----    ----
   PDATA SIZE       =   ----    ----
   DATA SIZE        =      4    ----
   IDATA SIZE       =   ----    ----
   BIT SIZE         =   ----    ----
END OF MODULE INFORMATION.


C51 COMPILATION COMPLETE.  0 WARNING(S),  0 ERROR(S)
