C51 COMPILER V9.00   TIMER2_3                                                              12/11/2009 11:32:42 PAGE 1   


C51 COMPILER V9.00, COMPILATION OF MODULE TIMER2_3
OBJECT MODULE PLACED IN Timer2_3.OBJ
COMPILER INVOKED BY: C:\Keil\C51\BIN\C51.EXE Timer2_3.C OPTIMIZE(0,SPEED) BROWSE DEBUG OBJECTEXTEND

line level    source

   1           /********** Timer2_3.c ******************************
   2          *動作：若是計時溢位令LED0遞加，並重新載入
   3          *      若是T2EX(P11)腳輸入負緣觸發，令P12反相，強迫重新載入
   4          *硬體：P32連接P11(T2EX)腳，高頻SW2-5(SPK)或SW2-6(SPK)ON，
   5          *      低頻SW1-4(P1LED)ON，按KEY1(P32)，產生T2EX腳輸入負緣觸發
   6          ***********************************************/
   7          #include "..\MPC82.H"   //暫存器及組態定義
   8                         //Fosc=22.1184MHz，Timer時脈=Fosc/12=1.8432MHz
   9          #define T  57600  //Timer延時時間=(1/1.8432MHz)*57600=31250uS
  10          main()         
  11          {
  12   1        unsigned char i=0;
  13   1        PCON2=5; //Fosc=Fosc/32，時間=31250uS*32=1秒(軟體模擬無效) 
  14   1        P1=0xFF;
  15   1        T2CON=0x08;/* 0000 1000，由T2EX腳輸入負緣觸發會重新載入
  16   1                      bit3:EXEN2=1,致能外部T2EX接腳
  17   1                                  bit1:C/T2=0,內部計時 
  18   1                                  bit0:CP/RL2=0,重新載入*/
  19   1       RCAP2=T2R=65536-T; //設定Timer2及重新載入時間
  20   1       TR2=1;
  21   1       while (1)    //不斷循環執行
  22   1        {
  23   2          if(TF2==1)   //若是計時溢位LED0遞加，並重新載入
  24   2           {
  25   3             LED=~i++;   //LED0遞加
  26   3             TF2=0;    //清除TF2=0
  27   3           }  
  28   2          if(EXF2==1) /*若是T2EX腳輸入負緣觸發令P01反相，強迫重新載入*/
  29   2           {
  30   3             P1_2=!P1_2; //P12反相
  31   3             EXF2=0;     //清除EXF2=0 
  32   3           }  
  33   2         }
  34   1      }


MODULE INFORMATION:   STATIC OVERLAYABLE
   CODE SIZE        =     94    ----
   CONSTANT SIZE    =   ----    ----
   XDATA SIZE       =   ----    ----
   PDATA SIZE       =   ----    ----
   DATA SIZE        =      5    ----
   IDATA SIZE       =   ----    ----
   BIT SIZE         =   ----    ----
END OF MODULE INFORMATION.


C51 COMPILATION COMPLETE.  0 WARNING(S),  0 ERROR(S)
