C51 COMPILER V9.56.0.0   4_1                                                               03/06/2020 09:18:09 PAGE 1   


C51 COMPILER V9.56.0.0, COMPILATION OF MODULE 4_1
OBJECT MODULE PLACED IN 4_1.OBJ
COMPILER INVOKED BY: C:\Keil_v51\C51\BIN\C51.EXE 4_1.C OPTIMIZE(0,SPEED) BROWSE DEBUG OBJECTEXTEND TABS(2)

line level    source

   1          /********** 4_1.c *****************************
   2          *動作：喇叭(SPEAK)輸出嗶嗶聲
   3          *硬體：SW2-5(SPK)ON
   4          ***********************************************/
   5          #include "..\MPC82.H"   //暫存器及組態定義
   6          #define F     600 //定義音頻常數
   7          #define T     600 //定義音長常數
   8          #define STOP  1000  //定義停止時間常數
   9          
  10          main() 
  11          {
  12   1        unsigned int i,dly;
  13   1        P1M0=0; P1M1=0x01; //設定P10(SPK)為推挽式輸出(M0-1=01)
  14   1        while(1)
  15   1        {
  16   2        for(i=0;i<T;i++) //輸出反相次數，決定音長
  17   2           {
  18   3            SPEAK=!SPEAK; //SPEAK反相,令喇叭發出聲音
  19   3          dly=F; while(dly--);  //音頻延時
  20   3           }
  21   2        SPEAK=0; Delay_ms(STOP); //喇叭停止，間隔時間
  22   2        }
  23   1      }


MODULE INFORMATION:   STATIC OVERLAYABLE
   CODE SIZE        =    113    ----
   CONSTANT SIZE    =   ----    ----
   XDATA SIZE       =   ----    ----
   PDATA SIZE       =   ----    ----
   DATA SIZE        =      8    ----
   IDATA SIZE       =   ----    ----
   BIT SIZE         =   ----    ----
END OF MODULE INFORMATION.


C51 COMPILATION COMPLETE.  0 WARNING(S),  0 ERROR(S)
