C51 COMPILER V9.56.0.0   4_4A                                                              02/27/2020 11:36:27 PAGE 1   


C51 COMPILER V9.56.0.0, COMPILATION OF MODULE 4_4A
OBJECT MODULE PLACED IN 4_4A.OBJ
COMPILER INVOKED BY: C:\Keil_v51\C51\BIN\C51.EXE 4_4A.C OPTIMIZE(0,SPEED) BROWSE DEBUG OBJECTEXTEND TABS(2)

line level    source

   1          /********** 4_4A.C ****************************
   2          *動作：由KEY1按鍵開關輸入，令LED遞加輸出
   3          *硬體：SW1-3(P0LED)ON, 按KEY1 
   4          ***********************************************/
   5          #include "..\MPC82.H"   //暫存器及組態定義 
   6          main() 
   7          {
   8   1         unsigned char i=0;
   9   1         P0M0=0; P0M1=0xFF; //設定P0為推挽式輸出(M0-1=01)
  10   1         while(1) //重覆執行 
  11   1         {
  12   2        LED=~i++;   //LED遞加
  13   2        while(KEY1==1); //若未按鍵，KEY1=1空轉
  14   2          Delay_ms(1);
  15   2        while(KEY1==0); //若未放鍵，KEY1=0空轉
  16   2          Delay_ms(1);
  17   2       
  18   2         }
  19   1      } 


MODULE INFORMATION:   STATIC OVERLAYABLE
   CODE SIZE        =     85    ----
   CONSTANT SIZE    =   ----    ----
   XDATA SIZE       =   ----    ----
   PDATA SIZE       =   ----    ----
   DATA SIZE        =      5    ----
   IDATA SIZE       =   ----    ----
   BIT SIZE         =   ----    ----
END OF MODULE INFORMATION.


C51 COMPILATION COMPLETE.  0 WARNING(S),  0 ERROR(S)
