C51 COMPILER V9.05   4_5                                                                   11/08/2011 19:26:47 PAGE 1   


C51 COMPILER V9.05, COMPILATION OF MODULE 4_5
OBJECT MODULE PLACED IN 4_5.OBJ
COMPILER INVOKED BY: C:\Keil\C51\BIN\C51.EXE 4_5.C OPTIMIZE(0,SPEED) BROWSE DEBUG OBJECTEXTEND

line level    source

   1          /********** 4_5.C ****************************
   2          *動作：每按一次按鍵，控制LED遞加輸出或停止
   3          *硬體：SW1-3(P0LED)ON, 按KEY1 
   4          ***********************************************/
   5          #include "..\MPC82.H"   //暫存器及組態定義
   6          bit flag=1;    //設定bit變數 
   7           
   8          main() 
   9          {
  10   1        unsigned char i=0;
  11   1        P0M0=0; P0M1=0xFF; //設定P0為推挽式輸出(M0-1=01)
  12   1        while(1)       //重覆執行 
  13   1         {                 //若flag=0，直接跳到此處
  14   2           if(KEY1==0)      //若有按鍵，flag反相
  15   2                {
  16   3                 Delay_ms(1); //延時，防止機械彈跳       
  17   3                 flag=!flag;    //flag反相
  18   3                 while(KEY1==0); //若未放開鍵，空轉 
  19   3                 Delay_ms(1); //延時，防止機械彈跳
  20   3                }
  21   2               if(flag==0) continue;//若flag=0，直接跳到迴圈最前面
  22   2               LED=~i++;                  //若flag=1,LED遞加輸出
  23   2               Delay_ms(100); //延時             
  24   2         }
  25   1      }


MODULE INFORMATION:   STATIC OVERLAYABLE
   CODE SIZE        =     97    ----
   CONSTANT SIZE    =   ----    ----
   XDATA SIZE       =   ----    ----
   PDATA SIZE       =   ----    ----
   DATA SIZE        =      5    ----
   IDATA SIZE       =   ----    ----
   BIT SIZE         =      1    ----
END OF MODULE INFORMATION.


C51 COMPILATION COMPLETE.  0 WARNING(S),  0 ERROR(S)
