C51 COMPILER V9.05   4_5B                                                                  11/08/2011 19:49:55 PAGE 1   


C51 COMPILER V9.05, COMPILATION OF MODULE 4_5B
OBJECT MODULE PLACED IN 4_5B.OBJ
COMPILER INVOKED BY: C:\Keil\C51\BIN\C51.EXE 4_5B.C OPTIMIZE(0,SPEED) BROWSE DEBUG OBJECTEXTEND

line level    source

   1          /********** 4_5B.C ****************************
   2          *動作：每按一次按鍵，令LED有四種變化
   3          *硬體：SW1-3(P0LED)ON, 按KEY1 
   4          ***********************************************/
   5          #include "..\MPC82.H"   //暫存器及組態定義
   6          char flag=0;    //設定變數 
   7           
   8          main() 
   9          {
  10   1        P0M0=0; P0M1=0xFF; //設定P0為推挽式輸出(M0-1=01)
  11   1        while(1)       //重覆執行 
  12   1         {                 //若flag=0，直接跳到此處
  13   2           if(KEY1==0)      //若有按鍵，flag反相
  14   2                {
  15   3              Delay_ms(1); //延時，防止機械彈跳          
  16   3              flag++; if(flag>3) flag=0;   
  17   3                  while(KEY1==0); //若未放開鍵，空轉 
  18   3                }
  19   2               if(flag==0) LED--;
  20   2               if(flag==1) LED++;
  21   2               if(flag==2) LED=0;
  22   2               if(flag==3) LED=0xFF;
  23   2               Delay_ms(100); //延時             
  24   2         }
  25   1      }


MODULE INFORMATION:   STATIC OVERLAYABLE
   CODE SIZE        =    117    ----
   CONSTANT SIZE    =   ----    ----
   XDATA SIZE       =   ----    ----
   PDATA SIZE       =   ----    ----
   DATA SIZE        =      5    ----
   IDATA SIZE       =   ----    ----
   BIT SIZE         =   ----    ----
END OF MODULE INFORMATION.


C51 COMPILATION COMPLETE.  0 WARNING(S),  0 ERROR(S)
