C51 COMPILER V9.56.0.0   DOT1                                                              03/04/2020 09:22:28 PAGE 1   


C51 COMPILER V9.56.0.0, COMPILATION OF MODULE DOT1
OBJECT MODULE PLACED IN DOT1.OBJ
COMPILER INVOKED BY: C:\Keil_v51\C51\BIN\C51.EXE DOT1.C OPTIMIZE(0,SPEED) BROWSE DEBUG OBJECTEXTEND TABS(2)

line level    source

   1          /***** DOT1.c ******8*8點矩陣固定字型範例*****
   2          *動作：8*8點矩陣LED由右到左掃瞄輸出
   3          *接線：Scan低電位掃描輸出，由Data低電位輸出資料
   4          *硬體：SW1-2(LED8X8)ON
   5          ************************************************/
   6          #include "..\MPC82.H"   //暫存器及組態定義
   7          main() 
   8          { 
   9   1        P0M0=0; P0M1=0xFF; //設定P0為推挽式輸出(M0-1=01)
  10   1        Scan=0x7F;       //由com1開始掃瞄輸出  
  11   1        while(1)      
  12   1        {
  13   2           Data=Scan;         //整行全亮
  14   2           Delay_ms(1);    //延時
  15   2          
  16   2          //Data=0xff;
  17   2           Scan=RR8(Scan); //換掃瞄下一行
  18   2           Delay_ms(1);    //延時
  19   2          
  20   2        } 
  21   1      } 


MODULE INFORMATION:   STATIC OVERLAYABLE
   CODE SIZE        =     88    ----
   CONSTANT SIZE    =   ----    ----
   XDATA SIZE       =   ----    ----
   PDATA SIZE       =   ----    ----
   DATA SIZE        =      4    ----
   IDATA SIZE       =   ----    ----
   BIT SIZE         =   ----    ----
END OF MODULE INFORMATION.


C51 COMPILATION COMPLETE.  0 WARNING(S),  0 ERROR(S)
