C51 COMPILER V9.56.0.0   DOT2A                                                             03/04/2020 09:44:19 PAGE 1   


C51 COMPILER V9.56.0.0, COMPILATION OF MODULE DOT2A
OBJECT MODULE PLACED IN DOT2A.OBJ
COMPILER INVOKED BY: C:\Keil_v51\C51\BIN\C51.EXE DOT2A.C OPTIMIZE(0,SPEED) BROWSE DEBUG OBJECTEXTEND TABS(2)

line level    source

   1          /***** DOT2A.c ******8*8點矩陣固定字型範例*****
   2          *動作：輸出陣列字型資料，顯示上下鏡射的字型
   3          *接線：Scan低電位掃描輸出，由Data低電位輸出資料
   4          *硬體：SW1-2(LED8X8)ON
   5          ************************************************/
   6          #include "..\MPC82.H"   //暫存器及組態定義
   7          #include "font.h"  //字型資料檔
   8          main() 
   9          { 
  10   1        unsigned char  i,j; //定義陣列資料計數
  11   1        Scan=0x7F;       //由com1開始掃瞄輸出  
  12   1        while(1)      
  13   1        {
  14   2          for(i=0;i<8;i++)   //讀取8筆資料掃瞄8次
  15   2           {
  16   3             j=font[i];   //將字型陣列資料讀出，放入位元定址區 j 中
  17   3             P0_0 = j & 0x80; //P0_0<--j(7)     
  18   3             P0_1 = j & 0x40; //P0_1<--j(6)
  19   3             P0_2 = j & 0x20; //P0_2<--j(5)
  20   3             P0_3 = j & 0x10; //P0_3<--j(4)
  21   3             P0_4 = j & 0x08; //P0_4<--j(3)
  22   3             P0_5 = j & 0x04; //P0_5<--j(2)
  23   3             P0_6 = j & 0x02; //P0_6<--j(1)
  24   3             P0_7 = j & 0x01; //P0_7<--j(0)       
  25   3             Delay_ms(1);    //延時
  26   3             Data=0xFF;      //全暗        
  27   3             Scan=RR8(Scan); //換掃瞄下一行
  28   3         } 
  29   2        }
  30   1      } 


MODULE INFORMATION:   STATIC OVERLAYABLE
   CODE SIZE        =    145    ----
   CONSTANT SIZE    =      8    ----
   XDATA SIZE       =   ----    ----
   PDATA SIZE       =   ----    ----
   DATA SIZE        =      6    ----
   IDATA SIZE       =   ----    ----
   BIT SIZE         =   ----    ----
END OF MODULE INFORMATION.


C51 COMPILATION COMPLETE.  0 WARNING(S),  0 ERROR(S)
