C51 COMPILER V9.56.0.0   DOT4                                                              03/11/2020 16:21:15 PAGE 1   


C51 COMPILER V9.56.0.0, COMPILATION OF MODULE DOT4
OBJECT MODULE PLACED IN DOT4.OBJ
COMPILER INVOKED BY: C:\Keil_v51\C51\BIN\C51.EXE DOT4.C OPTIMIZE(0,SPEED) BROWSE DEBUG OBJECTEXTEND TABS(2)

line level    source

   1          /******* DOT4.C *****點矩陣顯示器切換字型************
   2          *動作：顯示切換字型
   3          *接線：Scan低電位掃描輸出，由Data低電位輸出資料
   4          *硬體：SW1-2(LED8X8)ON
   5          ************************************************/
   6          #include "..\MPC82.H"   //暫存器及組態定義
   7          #include "font4.h"  //字型ABCD資料檔
   8          main() 
   9          { 
  10   1        unsigned char i;      //定義陣列資料計數
  11   1        unsigned char repeat; //定義重覆掃描次數  
  12   1        unsigned char j=0;    //定義陣列啟始計數
  13   1        P0M0=0; P0M1=0xFF; //設定P0為推挽式輸出(M0-1=01)  
  14   1        Scan=0x7F;            //由com1開始掃瞄輸出  
  15   1        while(1)
  16   1         {
  17   2          j=0;
  18   2          while(j<8*4)        //設定顯示4個字
  19   2           {
  20   3             for(repeat=0;repeat<200;repeat++) //重覆掃瞄次數
  21   3              {
  22   4                for(i=j;i<j+8;i++) //讀取8筆資料掃瞄8次
  23   4                 {
  24   5                   Data=font4[i]; //讀取陣列資料
  25   5                   Delay_ms(1);    //延時
  26   5              Data=0xFF;     //全暗    
  27   5                   Scan=RR8(Scan); //換掃瞄下一行
  28   5                 }        
  29   4              } 
  30   3             j=j+8; //換下一個字  
  31   3           }  
  32   2         }
  33   1      }


MODULE INFORMATION:   STATIC OVERLAYABLE
   CODE SIZE        =    162    ----
   CONSTANT SIZE    =     32    ----
   XDATA SIZE       =   ----    ----
   PDATA SIZE       =   ----    ----
   DATA SIZE        =      7    ----
   IDATA SIZE       =   ----    ----
   BIT SIZE         =   ----    ----
END OF MODULE INFORMATION.


C51 COMPILATION COMPLETE.  0 WARNING(S),  0 ERROR(S)
