C51 COMPILER V8.16   DOT7                                                                  02/12/2009 16:05:55 PAGE 1   


C51 COMPILER V8.16, COMPILATION OF MODULE DOT7
OBJECT MODULE PLACED IN DOT7.OBJ
COMPILER INVOKED BY: C:\Keil\C51\BIN\C51.EXE DOT7.C OPTIMIZE(0,SPEED) BROWSE DEBUG OBJECTEXTEND

line level    source

   1          /***** DOT7.c ****點矩陣顯示器布簾下拉字型**************
   2          *動作：顯示布簾下移位字型
   3          *接線：Scan低電位掃描輸出，由Data低電位輸出資料
   4          *硬體：SW1-2(LED8X8)ON
   5          **********************************************************/
   6          #include "..\MPC82.H"   //暫存器及組態定義
   7          #include "font.h"  //字型A資料檔
   8          main() 
   9          { 
  10   1        unsigned char i;      //定義陣列資料計數
  11   1        unsigned int repeat; //定義重覆掃描次數                
  12   1        unsigned char mask;   //定義遮蔽資料 
  13   1      
  14   1        Scan=0x7F;   //由com1開始掃瞄 
  15   1        mask=0xFF;   //全部遮蔽  
  16   1        while(1)
  17   1        {
  18   2         mask=mask >> 1;//減少要遮蔽部份
  19   2              for(repeat=0;repeat<100;repeat++) //重覆掃瞄次數
  20   2           {                               
  21   3             for(i=0;i<8;i++)  //讀取8筆資料掃瞄8次
  22   3             {
  23   4              Data=font[i] | mask;//讀取陣列資料，並遮蔽輸出
  24   4              Delay_ms(1);   //延時
  25   4              Data=0xff;     //全暗
  26   4                  Scan=RR8(Scan);//換掃瞄下一行
  27   4             }
  28   3          }
  29   2         if(mask==0) mask=0xFF;    //全部遮蔽
  30   2      
  31   2        } 
  32   1      }


MODULE INFORMATION:   STATIC OVERLAYABLE
   CODE SIZE        =    145    ----
   CONSTANT SIZE    =      8    ----
   XDATA SIZE       =   ----    ----
   PDATA SIZE       =   ----    ----
   DATA SIZE        =      8    ----
   IDATA SIZE       =   ----    ----
   BIT SIZE         =   ----    ----
END OF MODULE INFORMATION.


C51 COMPILATION COMPLETE.  0 WARNING(S),  0 ERROR(S)
