C51 COMPILER V9.56.0.0   LCD2                                                              03/04/2020 14:45:59 PAGE 1   


C51 COMPILER V9.56.0.0, COMPILATION OF MODULE LCD2
OBJECT MODULE PLACED IN LCD2.OBJ
COMPILER INVOKED BY: C:\Keil_v51\C51\BIN\C51.EXE LCD2.C OPTIMIZE(0,SPEED) BROWSE DEBUG OBJECTEXTEND TABS(2)

line level    source

   1          /************** LCD2.C *****************************
   2          *動作：在LCD顯示"COUNT="，再重覆顯示00000~65535
   3          ***********************************************/
   4          #include "..\MPC82.H"   //暫存器及組態定義
   5          char code  Table[]="COUNT="; //第一行陣列字元
   6          void LCD_Disp(unsigned int disp); // LCD 十進制5位數顯示
   7          
   8          void main(void)
   9          {
  10   1         unsigned int count=65530; //顯示計數十進制初值
  11   1         char i;        //陣列資料計數
  12   1         LCD_init();        //重置及清除LCD    
  13   1         LCD_Cmd(0x80);     //游標由第一行開始顯示  
  14   1         for(i=0; i<6; i++) //讀取陣列"COUNT= "字元到LCD顯示出來 
  15   1            LCD_Data(Table[i]);   
  16   1         while(1)         //重覆執行
  17   1         {
  18   2           LCD_Cmd(0x86);    //游標由第一行第6字開始顯示  
  19   2           LCD_Disp(count++);//顯示5位數十進制計數及計數遞加
  20   2           Delay_ms(300);
  21   2         }
  22   1       }
  23          /********************************************************
  24          *函數名稱: LCD_Disp(unsigned int disp)
  25          *功能描述: LCD顯示5位數十進制數字
  26          *輸入參數：disp
  27          *******************************************************/
  28          void LCD_Disp(unsigned int disp)  // LCD 十進制5位數顯示
  29          {
  30   1       if(disp>9999) LCD_Data(disp /10000+'0');      //顯示萬位數
  31   1       if(disp>999)  LCD_Data(disp % 10000/1000+'0');//顯示千位數
  32   1       if(disp>99)   LCD_Data(disp % 1000/100+'0');  //顯示百位數
  33   1       if(disp>9)    LCD_Data(disp % 100/10+'0');    //顯示十位數
  34   1                     LCD_Data(disp % 10+'0');        //顯示個位數
  35   1        
  36   1        LCD_Data(' ');
  37   1        LCD_Data(' ');
  38   1        LCD_Data(' ');
  39   1        LCD_Data(' ');
  40   1        LCD_Data(' ');
  41   1      } 
  42          /***********************************************************
  43          *函數名稱: LCD_Data
  44          *功能描述: 傳送資料到文字型LCD
  45          *輸入參數：dat
  46          ************************************************************/
  47          void LCD_Data(unsigned char dat)  //傳送資料到LCD
  48          {
  49   1          unsigned char dly=2;
  50   1        Data=dat;      //資料送到BUS
  51   1          RS=1;RW=0;EN=1;//資料寫入到LCD內
  52   1          while(dly--);
  53   1        EN=0;          //禁能LCD 
  54   1        LCD_wait();    //LCD等待寫入完成  
  55   1      }
C51 COMPILER V9.56.0.0   LCD2                                                              03/04/2020 14:45:59 PAGE 2   

  56          /***************************************************************
  57          *函數名稱: LCD_Cmd
  58          *功能描述: 傳送命令到文字型LCD
  59          *輸入參數：Cmd
  60          ************************************************************/
  61          void LCD_Cmd(unsigned char Cmd) //傳送命令到LCD
  62          {
  63   1          unsigned char dly=2;
  64   1        Data=Cmd;       //命令送到BUS
  65   1          RS=0;RW=0;EN=1; //命令寫入到LCD內
  66   1          while(dly--);
  67   1          EN=0;           //禁能LCD
  68   1        LCD_wait(); //LCD等待寫入完成 
  69   1      }
  70          /***************************************************************
  71          *函數名稱: LCD_Cmd
  72          *功能描述: 傳送命令到文字型LCD
  73          *輸入參數：Cmd
  74          ************************************************************/
  75          void LCD_Cmd_Init(unsigned char Cmd) //傳送命令到LCD
  76          {
  77   1        Data=Cmd;       //命令送到BUS
  78   1          RS=0;RW=0;EN=1; //命令寫入到LCD內
  79   1          Delay_ms(1);
  80   1          EN=0;           //禁能LCD
  81   1          Delay_ms(1);
  82   1      }
  83          /***************************************************************
  84          *函數名稱: LCD_init
  85          *功能描述: 啟始化文字型LCD
  86          *****************************************************************/
  87          void LCD_init(void)    //LCD的啟始程式  
  88          {
  89   1          LCD_Cmd_Init(0x38);//0011 1000,8bit傳輸,顯示2行,5*7字型
  90   1          LCD_Cmd_Init(0x38);//bit4:DL=1,8bit傳輸,
  91   1          LCD_Cmd_Init(0x38);//bit3:N=1,顯示2行
  92   1                             //bit2:F=0,5*7字型    
  93   1          LCD_Cmd_Init(0x0c);/*0000 1100,顯示幕ON,不顯示游標,游標不閃爍
  94   1                          bit2:D=1,顯示幕ON
  95   1                          bit1:C=0,不顯示游標
  96   1                        bit0:B=0,游標不閃爍*/
  97   1          LCD_Cmd_Init(0x06);/*0000 0110,//顯示完游標右移,游標移位禁能 
  98   1                          bit1:I/D=1,顯示完游標右移,
  99   1                          bit0:S=0,游標移位禁能*/  
 100   1          LCD_Cmd_Init(0x01); //清除顯示幕  
 101   1          LCD_Cmd_Init(0x02); //游標回原位  
 102   1      }
 103          /**************************************************
 104          *函數名稱: LCD_wait
 105          *功能描述: LCD等待忙碌旗標BF
 106          ****************************************************/
 107          void LCD_wait(void)
 108          {
 109   1        unsigned char status;  //定義LCD讀取狀態
 110   1        Data=0xff; //P0設定為輸入埠
 111   1        do
 112   1        {
 113   2          RS=0;RW=1;EN=1;//讀取命令
 114   2          status= Data; //輸入LCD的命令
 115   2          EN=0;     //禁能LCD
 116   2        }
 117   1        while(status & 0x80); //等待忙碌旗標BF=0
C51 COMPILER V9.56.0.0   LCD2                                                              03/04/2020 14:45:59 PAGE 3   

 118   1      }


MODULE INFORMATION:   STATIC OVERLAYABLE
   CODE SIZE        =    471    ----
   CONSTANT SIZE    =      7    ----
   XDATA SIZE       =   ----    ----
   PDATA SIZE       =   ----    ----
   DATA SIZE        =     15    ----
   IDATA SIZE       =   ----    ----
   BIT SIZE         =   ----    ----
END OF MODULE INFORMATION.


C51 COMPILATION COMPLETE.  0 WARNING(S),  0 ERROR(S)
