C51 COMPILER V9.05   STEP1                                                                 11/08/2011 21:11:05 PAGE 1   


C51 COMPILER V9.05, COMPILATION OF MODULE STEP1
OBJECT MODULE PLACED IN STEP1.OBJ
COMPILER INVOKED BY: C:\Keil\C51\BIN\C51.EXE STEP1.C OPTIMIZE(0,SPEED) BROWSE DEBUG OBJECTEXTEND

line level    source

   1          /*********** STEP1.C ****************************
   2          *動作：將驅動數碼存在陣列資料，由STEP輸出驅動步進馬達運轉
   3          *接線：步進馬達輸出：P14=A,P15=B,P16=/A,P17=/B
   4          *硬體：SW1-3(P0LED)ON及SW2-1~4(STEP)ON
   5          ***********************************************/
   6          #include "..\MPC82.H"   //暫存器及組態定義//驅動數碼
   7          //unsigned char run_Table[]={0x1,0x2,0x4,0x8};//單相全步運轉
   8          //unsigned char run_Table[]={0x3,0x6,0xC,0x9};//雙相全步運轉
   9          unsigned char run_Table[]={0x9,0x1,0x3,0x2,0x6,0x4,0xC,0x8};//單雙相半步運轉,改為8步
  10          void main()
  11          {
  12   1        char i;     //定義資料計數
  13   1        P1M0=0; P1M1=0xF0; //設定P17-4(STEP)為推挽式輸出(M0-1=01)
  14   1        STEP=0x00;   //步進馬達初值：P17-4=0000
  15   1        while(1) 
  16   1         {
  17   2             for(i=0;i<sizeof(run_Table);i++)   //資料計數由0-->3,步進馬達正轉
  18   2           //for(i=sizeof(run_Table)-1;i>=0;i--) //資料計數由3-->0,步進馬達反轉
  19   2             {
  20   3             LED=~run_Table[i];     //讀取驅動數碼由LED輸出 
  21   3             STEP=run_Table[i]<<4;  //讀取驅動數碼由步進馬達輸出
  22   3             Delay_ms(100);  //延時時間  
  23   3           } 
  24   2        } 
  25   1      }


MODULE INFORMATION:   STATIC OVERLAYABLE
   CODE SIZE        =    106    ----
   CONSTANT SIZE    =   ----    ----
   XDATA SIZE       =   ----    ----
   PDATA SIZE       =   ----    ----
   DATA SIZE        =     13    ----
   IDATA SIZE       =   ----    ----
   BIT SIZE         =   ----    ----
END OF MODULE INFORMATION.


C51 COMPILATION COMPLETE.  0 WARNING(S),  0 ERROR(S)
