C51 COMPILER V9.05   4_1A                                                                  11/08/2011 18:55:33 PAGE 1   


C51 COMPILER V9.05, COMPILATION OF MODULE 4_1A
OBJECT MODULE PLACED IN 4_1A.OBJ
COMPILER INVOKED BY: C:\Keil\C51\BIN\C51.EXE 4_1A.C OPTIMIZE(0,SPEED) BROWSE DEBUG OBJECTEXTEND

line level    source

   1          /********** 4_1.c *****************************
   2          *動作：喇叭(SPEAK)輸出嗶嗶聲
   3          *硬體：SW2-5(SPK)ON
   4          ***********************************************/
   5          #include "..\MPC82.H"   //暫存器及組態定義
   6          #define F     600       //定義音頻常數
   7          #define T     600       //定義音長常數
   8          
   9          #define STOP  1000      //定義停止時間常數
  10          
  11          main() 
  12          {
  13   1        unsigned int i,dly;
  14   1        P1M0=0; P1M1=0x01; //設定P10(SPK)為推挽式輸出(M0-1=01)
  15   1        while(1)
  16   1        {
  17   2              for(i=0;i<T;i++) //輸出反相次數，決定音長
  18   2           {
  19   3                  SPEAK=!SPEAK; //SPEAK反相,令喇叭發出聲音
  20   3                      dly=F; while(dly--);  //音頻延時
  21   3           }
  22   2              SPEAK=0; Delay_ms(STOP); //喇叭停止，間隔時間
  23   2              
  24   2              for(i=0;i<(T<<1);i++) //輸出反相次數，決定音長
  25   2           {
  26   3                  SPEAK=!SPEAK; //SPEAK反相,令喇叭發出聲音
  27   3                      dly=(F>>1); while(dly--);  //音頻延時
  28   3           }
  29   2              SPEAK=0; Delay_ms(STOP); //喇叭停止，間隔時間
  30   2      
  31   2        }
  32   1      }


MODULE INFORMATION:   STATIC OVERLAYABLE
   CODE SIZE        =    172    ----
   CONSTANT SIZE    =   ----    ----
   XDATA SIZE       =   ----    ----
   PDATA SIZE       =   ----    ----
   DATA SIZE        =      8    ----
   IDATA SIZE       =   ----    ----
   BIT SIZE         =   ----    ----
END OF MODULE INFORMATION.


C51 COMPILATION COMPLETE.  0 WARNING(S),  0 ERROR(S)
