C51 COMPILER V9.05   4_3                                                                   11/08/2011 19:09:28 PAGE 1   


C51 COMPILER V9.05, COMPILATION OF MODULE 4_3
OBJECT MODULE PLACED IN 4_3.OBJ
COMPILER INVOKED BY: C:\Keil\C51\BIN\C51.EXE 4_3.C OPTIMIZE(0,SPEED) BROWSE DEBUG OBJECTEXTEND

line level    source

   1          /********************** 4_3.c *******************
   2          *動作：由按鍵控制喇叭音頻，按KEY1增加,若按KEY2減少延時時間
   3          *硬體：SW2-5(SPK)ON, 按KEY1及KEY2控制音頻 
   4          ***********************************************/
   5          #include "..\MPC82.H"   //暫存器及組態定義
   6          main() 
   7          {
   8   1       unsigned int dly,i=1000;
   9   1       P1M0=0;    P1M1=0x01; //設定P10(SPK)為推挽式輸出(M0-1=01
  10   1       while(1)  //重覆執行
  11   1       {
  12   2         if(KEY1==0) {
  13   3             i++;                  //若按KEY1則加長延時
  14   3            if(i>65500) i=65500;   //限制最長時間
  15   3                     }
  16   2         if(KEY2==0) { 
  17   3          i--;           //若按KEY2則縮短延時
  18   3         if(i<100)  i=100;   //限制最短時間
  19   3          }
  20   2         dly=i; while(dly--); //改變延時
  21   2         SPEAK=!SPEAK;   //SPEAK反相,令喇叭發出聲音
  22   2        }
  23   1      }


MODULE INFORMATION:   STATIC OVERLAYABLE
   CODE SIZE        =    149    ----
   CONSTANT SIZE    =   ----    ----
   XDATA SIZE       =   ----    ----
   PDATA SIZE       =   ----    ----
   DATA SIZE        =      8    ----
   IDATA SIZE       =   ----    ----
   BIT SIZE         =   ----    ----
END OF MODULE INFORMATION.


C51 COMPILATION COMPLETE.  0 WARNING(S),  0 ERROR(S)
