C51 COMPILER V9.05   4_5A                                                                  11/08/2011 19:40:22 PAGE 1   


C51 COMPILER V9.05, COMPILATION OF MODULE 4_5A
OBJECT MODULE PLACED IN 4_5A.OBJ
COMPILER INVOKED BY: C:\Keil\C51\BIN\C51.EXE 4_5A.C OPTIMIZE(0,SPEED) BROWSE DEBUG OBJECTEXTEND

line level    source

   1          /********** 4_5A.C ****************************
   2          *動作：每按一次按鍵，超過1秒以才令LED遞加
   3          *硬體：SW1-3(P0LED)ON, 按KEY1 
   4          ***********************************************/
   5          #include "..\MPC82.H"   //暫存器及組態定義
   6          int flag=0;    //設定變數 
   7           
   8          main() 
   9          {
  10   1        unsigned char i=0;
  11   1        P0M0=0; P0M1=0xFF; //設定P0為推挽式輸出(M0-1=01)
  12   1        while(1)       //重覆執行 
  13   1         {                 
  14   2           LED=~i; 
  15   2               while(KEY1==0)    //若有按鍵，flag遞加
  16   2                {
  17   3             Delay_ms(1); //延時，防止機械彈跳           
  18   3             flag++;          //flag遞加
  19   3             if(flag>1000) flag=1000;         //flag遞加
  20   3                }
  21   2           Delay_ms(1); //延時，防止機械彈跳
  22   2               if(flag==1000) i++; 
  23   2               
  24   2               flag=0;
  25   2         }
  26   1      }


MODULE INFORMATION:   STATIC OVERLAYABLE
   CODE SIZE        =    126    ----
   CONSTANT SIZE    =   ----    ----
   XDATA SIZE       =   ----    ----
   PDATA SIZE       =   ----    ----
   DATA SIZE        =      7    ----
   IDATA SIZE       =   ----    ----
   BIT SIZE         =   ----    ----
END OF MODULE INFORMATION.


C51 COMPILATION COMPLETE.  0 WARNING(S),  0 ERROR(S)
