C51 COMPILER V8.17   DOT1                                                                  07/30/2009 14:31:25 PAGE 1   


C51 COMPILER V8.17, COMPILATION OF MODULE DOT1
OBJECT MODULE PLACED IN DOT1.OBJ
COMPILER INVOKED BY: C:\Keil\C51\BIN\C51.EXE DOT1.C OPTIMIZE(0,SPEED) BROWSE DEBUG OBJECTEXTEND

line level    source

   1          /***** DOT1.c ******8*8點矩陣固定字型範例*****
   2          *動作：輸出陣列字型資料，顯示字型
   3          *接線：Scan低電位掃描輸出，由Data輸出資料
   4          *硬體：SW1-2(LED8X8)ON
   5          ************************************************/
   6          #include "..\MPC82.H"   //暫存器及組態定義
   7          main() 
   8          { 
   9   1        P0M0=0; P0M1=0xFF; //設定P0為推挽式輸出(M0-1=01)
  10   1        Scan=0x7F;       //由com1開始掃瞄輸出  
  11   1        while(1)                
  12   1        {
  13   2           Data=0x00;         //整行全亮
  14   2           Delay_ms(500);    //延時
  15   2               Scan=RR8(Scan); //換掃瞄下一行
  16   2        } 
  17   1      } 


MODULE INFORMATION:   STATIC OVERLAYABLE
   CODE SIZE        =     81    ----
   CONSTANT SIZE    =   ----    ----
   XDATA SIZE       =   ----    ----
   PDATA SIZE       =   ----    ----
   DATA SIZE        =      4    ----
   IDATA SIZE       =   ----    ----
   BIT SIZE         =   ----    ----
END OF MODULE INFORMATION.


C51 COMPILATION COMPLETE.  0 WARNING(S),  0 ERROR(S)
