C51 COMPILER V8.16   DOT4                                                                  02/12/2009 15:32:41 PAGE 1   


C51 COMPILER V8.16, COMPILATION OF MODULE DOT4
OBJECT MODULE PLACED IN DOT4.OBJ
COMPILER INVOKED BY: C:\Keil\C51\BIN\C51.EXE DOT4.C OPTIMIZE(0,SPEED) BROWSE DEBUG OBJECTEXTEND

line level    source

   1          /******* DOT4.C *****點矩陣顯示器切換字型字型************
   2          *動作：顯示切換字型
   3          *接線：Scan低電位掃描輸出，由Data低電位輸出資料
   4          *硬體：SW1-2(LED8X8)ON
   5          ************************************************/
   6          #include "..\MPC82.H"   //暫存器及組態定義
   7          #include "font4.h"  //字型ABCD資料檔
   8          main() 
   9          { 
  10   1        unsigned char i;      //定義陣列資料計數
  11   1        unsigned char repeat; //定義重覆掃描次數      
  12   1        unsigned char j=0;    //定義陣列啟始計數      
  13   1        Scan=0x7F;            //由com1開始掃瞄輸出  
  14   1        while(1)
  15   1         {
  16   2          j=0;
  17   2          while(j<8*4)        //設定顯示4個字
  18   2           {
  19   3             for(repeat=0;repeat<200;repeat++) //重覆掃瞄次數
  20   3              {
  21   4                for(i=j;i<j+8;i++) //讀取8筆資料掃瞄8次
  22   4                 {
  23   5                   Data=font4[i]; //讀取陣列資料
  24   5                   Delay_ms(1);    //延時
  25   5                           Data=0xFF;     //全暗    
  26   5                   Scan=RR8(Scan); //換掃瞄下一行
  27   5                 }        
  28   4              } 
  29   3             j=j+8; //換下一個字  
  30   3           }  
  31   2         }
  32   1      }


MODULE INFORMATION:   STATIC OVERLAYABLE
   CODE SIZE        =    156    ----
   CONSTANT SIZE    =     32    ----
   XDATA SIZE       =   ----    ----
   PDATA SIZE       =   ----    ----
   DATA SIZE        =      7    ----
   IDATA SIZE       =   ----    ----
   BIT SIZE         =   ----    ----
END OF MODULE INFORMATION.


C51 COMPILATION COMPLETE.  0 WARNING(S),  0 ERROR(S)
