C51 COMPILER V9.56.0.0   RYG1                                                              03/06/2020 09:30:29 PAGE 1   


C51 COMPILER V9.56.0.0, COMPILATION OF MODULE RYG1
OBJECT MODULE PLACED IN RYG1.OBJ
COMPILER INVOKED BY: C:\Keil_v51\C51\BIN\C51.EXE RYG1.C OPTIMIZE(0,SPEED) BROWSE DEBUG OBJECTEXTEND TABS(2)

line level    source

   1          /********** RYG1.c *****************************
   2          *動作：令LED輸出紅黃綠燈的變化
   3          *硬體：SW1-3(P0LED)ON
   4          ***********************************************/
   5          #include "..\MPC82.H"   //暫存器及組態定義
   6          char code light[]=   //紅黃綠燈的變化資料
   7          { 0x21,0x01,0x21,0x01,0x21,0x01,0x21,0x11,
   8            0x0C,0x08,0x0C,0x08,0x0C,0x08,0x0C,0x0A};
   9          
  10          char code time[] =   //每一個變化的時間
  11          {30,1,1,1,1,1,1,4,30,1,1,1,1,1,1,4};
  12          
  13          main()
  14          {
  15   1        char i;   //資料計數
  16   1        P0M0=0; P0M1=0xFF; //設定P0為推挽式輸出(M0-1=01)
  17   1        while(1)  //永久循環執行
  18   1         {
  19   2           for(i=0;i<16;i++) //設定0~15個變化
  20   2            {        
  21   3             LED=light[i];  //紅黃綠燈資料由LED輸出
  22   3             Delay_ms(time[i]*200);//將每一個變化的時間送到延時函數
  23   3            }
  24   2        }
  25   1      }


MODULE INFORMATION:   STATIC OVERLAYABLE
   CODE SIZE        =    127    ----
   CONSTANT SIZE    =     32    ----
   XDATA SIZE       =   ----    ----
   PDATA SIZE       =   ----    ----
   DATA SIZE        =      5    ----
   IDATA SIZE       =   ----    ----
   BIT SIZE         =   ----    ----
END OF MODULE INFORMATION.


C51 COMPILATION COMPLETE.  0 WARNING(S),  0 ERROR(S)
