C51 COMPILER V9.05   RYG2                                                                  11/08/2011 20:02:30 PAGE 1   


C51 COMPILER V9.05, COMPILATION OF MODULE RYG2
OBJECT MODULE PLACED IN RYG2.OBJ
COMPILER INVOKED BY: C:\Keil\C51\BIN\C51.EXE RYG2.C OPTIMIZE(0,SPEED) BROWSE DEBUG OBJECTEXTEND

line level    source

   1          /********** RYG2.c ******************************
   2          *動作：令LED輸出紅黃綠燈的變化
   3          *硬體：SW1-3(P0LED)ON
   4          ************************************************/
   5          #include "..\MPC82.H"   //暫存器及組態定義
   6          char code Table[] =
   7          { 0x21,30,0x01,1,0x21,1,0x01,1,0x21,1,0x01,1,0x21,1,0x11,4,
   8            0x0C,30,0x08,1,0x0C,1,0x08,1,0x0C,1,0x08,1,0x0C,1,0x0A,4,
   9            0};//資料0為重新開始
  10          
  11          main()
  12          {
  13   1        char i;     //資料計數
  14   1        P0M0=0; P0M1=0xFF; //設定P0為推挽式輸出(M0-1=01)
  15   1        while(1)
  16   1         {
  17   2           i=0;     //資料計數=0
  18   2           while(1) //永久循環執行
  19   2            {
  20   3              if(Table[i]==0) break; //若資料=0，退出迴圈重新開始
  21   3              LED=~Table[i++];  //紅黃綠燈資料反相輸出,計數+1
  22   3              Delay_ms(Table[i++]*200);//時間送到延時函數,計數+1
  23   3             }
  24   2          }
  25   1      }


MODULE INFORMATION:   STATIC OVERLAYABLE
   CODE SIZE        =    145    ----
   CONSTANT SIZE    =     33    ----
   XDATA SIZE       =   ----    ----
   PDATA SIZE       =   ----    ----
   DATA SIZE        =      5    ----
   IDATA SIZE       =   ----    ----
   BIT SIZE         =   ----    ----
END OF MODULE INFORMATION.


C51 COMPILATION COMPLETE.  0 WARNING(S),  0 ERROR(S)
