C51 COMPILER V8.17   SEG1                                                                  07/30/2009 14:21:28 PAGE 1   


C51 COMPILER V8.17, COMPILATION OF MODULE SEG1
OBJECT MODULE PLACED IN SEG1.OBJ
COMPILER INVOKED BY: C:\Keil\C51\BIN\C51.EXE SEG1.C OPTIMIZE(0,SPEED) BROWSE DEBUG OBJECTEXTEND

line level    source

   1          /*******************SEG1.C***********************
   2          *動作：送出數碼資料到a~g，令共陽極七段顯示器顯示0~F
   3          *接線：Data=七段顯示器低電位輸出=Pgfedcba
   4          *      低電位掃描：S3~0=千、百、十、個位數
   5          *硬體：SW1-1(SEG7)ON
   6          ************************************************/
   7          #include "..\MPC82.H"   //暫存器及組態定義
   8           unsigned char code Table[] //七段顯示器0~F數碼資料
   9            ={0x3f,0x06,0x5b,0x4f,0x66,0x6d,0x7d,0x07,
  10              0x7f,0x6f,0x77,0x7c,0x39,0x5e,0x79,0x71}; 
  11          void main() 
  12          {
  13   1        char i;  //資料計數
  14   1        P0M0=0; P0M1=0xFF; //設定P0為推挽式輸出(M0-1=01)
  15   1        S0=0;    //令單個七段顯示器亮
  16   1        while(1) //重覆執行
  17   1         {
  18   2          for(i=0;i<16;i++) //計數=0~15
  19   2           {
  20   3             Data=~Table[i];//讀取顯示器數碼資料低電位輸出
  21   3             Delay_ms(500);  //延時  
  22   3           }
  23   2         }
  24   1      }


MODULE INFORMATION:   STATIC OVERLAYABLE
   CODE SIZE        =    103    ----
   CONSTANT SIZE    =     16    ----
   XDATA SIZE       =   ----    ----
   PDATA SIZE       =   ----    ----
   DATA SIZE        =      5    ----
   IDATA SIZE       =   ----    ----
   BIT SIZE         =   ----    ----
END OF MODULE INFORMATION.


C51 COMPILATION COMPLETE.  0 WARNING(S),  0 ERROR(S)
