C51 COMPILER V8.17   5_1                                                                   01/11/2009 20:45:44 PAGE 1   


C51 COMPILER V8.17, COMPILATION OF MODULE 5_1
OBJECT MODULE PLACED IN 5_1.OBJ
COMPILER INVOKED BY: C:\Keil\C51\BIN\C51.EXE 5_1.C OPTIMIZE(0,SPEED) BROWSE DEBUG OBJECTEXTEND

line level    source

   1          /********** 5_1.c *****************************
   2          * 動作：LED0遞加，INT0腳輸入0準位或負緣觸發時，LED1閃爍5次
   3          * 硬體：SW1-3(P0LED)及SW1-4(P1LED)ON，按KEY1(P32) 
   4          **********************************************/
   5          #include "..\MPC82.H"   //暫存器及組態定義
   6          main() 
   7          {
   8   1        unsigned char i=0; //定義變數=0
   9   1        EA=1;      //致能整體中斷
  10   1        EX0=1;     //致能外部INT0中斷
  11   1        IT0=1;         //0=0準位輸入，1=負緣觸發輸入
  12   1        while(1)   //不斷循環，等待INT0外部中斷
  13   1         {
  14   2           LED0=~i++;  //變數遞加由LED0反相輸出
  15   2               Delay_ms(500);//同時等待INT0中斷輸入
  16   2         }
  17   1      }
  18          //********INT0中斷函數，使用暫存器庫1**********
  19          void EX0_int(void) interrupt 0  using 1
  20           {
  21   1          unsigned char i=5;     //定義閃爍5次
  22   1          unsigned int  dly; //定義延時變數
  23   1          while(i--)  //閃爍次數
  24   1           {
  25   2            LED1=0x00; dly=50000; while(dly--);//全亮，延時
  26   2            LED1=0xff; dly=50000; while(dly--);//全暗，延時
  27   2          }
  28   1       }


MODULE INFORMATION:   STATIC OVERLAYABLE
   CODE SIZE        =    146    ----
   CONSTANT SIZE    =   ----    ----
   XDATA SIZE       =   ----    ----
   PDATA SIZE       =   ----    ----
   DATA SIZE        =      8    ----
   IDATA SIZE       =   ----    ----
   BIT SIZE         =   ----    ----
END OF MODULE INFORMATION.


C51 COMPILATION COMPLETE.  0 WARNING(S),  0 ERROR(S)
