C51 COMPILER V8.16   IDL1                                                                  02/10/2009 15:34:29 PAGE 1   


C51 COMPILER V8.16, COMPILATION OF MODULE IDL1
OBJECT MODULE PLACED IN IDL1.OBJ
COMPILER INVOKED BY: C:\Keil\C51\BIN\C51.EXE IDL1.C OPTIMIZE(0,SPEED) BROWSE DEBUG OBJECTEXTEND

line level    source

   1          /********************** IDL1.c *******************
   2          *動作：P0遞加超過6會進入省電模式，停止執行，在INT0(P32)
   3          *      腳輸入負緣觸發時，會喚醒閃爍5次後，才回主程式
   4          *硬體：將SW1-3(P0LED)短路，按KEY1(INT0)鍵。
   5          ***********************************************/
   6          #include "..\MPC82.H"   //暫存器及組態定義
   7          main() 
   8          {
   9   1       char i=0;
  10   1        EA=1;      //致能整體中斷
  11   1        EX0=1;     //致能外部INT0斷
  12   1        IT0=1;     //設定INT0腳為負緣觸發輸入
  13   1       while(1)  //重覆執行
  14   1       {
  15   2         for(i=0;i<8;i++)
  16   2          {
  17   3            LED=~i; 
  18   3            Delay_ms(1000); //延時
  19   3          }
  20   2         PCON=IDL;    //進入idle省電模式
  21   2         //PCON=PD;   //進入power down省電模式
  22   2       }
  23   1      }
  24          //*******INT0中斷函數0，使用暫存器庫1*******
  25          void EX1_int(void) interrupt 0 using 1  
  26          {
  27   1        char i=0;        //定義閃爍計數變數
  28   1        unsigned int dly;
  29   1        for(i=0;i<5;i++) //閃爍計數0~4
  30   1         {
  31   2           LED=0x00; for(dly=0;dly<20000;dly++); 
  32   2           LED=0xff; for(dly=0;dly<20000;dly++); 
  33   2         }
  34   1      }


MODULE INFORMATION:   STATIC OVERLAYABLE
   CODE SIZE        =    176    ----
   CONSTANT SIZE    =   ----    ----
   XDATA SIZE       =   ----    ----
   PDATA SIZE       =   ----    ----
   DATA SIZE        =      8    ----
   IDATA SIZE       =   ----    ----
   BIT SIZE         =   ----    ----
END OF MODULE INFORMATION.


C51 COMPILATION COMPLETE.  0 WARNING(S),  0 ERROR(S)
