C51 COMPILER V8.17   IDL2                                                                  02/19/2009 20:30:31 PAGE 1   


C51 COMPILER V8.17, COMPILATION OF MODULE IDL2
OBJECT MODULE PLACED IN IDL2.OBJ
COMPILER INVOKED BY: C:\Keil\C51\BIN\C51.EXE IDL2.C OPTIMIZE(0,SPEED) BROWSE DEBUG OBJECTEXTEND

line level    source

   1          /********************* IDL2.c *******************
   2          *動作：LED0遞加輸出，由KEY1-2控制系統頻率(Fosc)調整速度，
   3          *      在LED1顯示系統頻率(Fosc)除頻倍數
   4          *硬體：將SW1-3(P0LED)及SW1-4(P1LED)短路，按KEY1(P32)
   5          ***********************************************/
   6          #include "..\MPC82.H"   //暫存器及組態定義
   7          main() 
   8          {
   9   1       unsigned char i=0;
  10   1       char Fosc=0;
  11   1       PCON2=Fosc; //Fosc=0~7,石英晶體除頻1~128倍為系統頻率(Fosc) 
  12   1       while(1)  //重覆執行
  13   1       { 
  14   2         LED0=~i++;     //LED0遞加輸出
  15   2         LED1=~Fosc;    //LED1顯示Fosc除頻
  16   2         if(KEY1==0)   //減速
  17   2           {
  18   3                  Fosc++;      //系統頻率(Fosc)除頻增加 
  19   3                  if(Fosc>7) Fosc=7; //限制除頻128倍
  20   3                  PCON2=Fosc; //設定系統頻率(Fosc)
  21   3                }     
  22   2         if(KEY2==0)     //加速
  23   2           {
  24   3              Fosc--;            //系統頻率(Fosc)除頻減少
  25   3                  if(Fosc<0) Fosc=0; //限制除頻1倍
  26   3                  PCON2=Fosc; //設定系統頻率(Fosc)
  27   3               }    
  28   2         Delay_ms(100); //Fosc除頻1倍的延時時間
  29   2        }
  30   1      }


MODULE INFORMATION:   STATIC OVERLAYABLE
   CODE SIZE        =    117    ----
   CONSTANT SIZE    =   ----    ----
   XDATA SIZE       =   ----    ----
   PDATA SIZE       =   ----    ----
   DATA SIZE        =      6    ----
   IDATA SIZE       =   ----    ----
   BIT SIZE         =   ----    ----
END OF MODULE INFORMATION.


C51 COMPILATION COMPLETE.  0 WARNING(S),  0 ERROR(S)
