C51 COMPILER V9.02   KEY5B                                                                 08/03/2010 11:19:57 PAGE 1   


C51 COMPILER V9.02, COMPILATION OF MODULE KEY5B
OBJECT MODULE PLACED IN KEY5B.OBJ
COMPILER INVOKED BY: C:\Keil\C51\BIN\C51.EXE KEY5B.C OPTIMIZE(0,SPEED) BROWSE DEBUG OBJECTEXTEND

line level    source

   1          /******** KEY5A.C******4*4外部中斷實習範例***************
   2          *動作：ROW0~3掃描輸出,COL0~3按鍵輸入,在LED輸出
   3          *硬體：SW1-3(P0LED)短路，J15(INT0)短路，按S1~S16 
   4          ***********************************************/
   5          #include "..\MPC82.H"   //暫存器及組態定義
   6          unsigned char Table[8]=0; 
   7          
   8          void main()
   9          {
  10   1        P0M0=0; P0M1=0xFF; //設定P0為推挽式輸出(M0-1=01)
  11   1        EA=1; EX0=1;    //致能外部中斷
  12   1        LED=~0;         //初始顯示0
  13   1        ROW=0x0F;       //掃描輸出=0000
  14   1      
  15   1        DI=1; DO=1; CS=0; SK=0;//設定初值
  16   1        EWEN();                //致能EEPROM寫入及清除
  17   1        ERAL();                //EEPROM清除全部記憶體
  18   1        while(1);       //等待按鍵，此時可做其它工作
  19   1      }
  20           //***********************************************
  21          void INT0_Interrupt() interrupt 0   //INT0中斷函數      
  22          { 
  23   1         unsigned char key=0;     //宣告按鍵計數
  24   1         unsigned char scan=0xEF;  //按鍵掃描令ROW0=0，其餘為1
  25   1         while(1)
  26   1         {
  27   2           ROW=scan;            //掃描輸出
  28   2               if(!(COL0 & COL1 & COL2 & COL3)) break;//若COL0~3其中之一為0，退出顯示 
  29   2           scan=RL8(scan); //左旋轉，換掃下一列,令ROW0~3輪流為0
  30   2           key=key+4; //基數+4
  31   2         }
  32   1         if(COL0==0) LED=~key; //檢查COL0列，若有按鍵計數輸出
  33   1         key++;                //若不是按鍵計數遞加  
  34   1         if(COL1==0) LED=~key; //檢查COL1列，若有按鍵計數輸出
  35   1         key++;                //若不是按鍵計數遞加
  36   1         if(COL2==0) LED=~key; //檢查COL2列，若有按鍵計數輸出
  37   1         key++;                //若不是按鍵計數遞加
  38   1         if(COL3==0) LED=~key; //檢查COL3列，若有按鍵計數輸出
  39   1      
  40   1         Delay_ms(1);//處理按鍵跳動之延遲   
  41   1         while(!(COL0 & COL1 & COL2 & COL3));//若COL0~3≠1111未放開按鍵
  42   1         Delay_ms(1);//處理按鍵跳動之延遲     
  43   1         ROW=0x0F;   //掃描輸出=0000    
  44   1         }


MODULE INFORMATION:   STATIC OVERLAYABLE
   CODE SIZE        =    208    ----
   CONSTANT SIZE    =   ----    ----
   XDATA SIZE       =   ----    ----
   PDATA SIZE       =   ----    ----
   DATA SIZE        =     14    ----
   IDATA SIZE       =   ----    ----
   BIT SIZE         =   ----    ----
END OF MODULE INFORMATION.

C51 COMPILER V9.02   KEY5B                                                                 08/03/2010 11:19:57 PAGE 2   


C51 COMPILATION COMPLETE.  0 WARNING(S),  0 ERROR(S)
