C51 COMPILER V9.05   3_1A                                                                  10/25/2011 19:07:13 PAGE 1   


C51 COMPILER V9.05, COMPILATION OF MODULE 3_1A
OBJECT MODULE PLACED IN 3_1A.OBJ
COMPILER INVOKED BY: C:\Keil\C51\BIN\C51.EXE 3_1A.c OPTIMIZE(2,SPEED) BROWSE DEBUG OBJECTEXTEND

line level    source

   1          //******** 3_1A.c *******自定變數的資料型態********
   2          //*動作：重新定義變數的型態
   3          //*************************************************
   4          #include "..\MPC82.H" //暫存器及組態設定
   5          void main()
   6          {
   7   1         uint8  i=250;        //宣告8-bit無符號變數，範圍0~255
   8   1         int8   j=-120;       //宣告8-bit有符號變數，範圍0-128~127
   9   1         uint16 k=65530;      //宣告16-bit無符號變數，範圍0~65535
  10   1         uint32 l=0x12345678; //宣告32-bit無符號變數，範圍0x00000000~0xffffffff
  11   1         fp32   m=1.02;       //宣告32-bit浮點數
  12   1       loop:
  13   1          i=i+1;    //8-bit無符號變數+1;
  14   1          j=j+1;    //8-bit有符號變數+1
  15   1          k=k+1;    //16-bit無符號變數+1
  16   1          l=l+1;    //32-bit無符號變數+1
  17   1          m=m+0.01; //32-bit浮點數+0.01
  18   1        goto loop;  //跳到loop處 
  19   1      }


MODULE INFORMATION:   STATIC OVERLAYABLE
   CODE SIZE        =    147    ----
   CONSTANT SIZE    =   ----    ----
   XDATA SIZE       =   ----    ----
   PDATA SIZE       =   ----    ----
   DATA SIZE        =   ----      16
   IDATA SIZE       =   ----    ----
   BIT SIZE         =   ----    ----
END OF MODULE INFORMATION.


C51 COMPILATION COMPLETE.  0 WARNING(S),  0 ERROR(S)
