C51 COMPILER V9.05   3_2                                                                   10/25/2011 19:15:05 PAGE 1   


C51 COMPILER V9.05, COMPILATION OF MODULE 3_2
OBJECT MODULE PLACED IN 3_2.OBJ
COMPILER INVOKED BY: C:\Keil\C51\BIN\C51.EXE 3_2.c OPTIMIZE(2,SPEED) BROWSE DEBUG OBJECTEXTEND

line level    source

   1          //*********** 3_2.c ****位元變數的資料型態**************
   2          //*動作：位元變數的宣告及應用
   3          //********************************************************
   4          main()
   5          {
   6   1          bit flag,a,b,c,d;    //定義位元變數 flag
   7   1        loop:
   8   1          flag=0; //設定位元變數=0
   9   1              a=0;
  10   1              b=0;
  11   1              c=0;
  12   1              d=0;
  13   1      
  14   1          flag=1; //設定位元變數=1
  15   1              a=1;
  16   1              b=1;
  17   1              c=1;
  18   1              d=1;
  19   1      
  20   1        goto loop;
  21   1      } 


MODULE INFORMATION:   STATIC OVERLAYABLE
   CODE SIZE        =     23    ----
   CONSTANT SIZE    =   ----    ----
   XDATA SIZE       =   ----    ----
   PDATA SIZE       =   ----    ----
   DATA SIZE        =   ----    ----
   IDATA SIZE       =   ----    ----
   BIT SIZE         =   ----       5
END OF MODULE INFORMATION.


C51 COMPILATION COMPLETE.  0 WARNING(S),  0 ERROR(S)
