C51 COMPILER V9.05   3_21A                                                                 11/01/2011 19:02:52 PAGE 1   


C51 COMPILER V9.05, COMPILATION OF MODULE 3_21A
OBJECT MODULE PLACED IN 3_21A.OBJ
COMPILER INVOKED BY: C:\Keil\C51\BIN\C51.EXE 3_21A.C OPTIMIZE(2,SPEED) BROWSE DEBUG OBJECTEXTEND

line level    source

   1          /*******3_21A.c*********************** 
   2          *動作：強制轉換運算式型態範例
   3          **********************************/
   4          main()
   5          {
   6   1         char   a=-2;         //a=-2=0xFE=1111 1110
   7   1         unsigned char   b=0xFE;      //b=0xFE=1111 1110
   8   1         bit c=1;           //1-bit變數
   9   1         unsigned char   d; //8-bit變數
  10   1         static unsigned char i;  //宣告無符號8-bit變數
  11   1        loop: 
  12   1         i=a>>1;  //i=0xFF,將a會符號位元複製右移    
  13   1         i=(unsigned  char) a>>1; //i=0x7F,轉換為無符號變數，由0遞補右移
  14   1         c=(bit)(b & 0x01); //c=0,將8-bit變數轉換為1-bit數
  15   1         d=(unsigned char) (!c); //d=0,將1-bit變數轉換為8-bit數
  16   1         goto loop;  
  17   1      }


MODULE INFORMATION:   STATIC OVERLAYABLE
   CODE SIZE        =     41    ----
   CONSTANT SIZE    =   ----    ----
   XDATA SIZE       =   ----    ----
   PDATA SIZE       =   ----    ----
   DATA SIZE        =      1       3
   IDATA SIZE       =   ----    ----
   BIT SIZE         =   ----       1
END OF MODULE INFORMATION.


C51 COMPILATION COMPLETE.  0 WARNING(S),  0 ERROR(S)
