C51 COMPILER V9.05   3_22                                                                  11/01/2011 19:13:36 PAGE 1   


C51 COMPILER V9.05, COMPILATION OF MODULE 3_22
OBJECT MODULE PLACED IN 3_22.OBJ
COMPILER INVOKED BY: C:\Keil\C51\BIN\C51.EXE 3_22.C OPTIMIZE(2,SPEED) BROWSE DEBUG OBJECTEXTEND

line level    source

   1          /************** 3_22.c ****************
   2          *動作：令LED=1~7重覆計數輸出
   3          *硬體：SW1-3(P0LED) ON
   4          *************************************/
   5          #include "..\MPC82.H"  //暫存器及組態設定
   6          main()
   7          { 
   8   1         char  i=1;     //定義8-bit變數
   9   1         P0M0=0; P0M1=0xFF; //設定P0為推挽式輸出(M0-1=01)
  10   1       loop:            //標記
  11   1         LED=~i;        //變數i由LED輸出 1~7
  12   1         Delay_ms(100);
  13   1         i++;           //變數i遞加
  14   1         if(i>7)  i=1;  //假如i >7，令i=1
  15   1         goto loop;     //跳到loop處
  16   1      }


MODULE INFORMATION:   STATIC OVERLAYABLE
   CODE SIZE        =     83    ----
   CONSTANT SIZE    =   ----    ----
   XDATA SIZE       =   ----    ----
   PDATA SIZE       =   ----    ----
   DATA SIZE        =   ----       5
   IDATA SIZE       =   ----    ----
   BIT SIZE         =   ----    ----
END OF MODULE INFORMATION.


C51 COMPILATION COMPLETE.  0 WARNING(S),  0 ERROR(S)
