C51 COMPILER V9.56.0.0   3_25A                                                             02/25/2020 10:37:35 PAGE 1   


C51 COMPILER V9.56.0.0, COMPILATION OF MODULE 3_25A
OBJECT MODULE PLACED IN 3_25A.OBJ
COMPILER INVOKED BY: C:\Keil_v51\C51\BIN\C51.EXE 3_25A.C ROM(SMALL) OPTIMIZE(2,SPEED) BROWSE DEBUG OBJECTEXTEND TABS(2)

line level    source

   1          /************** 3_25A.c **************************
   2          *動作：用if和goto指令，由P0-P2輸出24小時電子鐘的變化
   3          *硬體：SW1-3(P0LED)及SW1-4(P1LED)ON
   4          ***********************************************/
   5          #include "..\MPC82.H"  //暫存器及組態設定
   6          main()
   7          {       
   8   1         char hor=23,min=58,sec=52; //設定時、分、秒時間
   9   1         P0M0=0; P0M1=0xFF; //設定P0為推挽式輸出(M0-1=01)
  10   1       loop:
  11   1          P0=((sec/10<<4)+(sec%10)); //秒十進位輸出
  12   1          P1=((min/10<<4)+(min%10)); //分十進位輸出
  13   1          P2=((hor/10<<4)+(hor%10)); //時十進位輸出
  14   1          Delay_ms(100);  //延時
  15   1          sec++;                       // 秒加一
  16   1         if (sec < 60) goto loop;    // 若秒小於60到loop處   
  17   1         sec=0; min++;               // 秒等於60則令秒=0，分加一
  18   1         if (min < 60) goto loop;    // 若分小於60到loop處   
  19   1         min=0; hor++;               // 若分等於60則令分=0，時加一
  20   1         if (hor <24) goto loop;     // 若時小於24到loop處
  21   1         hor=0;min=0; sec=0; goto loop;// 若時等於24則令時、分、秒=0 
  22   1      }


MODULE INFORMATION:   STATIC OVERLAYABLE
   CODE SIZE        =    195    ----
   CONSTANT SIZE    =   ----    ----
   XDATA SIZE       =   ----    ----
   PDATA SIZE       =   ----    ----
   DATA SIZE        =   ----       7
   IDATA SIZE       =   ----    ----
   BIT SIZE         =   ----    ----
END OF MODULE INFORMATION.


C51 COMPILATION COMPLETE.  0 WARNING(S),  0 ERROR(S)
