C51 COMPILER V9.05   3_29                                                                  11/05/2011 13:18:44 PAGE 1   


C51 COMPILER V9.05, COMPILATION OF MODULE 3_29
OBJECT MODULE PLACED IN 3_29.OBJ
COMPILER INVOKED BY: C:\Keil\C51\BIN\C51.EXE 3_29.C ROM(SMALL) OPTIMIZE(2,SPEED) BROWSE DEBUG OBJECTEXTEND

line level    source

   1          /************* 3_29.c ************************
   2          *動作：P2及P3輸入相比較，較大送入P1 
   3          **********************************************/
   4          #include "..\MPC82.H"  //暫存器及組態設定       
   5          main()
   6          {
   7   1           unsigned char i,j;  //定義8-bit變數
   8   1       loop:
   9   1         i=P2; j=P3;        //P2,P3 輸入   
  10   1         P1=(i>j) ? i:j ; //找出兩變數的較大值，由P1輸出
  11   1         P0=(i<j) ? i:j ; //找出兩變數的較小值，由P0輸出
  12   1        goto loop;
  13   1      }


MODULE INFORMATION:   STATIC OVERLAYABLE
   CODE SIZE        =     84    ----
   CONSTANT SIZE    =   ----    ----
   XDATA SIZE       =   ----    ----
   PDATA SIZE       =   ----    ----
   DATA SIZE        =   ----       6
   IDATA SIZE       =   ----    ----
   BIT SIZE         =   ----    ----
END OF MODULE INFORMATION.


C51 COMPILATION COMPLETE.  0 WARNING(S),  0 ERROR(S)
