C51 COMPILER V8.16   3_2A                                                                  01/14/2009 07:15:29 PAGE 1   


C51 COMPILER V8.16, COMPILATION OF MODULE 3_2A
OBJECT MODULE PLACED IN 3_2A.OBJ
COMPILER INVOKED BY: C:\Keil\C51\BIN\C51.EXE 3_2A.c BROWSE DEBUG OBJECTEXTEND

line level    source

   1          //*********** 3_2A.c **********************************
   2          //*動作：定義特殊功能暫存器
   3          //*硬體：SW1-3(P0LED)ON,SW1-4(P1LED)ON
   4          //******************************************************
   5          void Delay_ms(unsigned int dly);
   6          sfr  LED0=0x80; //變數LED0定義為SFR的P0埠0(0x80)
   7          sfr  LED1=0x90; //變數LED1定義為SFR的P1埠0(0x90)
   8          
   9          main()
  10          {
  11   1         unsigned char i=0; //宣告8-bit無符號變數
  12   1        loop:
  13   1         LED0=LED1=~i; //變數反相輸出
  14   1         Delay_ms(100);
  15   1         i=i+1;         //變數遞加
  16   1        goto loop;
  17   1      }
  18          /*******************************************
  19          *函數名稱: Delay_ms
  20          *功能描述: 延時以1mS為單位，石英晶體為22.1184MHz
  21          *********************************************/
  22          void Delay_ms(unsigned int dly) 
  23          {  
  24   1        unsigned int dly1; //內循環變數
  25   1        while(dly--)         // 外循環，遞減至0
  26   1         {dly1=950;  while(dly1--);} //內循環，延時1ms
  27   1      } 


MODULE INFORMATION:   STATIC OVERLAYABLE
   CODE SIZE        =     48    ----
   CONSTANT SIZE    =   ----    ----
   XDATA SIZE       =   ----    ----
   PDATA SIZE       =   ----    ----
   DATA SIZE        =   ----       1
   IDATA SIZE       =   ----    ----
   BIT SIZE         =   ----    ----
END OF MODULE INFORMATION.


C51 COMPILATION COMPLETE.  0 WARNING(S),  0 ERROR(S)
