C51 COMPILER V9.05   3_2B                                                                  10/25/2011 19:31:03 PAGE 1   


C51 COMPILER V9.05, COMPILATION OF MODULE 3_2B
OBJECT MODULE PLACED IN 3_2B.OBJ
COMPILER INVOKED BY: C:\Keil\C51\BIN\C51.EXE 3_2B.c OPTIMIZE(2,SPEED) BROWSE DEBUG OBJECTEXTEND

line level    source

   1          //*********** 3_2B.c **********************************
   2          //*動作：定義16-bit特殊功能暫存器
   3          //******************************************************
   4          sfr16  T2=0xCC;//定義16-bit的SFR暫存器，位址為T2L=0xCC及T2H=0xCD
   5          main()
   6          {
   7   1        unsigned int i=0x1234;  //計數值
   8   1        loop:
   9   1          T2=i;  //計數值存入16-bit的SFR暫存器
  10   1              i=i+1; //計數值加1
  11   1        goto loop;
  12   1      } 


MODULE INFORMATION:   STATIC OVERLAYABLE
   CODE SIZE        =     23    ----
   CONSTANT SIZE    =   ----    ----
   XDATA SIZE       =   ----    ----
   PDATA SIZE       =   ----    ----
   DATA SIZE        =   ----       2
   IDATA SIZE       =   ----    ----
   BIT SIZE         =   ----    ----
END OF MODULE INFORMATION.


C51 COMPILATION COMPLETE.  0 WARNING(S),  0 ERROR(S)
