C51 COMPILER V9.05   3_3                                                                   11/05/2011 09:15:26 PAGE 1   


C51 COMPILER V9.05, COMPILATION OF MODULE 3_3
OBJECT MODULE PLACED IN 3_3.OBJ
COMPILER INVOKED BY: C:\Keil\C51\BIN\C51.EXE 3_3.c OPTIMIZE(2,SPEED) BROWSE DEBUG OBJECTEXTEND

line level    source

   1          //******** 3_3.c *************************
   2          //*動作：自動(動態)變數
   3          //****************************************
   4          void test1(void)        //函數式1
   5          {
   6   1         auto char i=8; //宣告自動(動態)變數     
   7   1         i=i+1;  //動態變數加1 
   8   1      }
   9           
  10          void test2(void)        //函數式2
  11          {
  12   1         auto char j=5; //宣告自動(動態)變數     
  13   1         j=j+1;  //動態變數加1 
  14   1      }
  15          
  16          main()  //主程式
  17          {
  18   1        loop:     
  19   1         test1();//進入函數式1
  20   1         test2();//進入函數式2
  21   1       goto loop;        
  22   1      }


MODULE INFORMATION:   STATIC OVERLAYABLE
   CODE SIZE        =     21    ----
   CONSTANT SIZE    =   ----    ----
   XDATA SIZE       =   ----    ----
   PDATA SIZE       =   ----    ----
   DATA SIZE        =   ----       2
   IDATA SIZE       =   ----    ----
   BIT SIZE         =   ----    ----
END OF MODULE INFORMATION.


C51 COMPILATION COMPLETE.  0 WARNING(S),  0 ERROR(S)
