C51 COMPILER V9.05   3_31                                                                  11/05/2011 13:25:11 PAGE 1   


C51 COMPILER V9.05, COMPILATION OF MODULE 3_31
OBJECT MODULE PLACED IN 3_31.OBJ
COMPILER INVOKED BY: C:\Keil\C51\BIN\C51.EXE 3_31.C ROM(SMALL) OPTIMIZE(2,SPEED) BROWSE DEBUG OBJECTEXTEND

line level    source

   1          /************** 3_31.c *******************************
   2          *動作：P1輸入(限1~3)設定動作，令P0輸出不同的功能
   3          ****************************************************/
   4          #include "..\MPC82.H"  //暫存器及組態設定       
   5          main()
   6          {
   7   1         char a,i=1;  //宣告變數
   8   1       loop:
   9   1         a=P1;       //P1輸入到變數a
  10   1         switch (a)
  11   1          {
  12   2             case 1:    //數字=1
  13   2               i++;     //i=i+1
  14   2               break;   //退出迴圈
  15   2             case 2:    //數字=2
  16   2               i=i*2;    //i=i*2
  17   2               break;   //退出迴圈
  18   2             case 3:    //數字=3
  19   2               i--;     //i=i-1
  20   2               break;   //退出迴圈
  21   2               default:   //其它數字，i=i/2
  22   2               i=i/2; //i=i/2
  23   2           }
  24   1         P0=i;  //變數i由P0輸出
  25   1       goto loop;
  26   1      }


MODULE INFORMATION:   STATIC OVERLAYABLE
   CODE SIZE        =     97    ----
   CONSTANT SIZE    =   ----    ----
   XDATA SIZE       =   ----    ----
   PDATA SIZE       =   ----    ----
   DATA SIZE        =   ----       6
   IDATA SIZE       =   ----    ----
   BIT SIZE         =   ----    ----
END OF MODULE INFORMATION.


C51 COMPILATION COMPLETE.  0 WARNING(S),  0 ERROR(S)
