C51 COMPILER V9.56.0.0   3_34                                                              02/25/2020 11:09:05 PAGE 1   


C51 COMPILER V9.56.0.0, COMPILATION OF MODULE 3_34
OBJECT MODULE PLACED IN 3_34.OBJ
COMPILER INVOKED BY: C:\Keil_v51\C51\BIN\C51.EXE 3_34.C ROM(SMALL) OPTIMIZE(2,SPEED) BROWSE DEBUG OBJECTEXTEND TABS(2)

line level    source

   1          /************** 3_34.c **********************************
   2          *動作：令LED來回輸出霹靂燈，不斷的循環
   3          *硬體：SW1-3(P0LED)ON
   4          *****************************************************/
   5          #include "..\MPC82.H"  //暫存器及組態設定
   6          main()
   7          {
   8   1       unsigned char i=0x01;    //i=0x01
   9   1       P0M0=0; P0M1=0xFF; //設定P0為推挽式輸出(M0-1=01)
  10   1       while (1)   //不斷的循環
  11   1        {
  12   2          i=0x01;          //i=0x01
  13   2        while (i<0x80)   //繼續左移到i=0x08
  14   2           {
  15   3             LED=i; Delay_ms(100);  
  16   3             i=i<<1 ;    //左移1-bit
  17   3           }
  18   2         while (i>0x01)   //繼續右移到i=0x01
  19   2           {
  20   3             LED=i; Delay_ms(100);   
  21   3             i=i>>1 ;   //右移1-bit
  22   3           }
  23   2        }
  24   1      }


MODULE INFORMATION:   STATIC OVERLAYABLE
   CODE SIZE        =    106    ----
   CONSTANT SIZE    =   ----    ----
   XDATA SIZE       =   ----    ----
   PDATA SIZE       =   ----    ----
   DATA SIZE        =   ----       5
   IDATA SIZE       =   ----    ----
   BIT SIZE         =   ----    ----
END OF MODULE INFORMATION.


C51 COMPILATION COMPLETE.  0 WARNING(S),  0 ERROR(S)
