C51 COMPILER V9.56.0.0   3_38                                                              02/25/2020 11:19:43 PAGE 1   


C51 COMPILER V9.56.0.0, COMPILATION OF MODULE 3_38
OBJECT MODULE PLACED IN 3_38.OBJ
COMPILER INVOKED BY: C:\Keil_v51\C51\BIN\C51.EXE 3_38.C ROM(SMALL) OPTIMIZE(2,SPEED) BROWSE DEBUG OBJECTEXTEND TABS(2)

line level    source

   1          /************** 3_38.c *************************
   2          *動作：LED遞加輸出，若按下KEY1~KEY4則自我空轉
   3          *硬體：SW1-3(P0LED)ON, 按KEY1~KEY4則LED停止
   4          ***********************************************/
   5          #include "..\MPC82.H"  //暫存器及組態設定
   6          main()
   7          {
   8   1       unsigned char i=0;
   9   1       P0M0=0; P0M1=0xFF; //設定P0為推挽式輸出(M0-1=01)
  10   1       while(1)      //不斷的循環
  11   1        {
  12   2           while(KEY1==0); //按KEY1(P32)自我空轉
  13   2           while(KEY2==0); //按KEY2(P33)自我空轉
  14   2           while(KEY3==0); //按KEY3(P43)自我空轉(軟體模擬無效)
  15   2           while(KEY4==0); //按KEY4(P42)自我空轉(軟體模擬無效)
  16   2           LED=~i++;       //遞加輸出
  17   2           Delay_ms(100);  //延時
  18   2        }
  19   1      }


MODULE INFORMATION:   STATIC OVERLAYABLE
   CODE SIZE        =     83    ----
   CONSTANT SIZE    =   ----    ----
   XDATA SIZE       =   ----    ----
   PDATA SIZE       =   ----    ----
   DATA SIZE        =   ----       5
   IDATA SIZE       =   ----    ----
   BIT SIZE         =   ----    ----
END OF MODULE INFORMATION.


C51 COMPILATION COMPLETE.  0 WARNING(S),  0 ERROR(S)
