C51 COMPILER V9.56.0.0   3_39                                                              02/25/2020 11:29:02 PAGE 1   


C51 COMPILER V9.56.0.0, COMPILATION OF MODULE 3_39
OBJECT MODULE PLACED IN 3_39.OBJ
COMPILER INVOKED BY: C:\Keil_v51\C51\BIN\C51.EXE 3_39.c ROM(SMALL) OPTIMIZE(2,SPEED) BROWSE DEBUG OBJECTEXTEND TABS(2)

line level    source

   1          /************** 3_39.c ************************
   2          *動作：用while指令，由P0-P2輸出24小時電子鐘的變化
   3          *硬體：SW1-3(P0LED)及SW1-4(P1LED)ON
   4          ************************************************/
   5          #include "..\MPC82.H"  //暫存器及組態設定
   6          main()
   7          {
   8   1        char hor=23,min=58,sec=58;//設定時、分、秒變數及時間
   9   1        P0M0=0; P0M1=0xFF; //設定P0為推挽式輸出(M0-1=01)
  10   1        while(1)   //重覆執行
  11   1         {
  12   2          P0=~((sec/10<<4)+(sec%10)); //秒十進位輸出
  13   2          P1=~((min/10<<4)+(min%10)); //分十進位輸出
  14   2          P2=~((hor/10<<4)+(hor%10)); //時十進位輸出
  15   2          Delay_ms(100);  //延時
  16   2           sec++;           //秒加一   
  17   2           while(sec>59)    //若秒大於59往下執行
  18   2             { 
  19   3               sec=0; min++; //若秒大於59則令秒=0，分+1
  20   3               while(min>59) //若分大於59往下執行
  21   3                { 
  22   4                  min=0; hor++; //若分大於59則令分=0，時+1
  23   4                  while(hor>23) hor=0; //若時大於23，則時=0
  24   4                }
  25   3             }
  26   2         }
  27   1      } 


MODULE INFORMATION:   STATIC OVERLAYABLE
   CODE SIZE        =    200    ----
   CONSTANT SIZE    =   ----    ----
   XDATA SIZE       =   ----    ----
   PDATA SIZE       =   ----    ----
   DATA SIZE        =   ----       7
   IDATA SIZE       =   ----    ----
   BIT SIZE         =   ----    ----
END OF MODULE INFORMATION.


C51 COMPILATION COMPLETE.  0 WARNING(S),  0 ERROR(S)
