C51 COMPILER V9.05   3_3A                                                                  11/05/2011 09:16:57 PAGE 1   


C51 COMPILER V9.05, COMPILATION OF MODULE 3_3A
OBJECT MODULE PLACED IN 3_3A.OBJ
COMPILER INVOKED BY: C:\Keil\C51\BIN\C51.EXE 3_3A.c OPTIMIZE(2,SPEED) BROWSE DEBUG OBJECTEXTEND

line level    source

   1          //******** 3_3A.c *************************
   2          //*笆@GRA跑计
   3          //****************************************
   4          void test1(void)        //ㄧ计Α1
   5          {
   6   1         static char i=8; //脓iRA跑计A度材@Ω|磅     
   7   1         i=i+1;  //笆A跑计[1 
   8   1      }
   9          
  10          void test2(void)        //ㄧ计Α2
  11          {
  12   1         static char j=5; //脓iRA跑计A度材@Ω|磅     
  13   1         j=j+1;  //笆A跑计[1 
  14   1      }
  15          
  16          main()  //D{Α
  17          {
  18   1        loop:     
  19   1         test1();//iJㄧ计Α1
  20   1         test2();//iJㄧ计Α2
  21   1       goto loop;        
  22   1      }


MODULE INFORMATION:   STATIC OVERLAYABLE
   CODE SIZE        =     15    ----
   CONSTANT SIZE    =   ----    ----
   XDATA SIZE       =   ----    ----
   PDATA SIZE       =   ----    ----
   DATA SIZE        =      2    ----
   IDATA SIZE       =   ----    ----
   BIT SIZE         =   ----    ----
END OF MODULE INFORMATION.


C51 COMPILATION COMPLETE.  0 WARNING(S),  0 ERROR(S)
