C51 COMPILER V9.05   3_3B_1                                                                11/05/2011 09:30:13 PAGE 1   


C51 COMPILER V9.05, COMPILATION OF MODULE 3_3B_1
OBJECT MODULE PLACED IN 3_3B_1.OBJ
COMPILER INVOKED BY: C:\Keil\C51\BIN\C51.EXE 3_3B_1.c OPTIMIZE(2,SPEED) BROWSE DEBUG OBJECTEXTEND

line level    source

   1          /********* 3_3B_1.C *******************
   2          * 動作：遞加運算
   3          **************************************/ 
   4          extern char i;  //宣告變數在外面
   5          void test(void) //遞加函數 
   6          {
   7   1        i=i+1;         //變數遞加 
   8   1      }


MODULE INFORMATION:   STATIC OVERLAYABLE
   CODE SIZE        =      3    ----
   CONSTANT SIZE    =   ----    ----
   XDATA SIZE       =   ----    ----
   PDATA SIZE       =   ----    ----
   DATA SIZE        =   ----    ----
   IDATA SIZE       =   ----    ----
   BIT SIZE         =   ----    ----
END OF MODULE INFORMATION.


C51 COMPILATION COMPLETE.  0 WARNING(S),  0 ERROR(S)
