C51 COMPILER V9.05   3_41                                                                  11/05/2011 13:42:03 PAGE 1   


C51 COMPILER V9.05, COMPILATION OF MODULE 3_41
OBJECT MODULE PLACED IN 3_41.OBJ
COMPILER INVOKED BY: C:\Keil\C51\BIN\C51.EXE 3_41.C ROM(SMALL) OPTIMIZE(2,SPEED) BROWSE DEBUG OBJECTEXTEND

line level    source

   1          /********** 3_41.c *************************
   2          *動作：計算0+1+2+...+10的結果由LED輸出
   3          ********************************************/
   4          #include "..\MPC82.H"  //暫存器及組態設定
   5          //sfr LED=0x80; //P0為LED輸出
   6          main()
   7          {
   8   1        char i;   //計數
   9   1        char sum=0; //累加值=0
  10   1        P0M0=0; P0M1=0xFF; //設定P0為推挽式輸出(M0-1=01)
  11   1        for(i=0;i<=10;i++)//計數0~10
  12   1            sum=sum+i;     //累加計數值
  13   1        LED=sum;              //輸出累加值
  14   1        for(;  ; );   //自我空轉，停止執行
  15   1      }
  16          


MODULE INFORMATION:   STATIC OVERLAYABLE
   CODE SIZE        =     82    ----
   CONSTANT SIZE    =   ----    ----
   XDATA SIZE       =   ----    ----
   PDATA SIZE       =   ----    ----
   DATA SIZE        =   ----       6
   IDATA SIZE       =   ----    ----
   BIT SIZE         =   ----    ----
END OF MODULE INFORMATION.


C51 COMPILATION COMPLETE.  0 WARNING(S),  0 ERROR(S)
