C51 COMPILER V8.16   3_42                                                                  01/13/2009 20:57:06 PAGE 1   


C51 COMPILER V8.16, COMPILATION OF MODULE 3_42
OBJECT MODULE PLACED IN 3_42.OBJ
COMPILER INVOKED BY: C:\Keil\C51\BIN\C51.EXE 3_42.C BROWSE DEBUG OBJECTEXTEND

line level    source

   1          /************* 3_42.c ********************************
   2          *動作：令LED來回輸出霹靂燈，不斷的循環
   3          *硬體：修改為反相輸出，SW1-3(P0LED)ON
   4          ***********************************************/
   5          #include "..\MPC82.H"  //暫存器及組態設定
   6          main()
   7          {
   8   1       unsigned char  j=0x01;  //輸出值 
   9   1        char  i;       //計數
  10   1        for(  ;  ; )   //不斷的循環執行 
  11   1        {
  12   2          for (i=1;i<8;i++)  //左移7次 
  13   2           {
  14   3             LED=j;    //變數j由LED輸出
  15   3             Delay_ms(100);  //延時
  16   3             j=j<<1;  //變數j左移1 bit
  17   3           }
  18   2          for (i=1;i<8;i++)  //右移7次
  19   2           {
  20   3             LED=j;    //變數j由LED輸出
  21   3             Delay_ms(100);  //延時
  22   3             j=j>>1;  //變數j右移1 bit
  23   3           }
  24   2        }
  25   1      }


MODULE INFORMATION:   STATIC OVERLAYABLE
   CODE SIZE        =     68    ----
   CONSTANT SIZE    =   ----    ----
   XDATA SIZE       =   ----    ----
   PDATA SIZE       =   ----    ----
   DATA SIZE        =   ----    ----
   IDATA SIZE       =   ----    ----
   BIT SIZE         =   ----    ----
END OF MODULE INFORMATION.


C51 COMPILATION COMPLETE.  0 WARNING(S),  0 ERROR(S)
