C51 COMPILER V9.05   3_4B                                                                  11/05/2011 09:49:15 PAGE 1   


C51 COMPILER V9.05, COMPILATION OF MODULE 3_4B
OBJECT MODULE PLACED IN 3_4B.OBJ
COMPILER INVOKED BY: C:\Keil\C51\BIN\C51.EXE 3_4B.C OPTIMIZE(2,SPEED) BROWSE DEBUG OBJECTEXTEND

line level    source

   1          //*********** 3_4B.c *******************************
   2          //*笆@G跑计歆}]wdㄒ
   3          //**************************************************
   4          int  count  _at_  0x30;//脓i16-bit办跑计b歆}0x30の0x31
   5          void main()
   6          {
   7   1         count=0x1234;   //跑计飙
   8   1         loop:
   9   1         count=count +1; //跑计+1
  10   1          goto loop; 
  11   1      }


MODULE INFORMATION:   STATIC OVERLAYABLE
   CODE SIZE        =     17    ----
   CONSTANT SIZE    =   ----    ----
   XDATA SIZE       =   ----    ----
   PDATA SIZE       =   ----    ----
   DATA SIZE        =   ----    ----
   IDATA SIZE       =   ----    ----
   BIT SIZE         =   ----    ----
END OF MODULE INFORMATION.


C51 COMPILATION COMPLETE.  0 WARNING(S),  0 ERROR(S)
