C51 COMPILER V9.05   3_4C                                                                  10/25/2011 20:23:39 PAGE 1   


C51 COMPILER V9.05, COMPILATION OF MODULE 3_4C
OBJECT MODULE PLACED IN 3_4C.OBJ
COMPILER INVOKED BY: C:\Keil\C51\BIN\C51.EXE 3_4C.C OPTIMIZE(2,SPEED) BROWSE DEBUG OBJECTEXTEND

line level    source

   1          //******** 3_4C.c *************************
   2          //*動作：內部間接定址RAM(0x00~0xFF)變數
   3          //****************************************
   4           idata  char count _at_ 0x10; //宣告變數在內部間接RAM的位址  
   5          main()  //主程式
   6          {
   7   1        loop:     
   8   1          count=count+1;  //變數加1
   9   1        goto loop;    
  10   1       }


MODULE INFORMATION:   STATIC OVERLAYABLE
   CODE SIZE        =      6    ----
   CONSTANT SIZE    =   ----    ----
   XDATA SIZE       =   ----    ----
   PDATA SIZE       =   ----    ----
   DATA SIZE        =   ----    ----
   IDATA SIZE       =   ----    ----
   BIT SIZE         =   ----    ----
END OF MODULE INFORMATION.


C51 COMPILATION COMPLETE.  0 WARNING(S),  0 ERROR(S)
