C51 COMPILER V9.56.0.0   3_50                                                              02/25/2020 11:40:54 PAGE 1   


C51 COMPILER V9.56.0.0, COMPILATION OF MODULE 3_50
OBJECT MODULE PLACED IN 3_50.OBJ
COMPILER INVOKED BY: C:\Keil_v51\C51\BIN\C51.EXE 3_50.C ROM(SMALL) OPTIMIZE(2,SPEED) BROWSE DEBUG OBJECTEXTEND TABS(2)

line level    source

   1          /***** 3_50.c ***while迴圈中斷*****************
   2          *動作：LED輸出1~7，若超過則停止
   3          *硬體：SW1-3(P0LED)ON
   4          *********************************************/
   5          #include "..\MPC82.H"  //暫存器及組態設定
   6          main()
   7          {
   8   1        char  i=1;   //宣告計數初值
   9   1        P0M0=0; P0M1=0xFF; //設定P0為推挽式輸出(M0-1=01)
  10   1        while(1)     //重覆執行
  11   1        {
  12   2          LED=~i;   //計數由LED輸出
  13   2          Delay_ms(500);
  14   2          i++ ;    //計數遞加
  15   2          if(i>7) break;  //若i>7跳出迴圈
  16   2        }
  17   1        while(1);  //自我空轉
  18   1      }


MODULE INFORMATION:   STATIC OVERLAYABLE
   CODE SIZE        =     83    ----
   CONSTANT SIZE    =   ----    ----
   XDATA SIZE       =   ----    ----
   PDATA SIZE       =   ----    ----
   DATA SIZE        =   ----       5
   IDATA SIZE       =   ----    ----
   BIT SIZE         =   ----    ----
END OF MODULE INFORMATION.


C51 COMPILATION COMPLETE.  0 WARNING(S),  0 ERROR(S)
