C51 COMPILER V9.05   3_5A                                                                  11/05/2011 10:11:46 PAGE 1   


C51 COMPILER V9.05, COMPILATION OF MODULE 3_5A
OBJECT MODULE PLACED IN 3_5A.OBJ
COMPILER INVOKED BY: C:\Keil\C51\BIN\C51.EXE 3_5A.C OPTIMIZE(2,SPEED) BROWSE DEBUG OBJECTEXTEND

line level    source

   1          /*********** 3_5A.c ******************************************
   2          *動作：由RAM讀取二維陣列資料
   3          *************************************************************/
   4          #include "..\MPC82.H"  //暫存器及組態設定
   5          unsigned char TABLE[4][8]=  //二維陣列資料
   6          {
   7            {0x01,0x02,0x03,0x04,0x05,0x06,0x07,0x08}, //陣列0,0~0,7
   8            {0x11,0x12,0x13,0x14,0x15,0x16,0x17,0x18}, //陣列1,0~1,7 
   9            {0x21,0x22,0x23,0x24,0x25,0x26,0x27,0x28}, //陣列2,0~2,7
  10            {0x31,0x32,0x33,0x34,0x35,0x36,0x37,0x38}, //陣列3,0~3,7
  11          };
  12          main()
  13          {
  14   1           static unsigned char i; //定義計數變數由0~255
  15   1         loop:
  16   1          i=TABLE[0][0]; //i=0x01
  17   1          i=TABLE[1][1]; //i=0x12
  18   1          i=TABLE[2][2]; //i=0x23
  19   1          i=TABLE[3][3]; //i=0x34
  20   1          i=TABLE[0][4]; //i=0x05
  21   1          i=TABLE[1][5]; //i=0x16
  22   1          i=TABLE[2][6]; //i=0x27
  23   1          i=TABLE[3][7]; //i=0x38
  24   1         goto loop;  
  25   1      }


MODULE INFORMATION:   STATIC OVERLAYABLE
   CODE SIZE        =     72    ----
   CONSTANT SIZE    =   ----    ----
   XDATA SIZE       =   ----    ----
   PDATA SIZE       =   ----    ----
   DATA SIZE        =     33       4
   IDATA SIZE       =   ----    ----
   BIT SIZE         =   ----    ----
END OF MODULE INFORMATION.


C51 COMPILATION COMPLETE.  0 WARNING(S),  0 ERROR(S)
