C51 COMPILER V9.56.0.0   3_6                                                               02/25/2020 10:04:07 PAGE 1   


C51 COMPILER V9.56.0.0, COMPILATION OF MODULE 3_6
OBJECT MODULE PLACED IN 3_6.OBJ
COMPILER INVOKED BY: C:\Keil_v51\C51\BIN\C51.EXE 3_6.C ROM(SMALL) OPTIMIZE(2,SPEED) BROWSE DEBUG OBJECTEXTEND TABS(2)

line level    source

   1          //*********** 3_6.c ********************************
   2          //*動作：由ROM讀取256筆陣列資料由LED輸出
   3          //*硬體：SW1-3(P0LED)ON
   4          //***************************************************
   5          #include "..\MPC82.H"  //暫存器及組態設定
   6          #include "TABLE8.h" //包括陣列資料定義 
   7          main()
   8          {
   9   1          unsigned char  i=0;  //定義計數變數由0~255
  10   1          P0M0=0; P0M1=0xFF; //設定P0為推挽式輸出(M0-1=01)
  11   1        loop:
  12   1         LED=~TABLE[i];   
  13   1         LED1=~TABLE[i];
  14   1         i=i+1;          //換下一筆資料
  15   1         Delay_ms(200);  //延時100ms
  16   1       goto loop;  
  17   1      }
  18           


MODULE INFORMATION:   STATIC OVERLAYABLE
   CODE SIZE        =     89    ----
   CONSTANT SIZE    =    256    ----
   XDATA SIZE       =   ----    ----
   PDATA SIZE       =   ----    ----
   DATA SIZE        =   ----       5
   IDATA SIZE       =   ----    ----
   BIT SIZE         =   ----    ----
END OF MODULE INFORMATION.


C51 COMPILATION COMPLETE.  0 WARNING(S),  0 ERROR(S)
