C51 COMPILER V9.05   3_60                                                                  11/05/2011 14:42:23 PAGE 1   


C51 COMPILER V9.05, COMPILATION OF MODULE 3_60
OBJECT MODULE PLACED IN 3_60.OBJ
COMPILER INVOKED BY: C:\Keil\C51\BIN\C51.EXE 3_60.C ROM(SMALL) OPTIMIZE(2,SPEED) BROWSE DEBUG OBJECTEXTEND

line level    source

   1          /************* 3_60.c ***********************
   2          *笆@G衡计ㄧ计abs()のsqrt()豪偿
   3          *********************************************/
   4          #include <math.h> //N衡计ㄧ计]Aiㄓ
   5          main()
   6          {
   7   1         char i=-5;
   8   1         loop: 
   9   1         i=abs(i);   //跑计i荡癸取AΘタ计=5 
  10   1         i=i*i;      //i=5*5=25 
  11   1         i=sqrt(i);  //跑计i}诟=5
  12   1         i=-i;       //跑计iΘt计=-5
  13   1       goto loop;
  14   1      }
  15          
  16          
  17          


MODULE INFORMATION:   STATIC OVERLAYABLE
   CODE SIZE        =     42    ----
   CONSTANT SIZE    =   ----    ----
   XDATA SIZE       =   ----    ----
   PDATA SIZE       =   ----    ----
   DATA SIZE        =   ----       1
   IDATA SIZE       =   ----    ----
   BIT SIZE         =   ----    ----
END OF MODULE INFORMATION.


C51 COMPILATION COMPLETE.  0 WARNING(S),  0 ERROR(S)
