C51 COMPILER V9.05   3_61                                                                  11/05/2011 14:45:18 PAGE 1   


C51 COMPILER V9.05, COMPILATION OF MODULE 3_61
OBJECT MODULE PLACED IN 3_61.OBJ
COMPILER INVOKED BY: C:\Keil\C51\BIN\C51.EXE 3_61.C ROM(SMALL) OPTIMIZE(2,SPEED) BROWSE DEBUG OBJECTEXTEND

line level    source

   1          /************* 3_61.c *************************
   2          *動作：三角函數的應用，計算角度0~360度的數值
   3          **********************************************/
   4          #include <math.h> //將算數函數包括進來
   5          main()
   6          {
   7   1         float  x,y,z;   //計算結果
   8   1         int i=0;        //角度=0
   9   1         for(i=0; i<=360; i=i+15)  //計算0~360度，間隔15度
  10   1          {
  11   2           x=sin(i*3.14159/180);  //計算正弦的值
  12   2           y=cos(i*3.14159/180);  //計算餘弦的值
  13   2           z=tan(i*3.14159/180);  //計算正切的值
  14   2         }
  15   1       while(1);  //自轉
  16   1      }


MODULE INFORMATION:   STATIC OVERLAYABLE
   CODE SIZE        =    152    ----
   CONSTANT SIZE    =   ----    ----
   XDATA SIZE       =   ----    ----
   PDATA SIZE       =   ----    ----
   DATA SIZE        =   ----      14
   IDATA SIZE       =   ----    ----
   BIT SIZE         =   ----    ----
END OF MODULE INFORMATION.


C51 COMPILATION COMPLETE.  0 WARNING(S),  0 ERROR(S)
