C51 COMPILER V9.56.0.0   3_62                                                              02/25/2020 14:15:56 PAGE 1   


C51 COMPILER V9.56.0.0, COMPILATION OF MODULE 3_62
OBJECT MODULE PLACED IN 3_62.OBJ
COMPILER INVOKED BY: C:\Keil_v51\C51\BIN\C51.EXE 3_62.c ROM(SMALL) OPTIMIZE(2,SPEED) BROWSE DEBUG OBJECTEXTEND TABS(2)

line level    source

   1          /********* 3_62.c ***旋轉函數範例***************
   2          *動作：令LED左旋轉 
   3          *硬體：SW1-3(P0LED)ON
   4          *************************************************/
   5          #include "..\MPC82.H"  //暫存器及組態設定
   6          main()
   7          {
   8   1          unsigned char i=0x01; //定義8-bit變數
   9   1          P0M0=0; P0M1=0xFF; //設定P0為推挽式輸出(M0-1=01)
  10   1        loop:
  11   1          LED=~i; //變數輸出
  12   1          Delay_ms(100); //延時
  13   1          i=RR8(i); //8-bit變數左旋轉
  14   1         goto loop;
  15   1      }


MODULE INFORMATION:   STATIC OVERLAYABLE
   CODE SIZE        =     82    ----
   CONSTANT SIZE    =   ----    ----
   XDATA SIZE       =   ----    ----
   PDATA SIZE       =   ----    ----
   DATA SIZE        =   ----       5
   IDATA SIZE       =   ----    ----
   BIT SIZE         =   ----    ----
END OF MODULE INFORMATION.


C51 COMPILATION COMPLETE.  0 WARNING(S),  0 ERROR(S)
