C51 COMPILER V9.05   3_64                                                                  11/05/2011 15:09:58 PAGE 1   


C51 COMPILER V9.05, COMPILATION OF MODULE 3_64
OBJECT MODULE PLACED IN 3_64.OBJ
COMPILER INVOKED BY: C:\Keil\C51\BIN\C51.EXE 3_64.C ROM(SMALL) OPTIMIZE(2,SPEED) BROWSE DEBUG OBJECTEXTEND

line level    source

   1          //*********3_64.C********自定多個程式********************
   2          //動作︰令LED遞加輸出延時
   3          //硬體：SW1-3(P0LED)ON
   4          //********************************************************
   5          #include "..\MPC82.H"  //暫存器及組態定義
   6          main()
   7          {       
   8   1        unsigned char i=0;
   9   1        P0M0=0; P0M1=0xFF; //設定P0為推挽式輸出(M0-1=01)
  10   1        while(1) //重覆執行
  11   1        { 
  12   2          LED=~i++;     //遞加輸出
  13   2          Delay_ms(200);//延時0.2秒
  14   2        }
  15   1      }


MODULE INFORMATION:   STATIC OVERLAYABLE
   CODE SIZE        =     71    ----
   CONSTANT SIZE    =   ----    ----
   XDATA SIZE       =   ----    ----
   PDATA SIZE       =   ----    ----
   DATA SIZE        =   ----       5
   IDATA SIZE       =   ----    ----
   BIT SIZE         =   ----    ----
END OF MODULE INFORMATION.


C51 COMPILATION COMPLETE.  0 WARNING(S),  0 ERROR(S)
