C51 COMPILER V9.05   3_7                                                                   11/05/2011 10:43:04 PAGE 1   


C51 COMPILER V9.05, COMPILATION OF MODULE 3_7
OBJECT MODULE PLACED IN 3_7.OBJ
COMPILER INVOKED BY: C:\Keil\C51\BIN\C51.EXE 3_7.C ROM(SMALL) OPTIMIZE(2,SPEED) BROWSE DEBUG OBJECTEXTEND

line level    source

   1          /*********** 3_7.c *************************
   2          *笆@GNp计圈bgJ}C跑计ず
   3          *********************************************/ 
   4          //unsigned char TABLE[110]=0;//M埃ず场RAM喊}Cずe
   5          //unsigned char idata TABLE[240]=0;//M埃ず场丁钡RAM喊}Cずe
   6          unsigned char xdata TABLE[1024]=0;//M埃XRRAM喊}Cずe
   7          
   8          main()
   9          {
  10   1        unsigned char i=0;  //脓i8-bitp计跑计
  11   1       loop:
  12   1        TABLE[i]=i; //p计燃gJ}C跑计
  13   1        i=i+1;          //p计患[
  14   1       goto loop;
  15   1      }


MODULE INFORMATION:   STATIC OVERLAYABLE
   CODE SIZE        =     23    ----
   CONSTANT SIZE    =   ----    ----
   XDATA SIZE       =   1024    ----
   PDATA SIZE       =   ----    ----
   DATA SIZE        =   ----       1
   IDATA SIZE       =   ----    ----
   BIT SIZE         =   ----    ----
END OF MODULE INFORMATION.


C51 COMPILATION COMPLETE.  0 WARNING(S),  0 ERROR(S)
