C51 COMPILER V9.03   ADC1                                                                  11/27/2011 09:55:42 PAGE 1   


C51 COMPILER V9.03, COMPILATION OF MODULE ADC1
OBJECT MODULE PLACED IN ADC1.OBJ
COMPILER INVOKED BY: C:\Keil\C51\BIN\C51.EXE ADC1.C OPTIMIZE(0,SPEED) BROWSE DEBUG OBJECTEXTEND

line level    source

   1          /************** ADC1.C *******ADC實習範例**********
   2          *動作：輸入類比電壓，讀取高8-bit數位資料，由LED顯示
   3          *硬體：SW1-3(P0LED) ON, SW3-1(Ain0) ON，調整Ain0的VR2
   4          ****************************************************/
   5          #include "..\MPC82.H"
   6          #define  ch     0 //指定由Ain0進行ADC轉換
   7          void main(void)
   8          {
   9   1       P0M0=0; P0M1=0xFF; //設定P0為推挽式輸出(M0-1=01)
  10   1       while(1)
  11   1        {
  12   2          ADCTL =ADCON + ADCS + ch; //ADC工作及指定道通進行ADC轉換
  13   2          while(!(ADCTL & ADCI));   //檢查ADCI是否轉換完畢
  14   2          ADCTL=0;                  //轉換完畢，停止ADC工作
  15   2          LED=~ADCH;                    //高8-bit數位資料，由LED顯示
  16   2              Delay_ms(100);
  17   2        }
  18   1      }


MODULE INFORMATION:   STATIC OVERLAYABLE
   CODE SIZE        =     77    ----
   CONSTANT SIZE    =   ----    ----
   XDATA SIZE       =   ----    ----
   PDATA SIZE       =   ----    ----
   DATA SIZE        =      4    ----
   IDATA SIZE       =   ----    ----
   BIT SIZE         =   ----    ----
END OF MODULE INFORMATION.


C51 COMPILATION COMPLETE.  0 WARNING(S),  0 ERROR(S)
