C51 COMPILER V9.03   DAC1                                                                  11/27/2011 09:11:32 PAGE 1   


C51 COMPILER V9.03, COMPILATION OF MODULE DAC1
OBJECT MODULE PLACED IN DAC1.OBJ
COMPILER INVOKED BY: C:\Keil\C51\BIN\C51.EXE DAC1.C BROWSE DEBUG OBJECTEXTEND

line level    source

   1          /**************** DAC1.C *************************
   2          *動作：由P0送出數位資料到DAC輸出三角波                   
   3          *************************************************/
   4          #include "..\MPC82.H"  //暫存器及組態定義
   5          main()  
   6          {
   7   1        unsigned char i=0; //輸出數位資料
   8   1        while(1)    // 重覆執行 
   9   1        {   
  10   2              while(++i) P0=i; //數位資料遞加輸出到0
  11   2              while(--i) P0=i; //數位資料遞減輸出到0  
  12   2        }
  13   1      }


MODULE INFORMATION:   STATIC OVERLAYABLE
   CODE SIZE        =     45    ----
   CONSTANT SIZE    =   ----    ----
   XDATA SIZE       =   ----    ----
   PDATA SIZE       =   ----    ----
   DATA SIZE        =   ----    ----
   IDATA SIZE       =   ----    ----
   BIT SIZE         =   ----    ----
END OF MODULE INFORMATION.


C51 COMPILATION COMPLETE.  0 WARNING(S),  0 ERROR(S)
