C51 COMPILER V9.03   DAC3                                                                  11/27/2011 09:39:51 PAGE 1   


C51 COMPILER V9.03, COMPILATION OF MODULE DAC3
OBJECT MODULE PLACED IN DAC3.OBJ
COMPILER INVOKED BY: C:\Keil\C51\BIN\C51.EXE DAC3.C BROWSE DEBUG OBJECTEXTEND

line level    source

   1          /*******DAC3.C*****使用列表法輸出正弦波*******************
   2          *功能：讀取正弦列表資料，由P0送到DAC產生正弦波。
   3          ***********************************************************/
   4          #include  "..\MPC82.H"
   5          #include  "TABLE.H"      // 正弦波列表資料
   6          #include  "cos_TABLE.H"  // 正弦波列表資料 
   7          int i;   //角度
   8          main()
   9          {
  10   1        while(1)  //重覆執行 
  11   1         {
  12   2           for(i=0;i<360;i++)    //角度0~359度
  13   2             {
  14   3                  P0=sin_table[i];  //讀取角度的數位資料輸出
  15   3                      P1=cos_table[i];  //讀取角度的數位資料輸出
  16   3                      NOP();
  17   3                 }
  18   2         }
  19   1      }


MODULE INFORMATION:   STATIC OVERLAYABLE
   CODE SIZE        =     83    ----
   CONSTANT SIZE    =    720    ----
   XDATA SIZE       =   ----    ----
   PDATA SIZE       =   ----    ----
   DATA SIZE        =      2    ----
   IDATA SIZE       =   ----    ----
   BIT SIZE         =   ----    ----
END OF MODULE INFORMATION.


C51 COMPILATION COMPLETE.  0 WARNING(S),  0 ERROR(S)
