C51 COMPILER V9.03   DAC4                                                                  11/27/2011 09:47:46 PAGE 1   


C51 COMPILER V9.03, COMPILATION OF MODULE DAC4
OBJECT MODULE PLACED IN DAC4.OBJ
COMPILER INVOKED BY: C:\Keil\C51\BIN\C51.EXE DAC4.C BROWSE DEBUG OBJECTEXTEND

line level    source

   1          /*******DAC3.C*****使用列表法輸出三相波形*******************
   2          *功能：讀取正弦列表資料，由P0~P2送三相波形。
   3          ***********************************************************/
   4          #include  "..\MPC82.H"
   5          #include  "TABLE.H"      // 正弦波列表資料 
   6          int u,v,w;   //三相波形角度
   7          main()
   8          {
   9   1              while(1)  //重覆執行 
  10   1              {
  11   2                for(u=0;u<360;u++)             //u相波形角度
  12   2                      {
  13   3                              v=u+120; if(v > 359) v=v-360; //v相波形角度
  14   3                              w=u+240; if(w > 359) w=w-360; //w相波形角度
  15   3                              P0=sin_table[u];
  16   3                              P1=sin_table[v];
  17   3                              P2=sin_table[w];
  18   3                      }
  19   2              }
  20   1      }


MODULE INFORMATION:   STATIC OVERLAYABLE
   CODE SIZE        =    176    ----
   CONSTANT SIZE    =    360    ----
   XDATA SIZE       =   ----    ----
   PDATA SIZE       =   ----    ----
   DATA SIZE        =      6    ----
   IDATA SIZE       =   ----    ----
   BIT SIZE         =   ----    ----
END OF MODULE INFORMATION.


C51 COMPILATION COMPLETE.  0 WARNING(S),  0 ERROR(S)
