C51 COMPILER V8.10   7_1                                                                   09/12/2009 10:36:38 PAGE 1   


C51 COMPILER V8.10, COMPILATION OF MODULE 7_1
OBJECT MODULE PLACED IN 7_1.OBJ
COMPILER INVOKED BY: C:\Keil\C51\BIN\C51.EXE 7_1.C OPTIMIZE(0,SPEED) BROWSE DEBUG OBJECTEXTEND

line level    source

   1          /********** 7_1.c ****MODE0串列發射*********
   2          * 動作：以MODE0串列格式，將陣列字元發射出去
   3          ********************************************/
   4          #include "..\MPC82.H"   //暫存器及組態定義
   5          char code TABLE[]={"ABCDEFGHIJKLMNOP"};//陣列字元資料 
   6          
   7          main()
   8          {
   9   1         char  i;   //字元計數值
  10   1         //AUXR2=URM0X6;      //鮑率=Fosc/2(軟體模擬無效)
  11   1         SCON=0x00;  /*0000 0000,設定串列埠為模式0
  12   1                         bit7-6:mode=00,串列埠為模式0 */ 
  13   1         for(i=0;i<16;i++)  //字元計數值=0~15
  14   1          {
  15   2           SBUF=TABLE[i]; //陣列內1個字元送到SBUF，開始發射
  16   2           while(TI==0);  //若TI=0表示未發射完畢，再繼續檢查
  17   2           TI=0;           //若TI=1表示已發射完畢，須清除TI=0     
  18   2          }
  19   1         while(1);        //自我空轉
  20   1      }


MODULE INFORMATION:   STATIC OVERLAYABLE
   CODE SIZE        =     94    ----
   CONSTANT SIZE    =     17    ----
   XDATA SIZE       =   ----    ----
   PDATA SIZE       =   ----    ----
   DATA SIZE        =      5    ----
   IDATA SIZE       =   ----    ----
   BIT SIZE         =   ----    ----
END OF MODULE INFORMATION.


C51 COMPILATION COMPLETE.  0 WARNING(S),  0 ERROR(S)
