C51 COMPILER V9.03   UART8                                                                 04/27/2011 20:23:43 PAGE 1   


C51 COMPILER V9.03, COMPILATION OF MODULE UART8
OBJECT MODULE PLACED IN UART8.OBJ
COMPILER INVOKED BY: C:\Keil\C51\BIN\C51.EXE UART8.C BROWSE DEBUG OBJECTEXTEND

line level    source

   1          /********** UART8.C ********串列埠函數接收*****************
   2          *動作：電腦UART送出字元，由getchar()函數接收，在LED0顯示
   3          *                        由getkey()函數接收，在LED1顯示
   4          *硬體：SW1-3(P0LED)、SW1-4(P1LED)SW3-3(TxD1)及SW3-4(RxD1)ON
   5          ***********************************************************/
   6          #include "..\MPC82.H"   //暫存器及組態定義
   7          #include <stdio.h>      //加入標準輸出入函數
   8          main()
   9          {
  10   1        UART_init(9600); //設定串列環境及鮑率
  11   1        TI=1;
  12   1        while(1)    //不斷循環執行
  13   1         { 
  14   2           LED0=~getchar(); //等待按鍵，由串列埠輸入字元到LED0及畫面顯示
  15   2           putchar('\n');   //跳行
  16   2           LED1=~getkey();  //等待按鍵，由串列埠輸入字元到LED1顯示
  17   2           putchar('\n');   //跳行
  18   2        }
  19   1      }
  20          /***********************************************************
  21          *函數名稱: UART_init
  22          *功能描述: UART啟始程式
  23          *輸入參數：bps
  24          ************************************************************/
  25          void UART_init(unsigned int bps)  //UART啟始程式
  26          {  P0M0=0; P0M1=0xFF; //設定P0為推挽式輸出(M0-1=01)
  27   1         SCON = 0x50;     //設定UART串列傳輸為MODE1及致能接收
  28   1         TMOD = 0x20;     //設定TIMER1為MODE2
  29   1         TH1 = 256-(57600/bps);  //設計時器決定串列傳輸鮑率
  30   1         TR1 = 1;          //開始計時
  31   1      }


MODULE INFORMATION:   STATIC OVERLAYABLE
   CODE SIZE        =     96    ----
   CONSTANT SIZE    =   ----    ----
   XDATA SIZE       =   ----    ----
   PDATA SIZE       =   ----    ----
   DATA SIZE        =   ----    ----
   IDATA SIZE       =   ----    ----
   BIT SIZE         =   ----    ----
END OF MODULE INFORMATION.


C51 COMPILATION COMPLETE.  0 WARNING(S),  0 ERROR(S)
