C51 COMPILER V9.03   SPI1                                                                  11/27/2011 11:40:33 PAGE 1   


C51 COMPILER V9.03, COMPILATION OF MODULE SPI1
OBJECT MODULE PLACED IN SPI1.OBJ
COMPILER INVOKED BY: C:\Keil\C51\BIN\C51.EXE SPI1.c OPTIMIZE(0,SPEED) BROWSE DEBUG OBJECTEXTEND

line level    source

   1          /********SPI1.C***********SPI自我傳輸範例*****************
   2          *功能︰使用SPI界面MOSI發射串列資料，由MISO接收在LED輸出。
   3          *硬體：SW1-3(P0LED)ON，P15(MOSI)連接P16(MISO)
   4          **********************************************************/
   5          #include "..\MPC82.H"
   6          void main(void)
   7          {
   8   1        unsigned char i=0;//計數
   9   1        P0M0=0; P0M1=0xFF; //設定P0為推挽式輸出(M0-1=01)
  10   1        SPCTL = SSIG+SPEN+MSTR+3;  //忽略SS腳、致能為Master，速度Fosc/128
  11   1        while(1)
  12   1        {     
  13   2              SPDAT = i++;               //寫入串列資料，令THRE=1
  14   2              while(SPSTAT & WCOL);  //若WCOL=0，表示發射資料緩衝器已空(Empty)
  15   2              Delay_ms(1000);     //開始串列發射資料，延時，另一端串列接收
  16   2              while((SPSTAT & SPIF)==0); //若SPIF=0未接收完畢，等待之
  17   2              SPSTAT = SPIF;   //清除SPI旗標  
  18   2              LED=~SPDAT;          //接收串列資料由LED輸出
  19   2        }
  20   1      }


MODULE INFORMATION:   STATIC OVERLAYABLE
   CODE SIZE        =     91    ----
   CONSTANT SIZE    =   ----    ----
   XDATA SIZE       =   ----    ----
   PDATA SIZE       =   ----    ----
   DATA SIZE        =      5    ----
   IDATA SIZE       =   ----    ----
   BIT SIZE         =   ----    ----
END OF MODULE INFORMATION.


C51 COMPILATION COMPLETE.  0 WARNING(S),  0 ERROR(S)
