C51 COMPILER V9.02   SPI2                                                                  08/03/2010 09:16:45 PAGE 1   


C51 COMPILER V9.02, COMPILATION OF MODULE SPI2
OBJECT MODULE PLACED IN SPI2.OBJ
COMPILER INVOKED BY: C:\Keil\C51\BIN\C51.EXE SPI2.c OPTIMIZE(0,SPEED) BROWSE DEBUG OBJECTEXTEND

line level    source

   1          /********SPI2.C***********SPI主模式發射範例*****************
   2          *功能︰使用SPI界面MOSI發射串列資料
   3          *硬體：SW1-3(P0LED)ON，由J12(SPI)連接另一片實習板的J12(SPI)
   4          ************************************************************/
   5          #include "..\MPC82.H"
   6          void main(void)
   7          {
   8   1        unsigned char i=0;//計數
   9   1        P0M0=0; P0M1=0xFF; //設定P0為推挽式輸出(M0-1=01)
  10   1        SPCTL = SSIG+SPEN+MSTR+3;//忽略SS腳、致能為Master，速度Fosc/128
  11   1        while(1)
  12   1        {     
  13   2              SS=0;           //SS(P14)=0，致能Slave晶片      
  14   2              LED=~i;             //計數由LED輸出
  15   2              SPDAT = i++;    //寫入資料開始發射
  16   2              while((SPSTAT & SPIF)==0);//若SPIF=0未發射完畢，等待之
  17   2              SPSTAT = SPIF; //清除SPI旗標    
  18   2              Delay_ms(1000);
  19   2              SS=1;               //SS(P14)=1，禁能Slave晶片
  20   2        }
  21   1      }


MODULE INFORMATION:   STATIC OVERLAYABLE
   CODE SIZE        =     90    ----
   CONSTANT SIZE    =   ----    ----
   XDATA SIZE       =   ----    ----
   PDATA SIZE       =   ----    ----
   DATA SIZE        =      5    ----
   IDATA SIZE       =   ----    ----
   BIT SIZE         =   ----    ----
END OF MODULE INFORMATION.


C51 COMPILATION COMPLETE.  0 WARNING(S),  0 ERROR(S)
