"File: U1_2_4.c      Assembler  Version HGASM0202      Page 1


   1  0000              ; Generated by holtek-gcc v3.19, Tue Mar 17 11:39:23 2020
   2  0000              ; 
   3  0000              ; Configuration:
   4  0000              ;       with long instruction
   5  0000              ;       Multi-ROM, Multi-RAM
   6  0000              ;       bits_per_rom_unit:16
   7  0000              ;       with mp1
   8  0000              ;       with tbhp, address(0x9)
   9  0000              ;          Use tabrd-const
  10  0000              ;       
  11  0000              ; SFR address of long-instruction arch:
  12  0000              ;    mp0 = -1,1,0
  13  0000              ;    mp1 = 4,3,2
  14  0000              ;    mp2 = 14,13,12
  15  0000              ;    tbp = 9,7,8
  16  0000              ;    acc = 5
  17  0000              ;    pcl = 6
  18  0000              ;    status = 10
  19  0000              ;    bp = 11
  20  0000              ;    intc = 16
  21  0000              ;       
  22  0000              ;       
  23  0000              ; use 'tabrdc' instead of 'tabrd'
  24  0000              ;       
  25  0000              
  26  0000              #pragma translator "holtek-gcc 4.6.4" "3.19" "build 20130711"
  27  0000              ; Rebuild 718
  28  0000              
  29  0000              ir equ [2]
  30  0000              mp equ [3]
  31  0000              sbp equ [4]
  32  0000              acc equ [5]
  33  0000              bp equ [11]
  34  0000              tblp equ [7]
  35  0000              tbhp equ [9]
  36  0000              status equ [10]
  37  0000              c equ [10].0
  38  0000              ac equ [10].1
  39  0000              z equ [10].2
  40  0000              ov equ [10].3
  41  0000              cz equ [10].6
  42  0000              sc equ [10].7
  43  0000              intc equ [16]
  44  0000              mduwr0 equ [59h]
  45  0000              mduwr1 equ [5ah]
  46  0000              mduwr2 equ [5bh]
  47  0000              mduwr3 equ [5ch]
  48  0000              mduwr4 equ [5dh]
  49  0000              mduwr5 equ [5eh]
  50  0000              mduwrctrl equ [5fh]
  51  0000              
  52  0000              extern ra:byte
  53  0000              extern rb:byte
  54  0000              extern rc:byte
  55  0000              extern rd:byte
  56  0000              extern re:byte
  57  0000              extern rf:byte
  58  0000              extern rg:byte
  59  0000              extern rh:byte
"File: U1_2_4.ASM    Assembler  Version HGASM0202      Page 2

  60  0000              extern _Crom2Prom:near
  61  0000              extern _Crom2PromNext:near
  62  0000              
  63  0000              RAMBANK 0 @BITDATASEC, @BITDATASEC1
  64  0000              @HCCINIT	.section 'data'
  65  0000              @HCCINIT0	.section 'data'
  66  0000              @BITDATASEC	 .section 'data'
  67  0000              @BITDATASEC1	 .section 'data'
  68  0000              
  69  0000              #pragma debug scope 1 1
  70  0000              	extern __DELAY3:near
  71  0000              	extern __DELAYX3:near
  72  0000              	extern __DELAYX6:near
  73  0000              	extern __DELAYY5:near
  74  0000              	extern __DELAYY3:near
  75  0000              	extern _builtin_holtek_delay_2:byte
  76  0000              public _Delay10ms
  77  0000              #pragma debug scope 2 1

  25  0000              #line 25 "C:\Users\mac305\Google\Program_HT_IDE3000\U1\U1_2_4.c"
  25  0000              _Delay10ms .section 'code'
  25  0000              _Delay10ms proc
  25  0000  00              local _Delay10ms_2 db 1 dup(?)	; 0,1
  25  0000  0080     R  	mov _Delay10ms_2[0],a
  25  0001              #pragma debug variable 8 2 _Delay10ms_2+0 "del"
  26  0001              #line 26 "C:\Users\mac305\Google\Program_HT_IDE3000\U1\U1_2_4.c"
  26  0001  1F00     E  	clr ra
  26  0002  2800     R  	jmp _L2
  26  0003              _L3:
  26  0003              #line 26 "C:\Users\mac305\Google\Program_HT_IDE3000\U1\U1_2_4.c"
  26  0003              ;# 26 "C:\Users\mac305\Google\Program_HT_IDE3000\U1\U1_2_4.c" 1
  26  0003              	IF 20000>263690
  26  0003              ;# 26 "C:\Users\mac305\Google\Program_HT_IDE3000\U1\U1_2_4.c" 1
  26  0003              	ERRMESSAGE 'the value 20000of the argument exceeds the maxinum 263690'
  26  0003              	ENDIF
  26  0003              ;# 26 "C:\Users\mac305\Google\Program_HT_IDE3000\U1\U1_2_4.c" 1
  26  0003              	IF 20000<0
  26  0003              ;# 26 "C:\Users\mac305\Google\Program_HT_IDE3000\U1\U1_2_4.c" 1
  26  0003              	ERRMESSAGE 'the value 20000 of the argument exceeds the mininum 0'
  26  0003              	ENDIF
  26  0003              ;# 26 "C:\Users\mac305\Google\Program_HT_IDE3000\U1\U1_2_4.c" 1
  26  0003              	IF 20000==0
  26  0003              ;# 26 "C:\Users\mac305\Google\Program_HT_IDE3000\U1\U1_2_4.c" 1
  26  0003              	JMP $
  26  0003              	ENDIF
  26  0003              ;# 26 "C:\Users\mac305\Google\Program_HT_IDE3000\U1\U1_2_4.c" 1
  26  0003              	IF (20000>=1) AND (20000<( 4 + __PBP__ * 2))
  26  0003              ;# 26 "C:\Users\mac305\Google\Program_HT_IDE3000\U1\U1_2_4.c" 1
  26  0003              	NOP
  26  0003              	ENDIF
  26  0003              ;# 26 "C:\Users\mac305\Google\Program_HT_IDE3000\U1\U1_2_4.c" 1
  26  0003              	IF (20000>=2) AND (20000<( 4 + __PBP__ * 2))
  26  0003              ;# 26 "C:\Users\mac305\Google\Program_HT_IDE3000\U1\U1_2_4.c" 1
  26  0003              	NOP
  26  0003              	ENDIF
  26  0003              ;# 26 "C:\Users\mac305\Google\Program_HT_IDE3000\U1\U1_2_4.c" 1
  26  0003              	IF (20000>=3) AND (20000<( 4 + __PBP__ * 2))
  26  0003              ;# 26 "C:\Users\mac305\Google\Program_HT_IDE3000\U1\U1_2_4.c" 1
  26  0003              	NOP
  26  0003              	ENDIF
"File: U1_2_4.c      Assembler  Version HGASM0202      Page 3

  26  0003              ;# 26 "C:\Users\mac305\Google\Program_HT_IDE3000\U1\U1_2_4.c" 1
  26  0003              	IF (20000>=4) AND (20000<( 4 + __PBP__ * 2)) AND ( __PBP__ > 0 )
  26  0003              ;# 26 "C:\Users\mac305\Google\Program_HT_IDE3000\U1\U1_2_4.c" 1
  26  0003              	NOP
  26  0003              	ENDIF
  26  0003              ;# 26 "C:\Users\mac305\Google\Program_HT_IDE3000\U1\U1_2_4.c" 1
  26  0003              	IF (20000>=5) AND (20000<( 4 + __PBP__ * 2)) AND ( __PBP__ > 0 )
  26  0003              ;# 26 "C:\Users\mac305\Google\Program_HT_IDE3000\U1\U1_2_4.c" 1
  26  0003              	NOP
  26  0003              	ENDIF
  26  0003              ;# 26 "C:\Users\mac305\Google\Program_HT_IDE3000\U1\U1_2_4.c" 1
  26  0003              	IF (20000>=6) AND (20000<( 4 + __PBP__ * 2))  AND ( __PBP__ > 1 )
  26  0003              ;# 26 "C:\Users\mac305\Google\Program_HT_IDE3000\U1\U1_2_4.c" 1
  26  0003              	NOP
  26  0003              	ENDIF
  26  0003              ;# 26 "C:\Users\mac305\Google\Program_HT_IDE3000\U1\U1_2_4.c" 1
  26  0003              	IF (20000>=7) AND (20000<( 4 + __PBP__ * 2))  AND ( __PBP__ > 1 )
  26  0003              ;# 26 "C:\Users\mac305\Google\Program_HT_IDE3000\U1\U1_2_4.c" 1
  26  0003              	NOP
  26  0003              	ENDIF
  26  0003              ;# 26 "C:\Users\mac305\Google\Program_HT_IDE3000\U1\U1_2_4.c" 1
  26  0003              	IF (20000>=8) AND (20000<( 4 + __PBP__ * 2))  AND ( __PBP__ > 2 )
  26  0003              ;# 26 "C:\Users\mac305\Google\Program_HT_IDE3000\U1\U1_2_4.c" 1
  26  0003              	NOP
  26  0003              	ENDIF
  26  0003              ;# 26 "C:\Users\mac305\Google\Program_HT_IDE3000\U1\U1_2_4.c" 1
  26  0003              	IF (20000==9)  AND ( __PBP__ > 2 )
  26  0003              ;# 26 "C:\Users\mac305\Google\Program_HT_IDE3000\U1\U1_2_4.c" 1
  26  0003              	NOP
  26  0003              	ENDIF
  26  0003              ;# 26 "C:\Users\mac305\Google\Program_HT_IDE3000\U1\U1_2_4.c" 1
  26  0003              	IF (20000< ( 8 + __PBP__ * 2)) AND (20000>( 3 + __PBP__ * 2))
  26  0003              ;# 26 "C:\Users\mac305\Google\Program_HT_IDE3000\U1\U1_2_4.c" 1
  26  0003              	fcall __DELAY3 + ( 7 + __PBP__ * 2) -20000
  26  0003              	ENDIF
  26  0003              ;# 26 "C:\Users\mac305\Google\Program_HT_IDE3000\U1\U1_2_4.c" 1
  26  0003              	IF (20000< ( 0404h + __PBP__ * 2)) AND (20000>( 7 + __PBP__ * 2))
  26  0003              ;# 26 "C:\Users\mac305\Google\Program_HT_IDE3000\U1\U1_2_4.c" 1
  26  0003              	MOV A,(20000-( 4 + __PBP__ * 2))/4
  26  0003              ;# 26 "C:\Users\mac305\Google\Program_HT_IDE3000\U1\U1_2_4.c" 1
  26  0003              	fcall __DELAYX3 + 3 -((20000-( 4 + __PBP__ * 2)) MOD 4) 
  26  0003              	ENDIF
  26  0003              ;# 26 "C:\Users\mac305\Google\Program_HT_IDE3000\U1\U1_2_4.c" 1
  26  0003              	IF (20000< ( 040bh + __PBP__ * 2)) AND (20000> ( 0403h + __PBP__ * 2))
  26  0003              ;# 26 "C:\Users\mac305\Google\Program_HT_IDE3000\U1\U1_2_4.c" 1
  26  0003              	MOV A,0 
  26  0003              ;# 26 "C:\Users\mac305\Google\Program_HT_IDE3000\U1\U1_2_4.c" 1
  26  0003              	fcall __DELAYX6 + ( 040ah + __PBP__ * 2) -20000
  26  0003              	ENDIF
  26  0003              ;# 26 "C:\Users\mac305\Google\Program_HT_IDE3000\U1\U1_2_4.c" 1
  26  0003              	IF (20000 >= ( 040bh + __PBP__ * 2)) AND ((((20000-( 9 + __PBP__ * 2))%0402h)/4+1)>256)
  26  0003              ;# 26 "C:\Users\mac305\Google\Program_HT_IDE3000\U1\U1_2_4.c" 1
  26  0003              	MOV A,(20000-( 9 + __PBP__ * 2))/0402h
  26  0003              ;# 26 "C:\Users\mac305\Google\Program_HT_IDE3000\U1\U1_2_4.c" 1
  26  0003              	MOV _builtin_holtek_delay_2,A
  26  0003              ;# 26 "C:\Users\mac305\Google\Program_HT_IDE3000\U1\U1_2_4.c" 1
  26  0003              	MOV A,0
  26  0003              ;# 26 "C:\Users\mac305\Google\Program_HT_IDE3000\U1\U1_2_4.c" 1
  26  0003              	fcall __DELAYY5 +5- (((20000-( 9 + __PBP__ * 2))%0402h)%6) 
  26  0003              	ENDIF
"File: U1_2_4.c      Assembler  Version HGASM0202      Page 4

  26  0003              ;# 26 "C:\Users\mac305\Google\Program_HT_IDE3000\U1\U1_2_4.c" 1
  26  0003              	IF (20000 >= ( 040bh + __PBP__ * 2)) AND ((((20000-( 9 + __PBP__ * 2))%0402h)/4+1)<=256)
  26  0003              ;# 26 "C:\Users\mac305\Google\Program_HT_IDE3000\U1\U1_2_4.c" 1
  26  0003  0F13        	MOV A,(20000-( 9 + __PBP__ * 2))/0402h
  26  0004              ;# 26 "C:\Users\mac305\Google\Program_HT_IDE3000\U1\U1_2_4.c" 1
  26  0004  0080     E  	MOV _builtin_holtek_delay_2,A
  26  0005              ;# 26 "C:\Users\mac305\Google\Program_HT_IDE3000\U1\U1_2_4.c" 1
  26  0005  0F7B        	MOV A,((20000-( 9 + __PBP__ * 2))%0402h)/4+1
  26  0006              ;# 26 "C:\Users\mac305\Google\Program_HT_IDE3000\U1\U1_2_4.c" 1
  26  0006              	fcall __DELAYY3 +3-(((20000-( 9 + __PBP__ * 2))%0402h)%4) 
  26  000D              	ENDIF
  26  000D  1480     E  	inc ra
  26  000E              _L2:
  26  000E  0700     E  	mov a,ra
  26  000F  0200     R  	sub a,_Delay10ms_2[0]
  26  0010  390A        	snz z
  26  0011  2800     R  	jmp _L3
  26  0012  0003        	ret
  26  0013              _Delay10ms endp
  26  0013              #line 26 "C:\Users\mac305\Google\Program_HT_IDE3000\U1\U1_2_4.c"
  26  0013              #pragma debug scope 1 1
  26  0013              ___wdtc equ [62]
  26  0013              ___pgc equ [40]
  26  0013              ___pg equ [39]
  26  0013              public _main
  26  0013              #pragma debug scope 3 1
  14  0013              #line 14 "C:\Users\mac305\Google\Program_HT_IDE3000\U1\U1_2_4.c"
  14  0013              IFDEF WITH_DEFAULT_STARTUP
  14  0013              extern _main_initial0:near
  14  0013              extern _main_startup:near
  14  0013              ENDIF
  14  0013              
  14  0013              ROMBANK 0 @start
  14  0000              @start .section com_l 'code'
  14  0000              _main_startup1:
  14  0000              @start .section com_e 'code'
  14  0000  0F00     R  	mov a,bank _main
  14  0001  008B        	mov bp,a
  14  0002  2800     R  	jmp _main
  14  0003              
  14  0000              _main .section 'code'
  14  0000              _main proc
  14  0000  00              local _main_2 db 1 dup(?)
  14  0001              #pragma debug variable 7 3 _main_2+0 "i"
  15  0001              #line 15 "C:\Users\mac305\Google\Program_HT_IDE3000\U1\U1_2_4.c"
  15  0000  0FAB        	mov a,171
  15  0001  00BE        	mov [62],a
  16  0002              #line 16 "C:\Users\mac305\Google\Program_HT_IDE3000\U1\U1_2_4.c"
  16  0002  1F28        	clr [40]
  16  0003              _L8:
  18  0003              #line 18 "C:\Users\mac305\Google\Program_HT_IDE3000\U1\U1_2_4.c"
  18  0003  0F09        	mov a,9
  18  0004  0080     R  	mov _main_2[0],a
  18  0005              _L6:
  19  0005              #line 19 "C:\Users\mac305\Google\Program_HT_IDE3000\U1\U1_2_4.c"
  19  0005  0700     R  	mov a,_main_2[0]
  19  0006  0080     E  	mov rb,a
  19  0007  1F00     E  	clr rc
  19  0008  3F85        	sz acc.7
  19  0009  1F80     E  	set rc
"File: U1_2_4.c      Assembler  Version HGASM0202      Page 5

  19  000A  340A        	clr c
  19  000B  1A80     E  	rlc rb
  19  000C  1A80     E  	rlc rc
  19  000D  0F00     R  	mov a,low offset _SEG_TAB
  19  000E  0300     E  	add a,rb
  19  000F  0083        	mov mp,a
  19  0010  0F00     R  	mov a,high offset _SEG_TAB
  19  0011  1300     E  	adc a,rc
  19  0012  0084        	mov sbp,a
  19  0013              	fcall _Crom2Prom
  19  001A  0080     E  	mov rb,a
  19  001B              	fcall _Crom2PromNext
  19  0022  0080     E  	mov rc,a
  19  0023  0700     E  	mov a,rb
  19  0024  00A7        	mov [39],a
  20  0025              #line 20 "C:\Users\mac305\Google\Program_HT_IDE3000\U1\U1_2_4.c"
  20  0025  0700     E  	mov a,rc
  20  0026              	fcall _Delay10ms
  18  002D              #line 18 "C:\Users\mac305\Google\Program_HT_IDE3000\U1\U1_2_4.c"
  18  002D  1580     R  	dec _main_2[0]
  18  002E  3800     R  	snz _main_2[0].7
  18  002F  2800     R  	jmp _L6
  18  0030  2800     R  	jmp _L8
  18  0031  2800     R  	jmp $
  18  0032              _main endp
  18  0032              
  18  0032              @dummy endp
  18  0032              
  18  0032              #line 18 "C:\Users\mac305\Google\Program_HT_IDE3000\U1\U1_2_4.c"
  18  0032              #pragma debug scope 1 1
  18  0032              public _SEG_TAB
  18  0000              @crom	.section 'crom'
   8  0000              #line 8 "C:\Users\mac305\Google\Program_HT_IDE3000\U1\U1_2_4.c"
   8  0000              @crom	.section	'crom'
   8  0000              _SEG_TAB:
   8  0000              #pragma debug array 42 12 10 1
   8  0000              #pragma debug array 42 12 10 1
   8  0000              #pragma debug variable 42 1 _SEG_TAB "SEG_TAB"
   8  0000  143F        	dc 5183
   8  0001  1E06        	dc 7686
   8  0002  285B        	dc 10331
   8  0003  324F        	dc 12879
   8  0004  3C66        	dc 15462
   8  0005  466D        	dc 18029
   8  0006  507D        	dc 20605
   8  0007  5A07        	dc 23047
   8  0008  647F        	dc 25727
   8  0009  6E67        	dc 28263
   8  000A              #pragma debug struct_end
   8  000A              #pragma debug struct_end
   8  000A              #pragma debug union_end
   8  000A              #pragma debug union_end
   8  000A              #pragma debug variable 44 1 ___pg "__pg" 1
   8  000A              #pragma debug struct_end
   8  000A              #pragma debug struct_end
   8  000A              #pragma debug union_end
   8  000A              #pragma debug union_end
   8  000A              #pragma debug variable 46 1 ___pgc "__pgc" 1
   8  000A              #pragma debug struct_end
   8  000A              #pragma debug struct_end
"File: U1_2_4.c      Assembler  Version HGASM0202      Page 6

   8  000A              #pragma debug union_end
   8  000A              #pragma debug union_end
   8  000A              #pragma debug variable 48 1 ___wdtc "__wdtc" 1
  14  000A              #line 14 "C:\Users\mac305\Google\Program_HT_IDE3000\U1\U1_2_4.c"
  14  0000              @code .section at 0 'code'
  14  0000  1F0B        	clr bp
  14  0001  2800     R  	jmp _main_startup1
  14  0002              
  14  0002              
  14  0002              ; 
  14  0002              ; Generated by holtek-gcc v3.19, Tue Mar 17 11:39:23 2020
  14  0002              ; Rebuild 718
  14  0002              ; end of file


        0 Errors, 0