"File: U1_4.c        Assembler  Version HGASM0202      Page 1


   1  0000              ; Generated by holtek-gcc v3.19, Tue Mar 17 15:29:07 2020
   2  0000              ; 
   3  0000              ; Configuration:
   4  0000              ;       with long instruction
   5  0000              ;       Multi-ROM, Multi-RAM
   6  0000              ;       bits_per_rom_unit:16
   7  0000              ;       with mp1
   8  0000              ;       with tbhp, address(0x9)
   9  0000              ;          Use tabrd-const
  10  0000              ;       
  11  0000              ; SFR address of long-instruction arch:
  12  0000              ;    mp0 = -1,1,0
  13  0000              ;    mp1 = 4,3,2
  14  0000              ;    mp2 = 14,13,12
  15  0000              ;    tbp = 9,7,8
  16  0000              ;    acc = 5
  17  0000              ;    pcl = 6
  18  0000              ;    status = 10
  19  0000              ;    bp = 11
  20  0000              ;    intc = 16
  21  0000              ;       
  22  0000              ;       
  23  0000              ; use 'tabrdc' instead of 'tabrd'
  24  0000              ;       
  25  0000              
  26  0000              #pragma translator "holtek-gcc 4.6.4" "3.19" "build 20130711"
  27  0000              ; Rebuild 718
  28  0000              
  29  0000              ir equ [2]
  30  0000              mp equ [3]
  31  0000              sbp equ [4]
  32  0000              acc equ [5]
  33  0000              bp equ [11]
  34  0000              tblp equ [7]
  35  0000              tbhp equ [9]
  36  0000              status equ [10]
  37  0000              c equ [10].0
  38  0000              ac equ [10].1
  39  0000              z equ [10].2
  40  0000              ov equ [10].3
  41  0000              cz equ [10].6
  42  0000              sc equ [10].7
  43  0000              intc equ [16]
  44  0000              mduwr0 equ [59h]
  45  0000              mduwr1 equ [5ah]
  46  0000              mduwr2 equ [5bh]
  47  0000              mduwr3 equ [5ch]
  48  0000              mduwr4 equ [5dh]
  49  0000              mduwr5 equ [5eh]
  50  0000              mduwrctrl equ [5fh]
  51  0000              
  52  0000              extern ra:byte
  53  0000              extern rb:byte
  54  0000              extern rc:byte
  55  0000              extern rd:byte
  56  0000              extern re:byte
  57  0000              extern rf:byte
  58  0000              extern rg:byte
  59  0000              extern rh:byte
"File: U1_4.ASM      Assembler  Version HGASM0202      Page 2

  60  0000              extern _Crom2Prom:near
  61  0000              extern _Crom2PromNext:near
  62  0000              
  63  0000              RAMBANK 0 @BITDATASEC, @BITDATASEC1
  64  0000              @HCCINIT	.section 'data'
  65  0000              @HCCINIT0	.section 'data'
  66  0000              @BITDATASEC	 .section 'data'
  67  0000              @BITDATASEC1	 .section 'data'
  68  0000              
  69  0000              #pragma debug scope 1 1
  70  0000              	extern __DELAY3:near
  71  0000              	extern __DELAYX3:near
  72  0000              	extern __DELAYX6:near
  73  0000              	extern __DELAYY5:near
  74  0000              	extern __DELAYY3:near
  75  0000              	extern _builtin_holtek_delay_2:byte
  76  0000              ___scc equ [58]
  77  0000              public _PAUSE
  78  0000              #pragma debug scope 2 1

  32  0000              #line 32 "C:\Users\mac305\Google\Program_HT_IDE3000\U1\U1_4.c"
  32  0000              _PAUSE .section 'code'
  32  0000              _PAUSE proc
  32  0000  00              local _PAUSE_2 db 1 dup(?)	; 0,1
  32  0000  0080     R  	mov _PAUSE_2[0],a
  32  0001              #pragma debug variable 8 2 _PAUSE_2+0 "i"
  33  0001              #line 33 "C:\Users\mac305\Google\Program_HT_IDE3000\U1\U1_4.c"
  33  0001  0080     E  	mov rb,a
  33  0002  1F00     E  	clr rc
  33  0003  143A        	inca [58]
  33  0004  2800     R  	jmp _LI1
  33  0005              _LI2:
  33  0005  340A        	clr c
  33  0006  3C00     E  	sz rc.7
  33  0007  300A        	set c
  33  0008  1B80     E  	rrc rc
  33  0009  1B80     E  	rrc rb
  33  000A              _LI1:
  33  000A  1785        	sdz acc
  33  000B  2800     R  	jmp _LI2
  33  000C  1100     R  	swapa _PAUSE_2[0]
  33  000D  1985        	rr acc
  33  000E  0E07        	and a,07h
  33  000F  0080     E  	mov ra,a
  33  0010  0700     E  	mov a,ra
  33  0011  0580     E  	orm a,rb
  34  0012              #line 34 "C:\Users\mac305\Google\Program_HT_IDE3000\U1\U1_4.c"
  34  0012  1F00     E  	clr ra
  34  0013  2800     R  	jmp _L2
  34  0014              _L3:
  34  0014              #line 34 "C:\Users\mac305\Google\Program_HT_IDE3000\U1\U1_4.c"
  34  0014              ;# 34 "C:\Users\mac305\Google\Program_HT_IDE3000\U1\U1_4.c" 1
  34  0014              	IF 20000>263690
  34  0014              ;# 34 "C:\Users\mac305\Google\Program_HT_IDE3000\U1\U1_4.c" 1
  34  0014              	ERRMESSAGE 'the value 20000of the argument exceeds the maxinum 263690'
  34  0014              	ENDIF
  34  0014              ;# 34 "C:\Users\mac305\Google\Program_HT_IDE3000\U1\U1_4.c" 1
  34  0014              	IF 20000<0
  34  0014              ;# 34 "C:\Users\mac305\Google\Program_HT_IDE3000\U1\U1_4.c" 1
  34  0014              	ERRMESSAGE 'the value 20000 of the argument exceeds the mininum 0'
"File: U1_4.c        Assembler  Version HGASM0202      Page 3

  34  0014              	ENDIF
  34  0014              ;# 34 "C:\Users\mac305\Google\Program_HT_IDE3000\U1\U1_4.c" 1
  34  0014              	IF 20000==0
  34  0014              ;# 34 "C:\Users\mac305\Google\Program_HT_IDE3000\U1\U1_4.c" 1
  34  0014              	JMP $
  34  0014              	ENDIF
  34  0014              ;# 34 "C:\Users\mac305\Google\Program_HT_IDE3000\U1\U1_4.c" 1
  34  0014              	IF (20000>=1) AND (20000<( 4 + __PBP__ * 2))
  34  0014              ;# 34 "C:\Users\mac305\Google\Program_HT_IDE3000\U1\U1_4.c" 1
  34  0014              	NOP
  34  0014              	ENDIF
  34  0014              ;# 34 "C:\Users\mac305\Google\Program_HT_IDE3000\U1\U1_4.c" 1
  34  0014              	IF (20000>=2) AND (20000<( 4 + __PBP__ * 2))
  34  0014              ;# 34 "C:\Users\mac305\Google\Program_HT_IDE3000\U1\U1_4.c" 1
  34  0014              	NOP
  34  0014              	ENDIF
  34  0014              ;# 34 "C:\Users\mac305\Google\Program_HT_IDE3000\U1\U1_4.c" 1
  34  0014              	IF (20000>=3) AND (20000<( 4 + __PBP__ * 2))
  34  0014              ;# 34 "C:\Users\mac305\Google\Program_HT_IDE3000\U1\U1_4.c" 1
  34  0014              	NOP
  34  0014              	ENDIF
  34  0014              ;# 34 "C:\Users\mac305\Google\Program_HT_IDE3000\U1\U1_4.c" 1
  34  0014              	IF (20000>=4) AND (20000<( 4 + __PBP__ * 2)) AND ( __PBP__ > 0 )
  34  0014              ;# 34 "C:\Users\mac305\Google\Program_HT_IDE3000\U1\U1_4.c" 1
  34  0014              	NOP
  34  0014              	ENDIF
  34  0014              ;# 34 "C:\Users\mac305\Google\Program_HT_IDE3000\U1\U1_4.c" 1
  34  0014              	IF (20000>=5) AND (20000<( 4 + __PBP__ * 2)) AND ( __PBP__ > 0 )
  34  0014              ;# 34 "C:\Users\mac305\Google\Program_HT_IDE3000\U1\U1_4.c" 1
  34  0014              	NOP
  34  0014              	ENDIF
  34  0014              ;# 34 "C:\Users\mac305\Google\Program_HT_IDE3000\U1\U1_4.c" 1
  34  0014              	IF (20000>=6) AND (20000<( 4 + __PBP__ * 2))  AND ( __PBP__ > 1 )
  34  0014              ;# 34 "C:\Users\mac305\Google\Program_HT_IDE3000\U1\U1_4.c" 1
  34  0014              	NOP
  34  0014              	ENDIF
  34  0014              ;# 34 "C:\Users\mac305\Google\Program_HT_IDE3000\U1\U1_4.c" 1
  34  0014              	IF (20000>=7) AND (20000<( 4 + __PBP__ * 2))  AND ( __PBP__ > 1 )
  34  0014              ;# 34 "C:\Users\mac305\Google\Program_HT_IDE3000\U1\U1_4.c" 1
  34  0014              	NOP
  34  0014              	ENDIF
  34  0014              ;# 34 "C:\Users\mac305\Google\Program_HT_IDE3000\U1\U1_4.c" 1
  34  0014              	IF (20000>=8) AND (20000<( 4 + __PBP__ * 2))  AND ( __PBP__ > 2 )
  34  0014              ;# 34 "C:\Users\mac305\Google\Program_HT_IDE3000\U1\U1_4.c" 1
  34  0014              	NOP
  34  0014              	ENDIF
  34  0014              ;# 34 "C:\Users\mac305\Google\Program_HT_IDE3000\U1\U1_4.c" 1
  34  0014              	IF (20000==9)  AND ( __PBP__ > 2 )
  34  0014              ;# 34 "C:\Users\mac305\Google\Program_HT_IDE3000\U1\U1_4.c" 1
  34  0014              	NOP
  34  0014              	ENDIF
  34  0014              ;# 34 "C:\Users\mac305\Google\Program_HT_IDE3000\U1\U1_4.c" 1
  34  0014              	IF (20000< ( 8 + __PBP__ * 2)) AND (20000>( 3 + __PBP__ * 2))
  34  0014              ;# 34 "C:\Users\mac305\Google\Program_HT_IDE3000\U1\U1_4.c" 1
  34  0014              	fcall __DELAY3 + ( 7 + __PBP__ * 2) -20000
  34  0014              	ENDIF
  34  0014              ;# 34 "C:\Users\mac305\Google\Program_HT_IDE3000\U1\U1_4.c" 1
  34  0014              	IF (20000< ( 0404h + __PBP__ * 2)) AND (20000>( 7 + __PBP__ * 2))
  34  0014              ;# 34 "C:\Users\mac305\Google\Program_HT_IDE3000\U1\U1_4.c" 1
  34  0014              	MOV A,(20000-( 4 + __PBP__ * 2))/4
"File: U1_4.c        Assembler  Version HGASM0202      Page 4

  34  0014              ;# 34 "C:\Users\mac305\Google\Program_HT_IDE3000\U1\U1_4.c" 1
  34  0014              	fcall __DELAYX3 + 3 -((20000-( 4 + __PBP__ * 2)) MOD 4) 
  34  0014              	ENDIF
  34  0014              ;# 34 "C:\Users\mac305\Google\Program_HT_IDE3000\U1\U1_4.c" 1
  34  0014              	IF (20000< ( 040bh + __PBP__ * 2)) AND (20000> ( 0403h + __PBP__ * 2))
  34  0014              ;# 34 "C:\Users\mac305\Google\Program_HT_IDE3000\U1\U1_4.c" 1
  34  0014              	MOV A,0 
  34  0014              ;# 34 "C:\Users\mac305\Google\Program_HT_IDE3000\U1\U1_4.c" 1
  34  0014              	fcall __DELAYX6 + ( 040ah + __PBP__ * 2) -20000
  34  0014              	ENDIF
  34  0014              ;# 34 "C:\Users\mac305\Google\Program_HT_IDE3000\U1\U1_4.c" 1
  34  0014              	IF (20000 >= ( 040bh + __PBP__ * 2)) AND ((((20000-( 9 + __PBP__ * 2))%0402h)/4+1)>256)
  34  0014              ;# 34 "C:\Users\mac305\Google\Program_HT_IDE3000\U1\U1_4.c" 1
  34  0014              	MOV A,(20000-( 9 + __PBP__ * 2))/0402h
  34  0014              ;# 34 "C:\Users\mac305\Google\Program_HT_IDE3000\U1\U1_4.c" 1
  34  0014              	MOV _builtin_holtek_delay_2,A
  34  0014              ;# 34 "C:\Users\mac305\Google\Program_HT_IDE3000\U1\U1_4.c" 1
  34  0014              	MOV A,0
  34  0014              ;# 34 "C:\Users\mac305\Google\Program_HT_IDE3000\U1\U1_4.c" 1
  34  0014              	fcall __DELAYY5 +5- (((20000-( 9 + __PBP__ * 2))%0402h)%6) 
  34  0014              	ENDIF
  34  0014              ;# 34 "C:\Users\mac305\Google\Program_HT_IDE3000\U1\U1_4.c" 1
  34  0014              	IF (20000 >= ( 040bh + __PBP__ * 2)) AND ((((20000-( 9 + __PBP__ * 2))%0402h)/4+1)<=256)
  34  0014              ;# 34 "C:\Users\mac305\Google\Program_HT_IDE3000\U1\U1_4.c" 1
  34  0014  0F13        	MOV A,(20000-( 9 + __PBP__ * 2))/0402h
  34  0015              ;# 34 "C:\Users\mac305\Google\Program_HT_IDE3000\U1\U1_4.c" 1
  34  0015  0080     E  	MOV _builtin_holtek_delay_2,A
  34  0016              ;# 34 "C:\Users\mac305\Google\Program_HT_IDE3000\U1\U1_4.c" 1
  34  0016  0F7B        	MOV A,((20000-( 9 + __PBP__ * 2))%0402h)/4+1
  34  0017              ;# 34 "C:\Users\mac305\Google\Program_HT_IDE3000\U1\U1_4.c" 1
  34  0017              	fcall __DELAYY3 +3-(((20000-( 9 + __PBP__ * 2))%0402h)%4) 
  34  001E              	ENDIF
  34  001E  1480     E  	inc ra
  34  001F              _L2:
  34  001F  0700     E  	mov a,ra
  34  0020  0200     E  	sub a,rb
  34  0021  390A        	snz z
  34  0022  2800     R  	jmp _L3
  34  0023  0003        	ret
  34  0024              _PAUSE endp
  34  0024              #line 34 "C:\Users\mac305\Google\Program_HT_IDE3000\U1\U1_4.c"
  34  0024              #pragma debug scope 1 1
  34  0024              ___pg equ [39]
  34  0024              public _Display029
  34  0024              #pragma debug scope 3 1
  25  0024              #line 25 "C:\Users\mac305\Google\Program_HT_IDE3000\U1\U1_4.c"
  25  0000              _Display029 .section 'code'
  25  0000              _Display029 proc
  25  0000  0002[           local _Display029_2 db 2 dup(?)	; 0,2
            00
            ]
  25  0002              #pragma debug variable 8 3 _Display029_2+1 "i"
  25  0000  0F0A        	mov a,10
  25  0001  0080     R  	mov _Display029_2[0],a
  26  0002              #line 26 "C:\Users\mac305\Google\Program_HT_IDE3000\U1\U1_4.c"
  26  0002  1F00     R  	clr _Display029_2[1]
  26  0003              _L7:
  27  0003              #line 27 "C:\Users\mac305\Google\Program_HT_IDE3000\U1\U1_4.c"
  27  0003  0F00     R  	mov a,low offset _SEG_TAB
  27  0004  0300     R  	add a,_Display029_2[1]
"File: U1_4.c        Assembler  Version HGASM0202      Page 5

  27  0005  0083        	mov mp,a
  27  0006  0F00     R  	mov a,high offset _SEG_TAB
  27  0007  1F04        	clr sbp
  27  0008  1384        	adcm a,sbp
  27  0009              	fcall _Crom2Prom
  27  0010  00A7        	mov [39],a
  28  0011              #line 28 "C:\Users\mac305\Google\Program_HT_IDE3000\U1\U1_4.c"
  28  0011  0F0A        	mov a,10
  28  0012              	fcall _PAUSE
  26  0019              #line 26 "C:\Users\mac305\Google\Program_HT_IDE3000\U1\U1_4.c"
  26  0019  1480     R  	inc _Display029_2[1]
  26  001A  1780     R  	sdz _Display029_2[0]
  26  001B  2800     R  	jmp _L7
  26  001C  0003        	ret
  26  001D              _Display029 endp
  26  001D              #line 26 "C:\Users\mac305\Google\Program_HT_IDE3000\U1\U1_4.c"
  26  001D              #pragma debug scope 1 1
  26  001D              ___wdtc equ [62]
  26  001D              ___pgc equ [40]
  26  001D              public _main
  26  001D              #pragma debug scope 4 1
  13  001D              #line 13 "C:\Users\mac305\Google\Program_HT_IDE3000\U1\U1_4.c"
  13  001D              IFDEF WITH_DEFAULT_STARTUP
  13  001D              extern _main_initial0:near
  13  001D              extern _main_startup:near
  13  001D              ENDIF
  13  001D              
  13  001D              ROMBANK 0 @start
  13  0000              @start .section com_l 'code'
  13  0000              _main_startup1:
  13  0000              @start .section com_e 'code'
  13  0000  0F00     R  	mov a,bank _main
  13  0001  008B        	mov bp,a
  13  0002  2800     R  	jmp _main
  13  0003              
  13  0000              _main .section 'code'
  13  0000              _main proc
  13  0000  00              local _main_2 db 1 dup(?)
  13  0001              #pragma debug variable 8 4 _main_2+0 "i"
  14  0001              #line 14 "C:\Users\mac305\Google\Program_HT_IDE3000\U1\U1_4.c"
  14  0000  0FAF        	mov a,175
  14  0001  00BE        	mov [62],a
  15  0002              #line 15 "C:\Users\mac305\Google\Program_HT_IDE3000\U1\U1_4.c"
  15  0002  1F27        	clr [39]
  15  0003  1F28        	clr [40]
  15  0004              _L11:
  17  0004              #line 17 "C:\Users\mac305\Google\Program_HT_IDE3000\U1\U1_4.c"
  17  0004  1F00     R  	clr _main_2[0]
  17  0005              _L9:
  18  0005              #line 18 "C:\Users\mac305\Google\Program_HT_IDE3000\U1\U1_4.c"
  18  0005  0F1F        	mov a,31
  18  0006  06BA        	andm a,[58]
  19  0007              #line 19 "C:\Users\mac305\Google\Program_HT_IDE3000\U1\U1_4.c"
  19  0007  0700     R  	mov a,_main_2[0]
  19  0008  0080     E  	mov rb,a
  19  0009  1F00     E  	clr rc
  19  000A  0F05        	mov a,5
  19  000B              _LI3:
  19  000B  340A        	clr c
  19  000C  1A80     E  	rlc rb
"File: U1_4.c        Assembler  Version HGASM0202      Page 6

  19  000D  1A80     E  	rlc rc
  19  000E  1785        	sdz acc
  19  000F  2800     R  	jmp _LI3
  19  0010  0700     E  	mov a,rb
  19  0011  05BA        	orm a,[58]
  20  0012              #line 20 "C:\Users\mac305\Google\Program_HT_IDE3000\U1\U1_4.c"
  20  0012              	fcall _Display029
  17  0019              #line 17 "C:\Users\mac305\Google\Program_HT_IDE3000\U1\U1_4.c"
  17  0019  1480     R  	inc _main_2[0]
  17  001A  0F04        	mov a,4
  17  001B  0200     R  	sub a,_main_2[0]
  17  001C  3C0A        	sz c
  17  001D  2800     R  	jmp _L9
  17  001E  2800     R  	jmp _L11
  17  001F  2800     R  	jmp $
  17  0020              _main endp
  17  0020              
  17  0020              @dummy endp
  17  0020              
  17  0020              #line 17 "C:\Users\mac305\Google\Program_HT_IDE3000\U1\U1_4.c"
  17  0020              #pragma debug scope 1 1
  17  0020              public _SEG_TAB
  17  0000              @crom	.section 'crom'
   7  0000              #line 7 "C:\Users\mac305\Google\Program_HT_IDE3000\U1\U1_4.c"
   7  0000              @crom	.section	'crom'
   7  0000              _SEG_TAB:
   7  0000              #pragma debug array 42 8 10 1
   7  0000              #pragma debug array 42 8 10 1
   7  0000              #pragma debug variable 42 1 _SEG_TAB "SEG_TAB"
   7  0000              	db 63
   7  0001              	db 6
   7  0001              	db 91
   7  0002              	db 79
   7  0002              	db 102
   7  0003              	db 109
   7  0003              	db 125
   7  0004              	db 7
   7  0004              	db 127
   7  0005              	db 103
   7  0005              #pragma debug struct_end
   7  0005              #pragma debug struct_end
   7  0005              #pragma debug union_end
   7  0005              #pragma debug union_end
   7  0005              #pragma debug variable 44 1 ___pg "__pg" 1
   7  0005              #pragma debug struct_end
   7  0005              #pragma debug struct_end
   7  0005              #pragma debug union_end
   7  0005              #pragma debug union_end
   7  0005              #pragma debug variable 46 1 ___pgc "__pgc" 1
   7  0005              #pragma debug struct_end
   7  0005              #pragma debug struct_end
   7  0005              #pragma debug union_end
   7  0005              #pragma debug union_end
   7  0005              #pragma debug variable 48 1 ___scc "__scc" 1
   7  0005              #pragma debug struct_end
   7  0005              #pragma debug struct_end
   7  0005              #pragma debug union_end
   7  0005              #pragma debug union_end
   7  0005              #pragma debug variable 50 1 ___wdtc "__wdtc" 1
  13  0005              #line 13 "C:\Users\mac305\Google\Program_HT_IDE3000\U1\U1_4.c"
"File: U1_4.c        Assembler  Version HGASM0202      Page 7

  13  0000              @code .section at 0 'code'
  13  0000  1F0B        	clr bp
  13  0001  2800     R  	jmp _main_startup1
  13  0002              
  13  0002              
  13  0002              ; 
  13  0002              ; Generated by holtek-gcc v3.19, Tue Mar 17 15:29:07 2020
  13  0002              ; Rebuild 718
  13  0002              ; end of file


        0 Errors, 0