"File: U1Ext_01.c    Assembler  Version HGASM0202      Page 1


   1  0000              ; Generated by holtek-gcc v3.19, Tue Mar 17 13:28:11 2020
   2  0000              ; 
   3  0000              ; Configuration:
   4  0000              ;       with long instruction
   5  0000              ;       Multi-ROM, Multi-RAM
   6  0000              ;       bits_per_rom_unit:16
   7  0000              ;       with mp1
   8  0000              ;       with tbhp, address(0x9)
   9  0000              ;          Use tabrd-const
  10  0000              ;       
  11  0000              ; SFR address of long-instruction arch:
  12  0000              ;    mp0 = -1,1,0
  13  0000              ;    mp1 = 4,3,2
  14  0000              ;    mp2 = 14,13,12
  15  0000              ;    tbp = 9,7,8
  16  0000              ;    acc = 5
  17  0000              ;    pcl = 6
  18  0000              ;    status = 10
  19  0000              ;    bp = 11
  20  0000              ;    intc = 16
  21  0000              ;       
  22  0000              ;       
  23  0000              ; use 'tabrdc' instead of 'tabrd'
  24  0000              ;       
  25  0000              
  26  0000              #pragma translator "holtek-gcc 4.6.4" "3.19" "build 20130711"
  27  0000              ; Rebuild 718
  28  0000              
  29  0000              ir equ [2]
  30  0000              mp equ [3]
  31  0000              sbp equ [4]
  32  0000              acc equ [5]
  33  0000              bp equ [11]
  34  0000              tblp equ [7]
  35  0000              tbhp equ [9]
  36  0000              status equ [10]
  37  0000              c equ [10].0
  38  0000              ac equ [10].1
  39  0000              z equ [10].2
  40  0000              ov equ [10].3
  41  0000              cz equ [10].6
  42  0000              sc equ [10].7
  43  0000              intc equ [16]
  44  0000              mduwr0 equ [59h]
  45  0000              mduwr1 equ [5ah]
  46  0000              mduwr2 equ [5bh]
  47  0000              mduwr3 equ [5ch]
  48  0000              mduwr4 equ [5dh]
  49  0000              mduwr5 equ [5eh]
  50  0000              mduwrctrl equ [5fh]
  51  0000              
  52  0000              extern ra:byte
  53  0000              extern rb:byte
  54  0000              extern rc:byte
  55  0000              extern rd:byte
  56  0000              extern re:byte
  57  0000              extern rf:byte
  58  0000              extern rg:byte
  59  0000              extern rh:byte
"File: U1Ext_01.ASM  Assembler  Version HGASM0202      Page 2

  60  0000              extern _Crom2Prom:near
  61  0000              extern _Crom2PromNext:near
  62  0000              
  63  0000              RAMBANK 0 @BITDATASEC, @BITDATASEC1
  64  0000              @HCCINIT	.section 'data'
  65  0000              @HCCINIT0	.section 'data'
  66  0000              @BITDATASEC	 .section 'data'
  67  0000              @BITDATASEC1	 .section 'data'
  68  0000              
  69  0000              #pragma debug scope 1 1
  70  0000              	extern __DELAY3:near
  71  0000              	extern __DELAYX3:near
  72  0000              	extern __DELAYX6:near
  73  0000              	extern __DELAYY5:near
  74  0000              	extern __DELAYY3:near
  75  0000              	extern _builtin_holtek_delay_2:byte
  76  0000              ___wdtc equ [62]
  77  0000              ___pgc equ [40]
  78  0000              ___pec equ [34]
  79  0000              ___pepu equ [35]
  80  0000              ___pg equ [39]
  81  0000              ___pe equ [33]
  82  0000              public _main
  83  0000              #pragma debug scope 2 1

  13  0000              #line 13 "C:\Users\mac305\Google\Program_HT_IDE3000\U1\U1Ext_01.c"
  13  0000              IFDEF WITH_DEFAULT_STARTUP
  13  0000              extern _main_initial0:near
  13  0000              extern _main_startup:near
  13  0000              ENDIF
  13  0000              
  13  0000              ROMBANK 0 @start
  13  0000              @start .section com_l 'code'
  13  0000              _main_startup1:
  13  0000              @start .section com_e 'code'
  13  0000  0F00     R  	mov a,bank _main
  13  0001  008B        	mov bp,a
  13  0002  2800     R  	jmp _main
  13  0003              
  13  0000              _main .section 'code'
  13  0000              _main proc
  14  0000              #line 14 "C:\Users\mac305\Google\Program_HT_IDE3000\U1\U1Ext_01.c"
  14  0000  0FAF        	mov a,175
  14  0001  00BE        	mov [62],a
  15  0002              #line 15 "C:\Users\mac305\Google\Program_HT_IDE3000\U1\U1Ext_01.c"
  15  0002  1F28        	clr [40]
  16  0003              #line 16 "C:\Users\mac305\Google\Program_HT_IDE3000\U1\U1Ext_01.c"
  16  0003  0F0F        	mov a,15
  16  0004  05A2        	orm a,[34]
  17  0005              #line 17 "C:\Users\mac305\Google\Program_HT_IDE3000\U1\U1Ext_01.c"
  17  0005  0F0F        	mov a,15
  17  0006  05A3        	orm a,[35]
  19  0007              #line 19 "C:\Users\mac305\Google\Program_HT_IDE3000\U1\U1Ext_01.c"
  19  0007  1F00     E  	clr ra
  19  0008              _L2:
  20  0008              #line 20 "C:\Users\mac305\Google\Program_HT_IDE3000\U1\U1Ext_01.c"
  20  0008  0F00     R  	mov a,low offset _SEG_TAB
  20  0009  0300     E  	add a,ra
  20  000A  0083        	mov mp,a
  20  000B  0F00     R  	mov a,high offset _SEG_TAB
"File: U1Ext_01.c    Assembler  Version HGASM0202      Page 3

  20  000C  1F04        	clr sbp
  20  000D  1384        	adcm a,sbp
  20  000E              	fcall _Crom2Prom
  20  0015  00A7        	mov [39],a
  21  0016              #line 21 "C:\Users\mac305\Google\Program_HT_IDE3000\U1\U1Ext_01.c"
  21  0016  0721        	mov a,[33]
  21  0017  0080     E  	mov rb,a
  22  0018              #line 22 "C:\Users\mac305\Google\Program_HT_IDE3000\U1\U1Ext_01.c"
  22  0018  0721        	mov a,[33]
  22  0019  0E0F        	and a,15
  22  001A  0080     E  	mov rb,a
  22  001B  0700     E  	mov a,rb
  22  001C  0300     E  	add a,rb
  22  001D  0080     E  	mov rc,a
  22  001E  0700     E  	mov a,rc
  22  001F  0380     E  	addm a,rc
  22  0020  0700     E  	mov a,rb
  22  0021  0380     E  	addm a,rc
  23  0022              #line 23 "C:\Users\mac305\Google\Program_HT_IDE3000\U1\U1Ext_01.c"
  23  0022  1F00     E  	clr rb
  23  0023              _L3:
  23  0023  0700     E  	mov a,rb
  23  0024  0200     E  	sub a,rc
  23  0025  3D0A        	sz z
  23  0026  2800     R  	jmp _L7
  23  0027              ;# 23 "C:\Users\mac305\Google\Program_HT_IDE3000\U1\U1Ext_01.c" 1
  23  0027              	IF 20000>263690
  23  0027              ;# 23 "C:\Users\mac305\Google\Program_HT_IDE3000\U1\U1Ext_01.c" 1
  23  0027              	ERRMESSAGE 'the value 20000of the argument exceeds the maxinum 263690'
  23  0027              	ENDIF
  23  0027              ;# 23 "C:\Users\mac305\Google\Program_HT_IDE3000\U1\U1Ext_01.c" 1
  23  0027              	IF 20000<0
  23  0027              ;# 23 "C:\Users\mac305\Google\Program_HT_IDE3000\U1\U1Ext_01.c" 1
  23  0027              	ERRMESSAGE 'the value 20000 of the argument exceeds the mininum 0'
  23  0027              	ENDIF
  23  0027              ;# 23 "C:\Users\mac305\Google\Program_HT_IDE3000\U1\U1Ext_01.c" 1
  23  0027              	IF 20000==0
  23  0027              ;# 23 "C:\Users\mac305\Google\Program_HT_IDE3000\U1\U1Ext_01.c" 1
  23  0027              	JMP $
  23  0027              	ENDIF
  23  0027              ;# 23 "C:\Users\mac305\Google\Program_HT_IDE3000\U1\U1Ext_01.c" 1
  23  0027              	IF (20000>=1) AND (20000<( 4 + __PBP__ * 2))
  23  0027              ;# 23 "C:\Users\mac305\Google\Program_HT_IDE3000\U1\U1Ext_01.c" 1
  23  0027              	NOP
  23  0027              	ENDIF
  23  0027              ;# 23 "C:\Users\mac305\Google\Program_HT_IDE3000\U1\U1Ext_01.c" 1
  23  0027              	IF (20000>=2) AND (20000<( 4 + __PBP__ * 2))
  23  0027              ;# 23 "C:\Users\mac305\Google\Program_HT_IDE3000\U1\U1Ext_01.c" 1
  23  0027              	NOP
  23  0027              	ENDIF
  23  0027              ;# 23 "C:\Users\mac305\Google\Program_HT_IDE3000\U1\U1Ext_01.c" 1
  23  0027              	IF (20000>=3) AND (20000<( 4 + __PBP__ * 2))
  23  0027              ;# 23 "C:\Users\mac305\Google\Program_HT_IDE3000\U1\U1Ext_01.c" 1
  23  0027              	NOP
  23  0027              	ENDIF
  23  0027              ;# 23 "C:\Users\mac305\Google\Program_HT_IDE3000\U1\U1Ext_01.c" 1
  23  0027              	IF (20000>=4) AND (20000<( 4 + __PBP__ * 2)) AND ( __PBP__ > 0 )
  23  0027              ;# 23 "C:\Users\mac305\Google\Program_HT_IDE3000\U1\U1Ext_01.c" 1
  23  0027              	NOP
  23  0027              	ENDIF
"File: U1Ext_01.c    Assembler  Version HGASM0202      Page 4

  23  0027              ;# 23 "C:\Users\mac305\Google\Program_HT_IDE3000\U1\U1Ext_01.c" 1
  23  0027              	IF (20000>=5) AND (20000<( 4 + __PBP__ * 2)) AND ( __PBP__ > 0 )
  23  0027              ;# 23 "C:\Users\mac305\Google\Program_HT_IDE3000\U1\U1Ext_01.c" 1
  23  0027              	NOP
  23  0027              	ENDIF
  23  0027              ;# 23 "C:\Users\mac305\Google\Program_HT_IDE3000\U1\U1Ext_01.c" 1
  23  0027              	IF (20000>=6) AND (20000<( 4 + __PBP__ * 2))  AND ( __PBP__ > 1 )
  23  0027              ;# 23 "C:\Users\mac305\Google\Program_HT_IDE3000\U1\U1Ext_01.c" 1
  23  0027              	NOP
  23  0027              	ENDIF
  23  0027              ;# 23 "C:\Users\mac305\Google\Program_HT_IDE3000\U1\U1Ext_01.c" 1
  23  0027              	IF (20000>=7) AND (20000<( 4 + __PBP__ * 2))  AND ( __PBP__ > 1 )
  23  0027              ;# 23 "C:\Users\mac305\Google\Program_HT_IDE3000\U1\U1Ext_01.c" 1
  23  0027              	NOP
  23  0027              	ENDIF
  23  0027              ;# 23 "C:\Users\mac305\Google\Program_HT_IDE3000\U1\U1Ext_01.c" 1
  23  0027              	IF (20000>=8) AND (20000<( 4 + __PBP__ * 2))  AND ( __PBP__ > 2 )
  23  0027              ;# 23 "C:\Users\mac305\Google\Program_HT_IDE3000\U1\U1Ext_01.c" 1
  23  0027              	NOP
  23  0027              	ENDIF
  23  0027              ;# 23 "C:\Users\mac305\Google\Program_HT_IDE3000\U1\U1Ext_01.c" 1
  23  0027              	IF (20000==9)  AND ( __PBP__ > 2 )
  23  0027              ;# 23 "C:\Users\mac305\Google\Program_HT_IDE3000\U1\U1Ext_01.c" 1
  23  0027              	NOP
  23  0027              	ENDIF
  23  0027              ;# 23 "C:\Users\mac305\Google\Program_HT_IDE3000\U1\U1Ext_01.c" 1
  23  0027              	IF (20000< ( 8 + __PBP__ * 2)) AND (20000>( 3 + __PBP__ * 2))
  23  0027              ;# 23 "C:\Users\mac305\Google\Program_HT_IDE3000\U1\U1Ext_01.c" 1
  23  0027              	fcall __DELAY3 + ( 7 + __PBP__ * 2) -20000
  23  0027              	ENDIF
  23  0027              ;# 23 "C:\Users\mac305\Google\Program_HT_IDE3000\U1\U1Ext_01.c" 1
  23  0027              	IF (20000< ( 0404h + __PBP__ * 2)) AND (20000>( 7 + __PBP__ * 2))
  23  0027              ;# 23 "C:\Users\mac305\Google\Program_HT_IDE3000\U1\U1Ext_01.c" 1
  23  0027              	MOV A,(20000-( 4 + __PBP__ * 2))/4
  23  0027              ;# 23 "C:\Users\mac305\Google\Program_HT_IDE3000\U1\U1Ext_01.c" 1
  23  0027              	fcall __DELAYX3 + 3 -((20000-( 4 + __PBP__ * 2)) MOD 4) 
  23  0027              	ENDIF
  23  0027              ;# 23 "C:\Users\mac305\Google\Program_HT_IDE3000\U1\U1Ext_01.c" 1
  23  0027              	IF (20000< ( 040bh + __PBP__ * 2)) AND (20000> ( 0403h + __PBP__ * 2))
  23  0027              ;# 23 "C:\Users\mac305\Google\Program_HT_IDE3000\U1\U1Ext_01.c" 1
  23  0027              	MOV A,0 
  23  0027              ;# 23 "C:\Users\mac305\Google\Program_HT_IDE3000\U1\U1Ext_01.c" 1
  23  0027              	fcall __DELAYX6 + ( 040ah + __PBP__ * 2) -20000
  23  0027              	ENDIF
  23  0027              ;# 23 "C:\Users\mac305\Google\Program_HT_IDE3000\U1\U1Ext_01.c" 1
  23  0027              	IF (20000 >= ( 040bh + __PBP__ * 2)) AND ((((20000-( 9 + __PBP__ * 2))%0402h)/4+1)>256)
  23  0027              ;# 23 "C:\Users\mac305\Google\Program_HT_IDE3000\U1\U1Ext_01.c" 1
  23  0027              	MOV A,(20000-( 9 + __PBP__ * 2))/0402h
  23  0027              ;# 23 "C:\Users\mac305\Google\Program_HT_IDE3000\U1\U1Ext_01.c" 1
  23  0027              	MOV _builtin_holtek_delay_2,A
  23  0027              ;# 23 "C:\Users\mac305\Google\Program_HT_IDE3000\U1\U1Ext_01.c" 1
  23  0027              	MOV A,0
  23  0027              ;# 23 "C:\Users\mac305\Google\Program_HT_IDE3000\U1\U1Ext_01.c" 1
  23  0027              	fcall __DELAYY5 +5- (((20000-( 9 + __PBP__ * 2))%0402h)%6) 
  23  0027              	ENDIF
  23  0027              ;# 23 "C:\Users\mac305\Google\Program_HT_IDE3000\U1\U1Ext_01.c" 1
  23  0027              	IF (20000 >= ( 040bh + __PBP__ * 2)) AND ((((20000-( 9 + __PBP__ * 2))%0402h)/4+1)<=256)
  23  0027              ;# 23 "C:\Users\mac305\Google\Program_HT_IDE3000\U1\U1Ext_01.c" 1
  23  0027  0F13        	MOV A,(20000-( 9 + __PBP__ * 2))/0402h
  23  0028              ;# 23 "C:\Users\mac305\Google\Program_HT_IDE3000\U1\U1Ext_01.c" 1
"File: U1Ext_01.c    Assembler  Version HGASM0202      Page 5

  23  0028  0080     E  	MOV _builtin_holtek_delay_2,A
  23  0029              ;# 23 "C:\Users\mac305\Google\Program_HT_IDE3000\U1\U1Ext_01.c" 1
  23  0029  0F7B        	MOV A,((20000-( 9 + __PBP__ * 2))%0402h)/4+1
  23  002A              ;# 23 "C:\Users\mac305\Google\Program_HT_IDE3000\U1\U1Ext_01.c" 1
  23  002A              	fcall __DELAYY3 +3-(((20000-( 9 + __PBP__ * 2))%0402h)%4) 
  23  0031              	ENDIF
  23  0031  1480     E  	inc rb
  23  0032  2800     R  	jmp _L3
  23  0033              _L7:
  19  0033              #line 19 "C:\Users\mac305\Google\Program_HT_IDE3000\U1\U1Ext_01.c"
  19  0033  1480     E  	inc ra
  19  0034  0F09        	mov a,9
  19  0035  0200     E  	sub a,ra
  19  0036  3C0A        	sz c
  19  0037  2800     R  	jmp _L2
  19  0038  1F00     E  	clr ra
  19  0039  2800     R  	jmp _L2
  19  003A  2800     R  	jmp $
  19  003B              _main endp
  19  003B              
  19  003B              @dummy endp
  19  003B              
  19  003B              #line 19 "C:\Users\mac305\Google\Program_HT_IDE3000\U1\U1Ext_01.c"
  19  003B              #pragma debug scope 1 1
  19  003B              public _SEG_TAB
  19  0000              @crom	.section 'crom'
  10  0000              #line 10 "C:\Users\mac305\Google\Program_HT_IDE3000\U1\U1Ext_01.c"
  10  0000              @crom	.section	'crom'
  10  0000              _SEG_TAB:
  10  0000              #pragma debug array 42 8 10 1
  10  0000              #pragma debug array 42 8 10 1
  10  0000              #pragma debug variable 42 1 _SEG_TAB "SEG_TAB"
  10  0000              	db 63
  10  0001              	db 6
  10  0001              	db 91
  10  0002              	db 79
  10  0002              	db 102
  10  0003              	db 109
  10  0003              	db 125
  10  0004              	db 7
  10  0004              	db 127
  10  0005              	db 103
  10  0005              #pragma debug struct_end
  10  0005              #pragma debug struct_end
  10  0005              #pragma debug union_end
  10  0005              #pragma debug union_end
  10  0005              #pragma debug variable 44 1 ___pe "__pe" 1
  10  0005              #pragma debug struct_end
  10  0005              #pragma debug struct_end
  10  0005              #pragma debug union_end
  10  0005              #pragma debug union_end
  10  0005              #pragma debug variable 46 1 ___pec "__pec" 1
  10  0005              #pragma debug struct_end
  10  0005              #pragma debug struct_end
  10  0005              #pragma debug union_end
  10  0005              #pragma debug union_end
  10  0005              #pragma debug variable 48 1 ___pepu "__pepu" 1
  10  0005              #pragma debug struct_end
  10  0005              #pragma debug struct_end
  10  0005              #pragma debug union_end
"File: U1Ext_01.c    Assembler  Version HGASM0202      Page 6

  10  0005              #pragma debug union_end
  10  0005              #pragma debug variable 50 1 ___pg "__pg" 1
  10  0005              #pragma debug struct_end
  10  0005              #pragma debug struct_end
  10  0005              #pragma debug union_end
  10  0005              #pragma debug union_end
  10  0005              #pragma debug variable 52 1 ___pgc "__pgc" 1
  10  0005              #pragma debug struct_end
  10  0005              #pragma debug struct_end
  10  0005              #pragma debug union_end
  10  0005              #pragma debug union_end
  10  0005              #pragma debug variable 54 1 ___wdtc "__wdtc" 1
  13  0005              #line 13 "C:\Users\mac305\Google\Program_HT_IDE3000\U1\U1Ext_01.c"
  13  0000              @code .section at 0 'code'
  13  0000  1F0B        	clr bp
  13  0001  2800     R  	jmp _main_startup1
  13  0002              
  13  0002              
  13  0002              ; 
  13  0002              ; Generated by holtek-gcc v3.19, Tue Mar 17 13:28:11 2020
  13  0002              ; Rebuild 718
  13  0002              ; end of file


        0 Errors, 0