C51 COMPILER V9.05   AA                                                                    10/18/2011 20:23:52 PAGE 1   


C51 COMPILER V9.05, COMPILATION OF MODULE AA
OBJECT MODULE PLACED IN aa.OBJ
COMPILER INVOKED BY: C:\Keil\C51\BIN\C51.EXE aa.c OPTIMIZE(2,SPEED) BROWSE DEBUG OBJECTEXTEND

line level    source

   1          //*********LED.C*********專案程式執行********************
   2          //功能︰令變數遞加由P0及P1輸出到LED
   3          //操作：SW1-3(P0LED)及SW1-4(P1LED) ON
   4          //********************************************************
   5          #include "..\MPC82.H"   //暫存器及組態設定
   6          main() //主程式
   7          {      //主程式開始   
   8   1           unsigned char  i=0;  //計數變數0~255
   9   1               P0M0=0; P0M1=0xFF; //設定P0為推挽式輸出(M0-1=01)
  10   1         loop:                //標記名稱
  11   1           P0=P1=~i;      //變數i反相送到P0及P1輸出(設中斷點)
  12   1           Delay_ms(100); //延時函數式
  13   1           i=i+1;             //變數加一  
  14   1           goto loop;         //跳到標記loop
  15   1      }          //主程式結束


MODULE INFORMATION:   STATIC OVERLAYABLE
   CODE SIZE        =     74    ----
   CONSTANT SIZE    =   ----    ----
   XDATA SIZE       =   ----    ----
   PDATA SIZE       =   ----    ----
   DATA SIZE        =   ----       5
   IDATA SIZE       =   ----    ----
   BIT SIZE         =   ----    ----
END OF MODULE INFORMATION.


C51 COMPILATION COMPLETE.  0 WARNING(S),  0 ERROR(S)
