C51 COMPILER V9.00   IN                                                                    11/30/2009 10:15:19 PAGE 1   


C51 COMPILER V9.00, COMPILATION OF MODULE IN
OBJECT MODULE PLACED IN IN.OBJ
COMPILER INVOKED BY: C:\Keil\C51\BIN\C51.EXE IN.C BROWSE DEBUG OBJECTEXTEND

line level    source

   1          //*********IN.C*********專案程式執行********************
   2          //功能︰由P2輸入資料
   3          //********************************************************
   4          #include "..\8052.H"   //暫存器及組態設定
   5          main() //主程式
   6          {      //主程式開始   
   7   1          unsigned char  i=0;  //計數變數0~255
   8   1         loop:                //標記名稱
   9   1           i=P2;              //P2輸入到變數i
  10   1           Delay_ms(100); //延時函數式
  11   1           P1=i;              //變數i由P1輸出  
  12   1           goto loop;         //跳到標記loop
  13   1      }          //主程式結束


MODULE INFORMATION:   STATIC OVERLAYABLE
   CODE SIZE        =     35    ----
   CONSTANT SIZE    =   ----    ----
   XDATA SIZE       =   ----    ----
   PDATA SIZE       =   ----    ----
   DATA SIZE        =   ----    ----
   IDATA SIZE       =   ----    ----
   BIT SIZE         =   ----    ----
END OF MODULE INFORMATION.


C51 COMPILATION COMPLETE.  0 WARNING(S),  0 ERROR(S)
