C51 COMPILER V9.02   OUT                                                                   08/02/2010 10:54:34 PAGE 1   


C51 COMPILER V9.02, COMPILATION OF MODULE OUT
OBJECT MODULE PLACED IN OUT.OBJ
COMPILER INVOKED BY: C:\Keil\C51\BIN\C51.EXE OUT.C BROWSE DEBUG OBJECTEXTEND

line level    source

   1          //*********OUT.C*********專案程式執行********************
   2          //功能︰令變數遞加由P0及P1輸出延時
   3          //********************************************************
   4          #include "..\8052.H"   //暫存器及組態設定
   5          main() //主程式
   6          {      //主程式開始   
   7   1          unsigned char  i=0;  //計數變數0~255
   8   1         loop:                //標記名稱
   9   1           P0=P1=i;           //變數i送到P0及P1輸出(設中斷點)
  10   1           Delay_ms(100); //延時函數式
  11   1           i=i+1;             //變數加一  
  12   1           goto loop;         //跳到標記loop
  13   1      }          //主程式結束


MODULE INFORMATION:   STATIC OVERLAYABLE
   CODE SIZE        =     40    ----
   CONSTANT SIZE    =   ----    ----
   XDATA SIZE       =   ----    ----
   PDATA SIZE       =   ----    ----
   DATA SIZE        =   ----    ----
   IDATA SIZE       =   ----    ----
   BIT SIZE         =   ----    ----
END OF MODULE INFORMATION.


C51 COMPILATION COMPLETE.  0 WARNING(S),  0 ERROR(S)
