C51 COMPILER V9.02   3_1                                                                   01/07/2011 11:06:06 PAGE 1   


C51 COMPILER V9.02, COMPILATION OF MODULE 3_1
OBJECT MODULE PLACED IN 3_1.OBJ
COMPILER INVOKED BY: C:\Keil\C51\BIN\C51.EXE 3_1.c OPTIMIZE(2,SPEED) BROWSE DEBUG OBJECTEXTEND

line level    source

   1          //*********** 3_1.c ****變數的資料型態********************
   2          //*動作：變數的宣告及應用
   3          //********************************************************
   4          void main()
   5          {
   6   1         unsigned char i=250;        //宣告8-bit無符號變數，範圍0~255
   7   1         char          j=-120;       //宣告8-bit有符號變數，範圍0-128~127
   8   1         unsigned int  k=65530;      //宣告16-bit無符號變數，範圍0~65535
   9   1         unsigned long l=0x12345678; //宣告32-bit無符號變數，範圍0x00000000~0xffffffff
  10   1         float         m=1.02;       //宣告32-bit浮點數
  11   1       loop:
  12   1         i=i+1;    //8-bit無符號變數+1
  13   1         j=j+1;    //8-bit有符號變數+1
  14   1         k=k+1;    //16-bit無符號變數+1
  15   1         l=l+1;    //32-bit無符號變數+1
  16   1         m=m+0.01; //32-bit浮點數+0.01
  17   1        goto loop;  //跳到loop處 
  18   1      }


MODULE INFORMATION:   STATIC OVERLAYABLE
   CODE SIZE        =    102    ----
   CONSTANT SIZE    =   ----    ----
   XDATA SIZE       =   ----    ----
   PDATA SIZE       =   ----    ----
   DATA SIZE        =   ----      12
   IDATA SIZE       =   ----    ----
   BIT SIZE         =   ----    ----
END OF MODULE INFORMATION.


C51 COMPILATION COMPLETE.  0 WARNING(S),  0 ERROR(S)
