C51 COMPILER V8.09   3_12                                                                  07/29/2009 15:21:10 PAGE 1   


C51 COMPILER V8.09, COMPILATION OF MODULE 3_12
OBJECT MODULE PLACED IN 3_12.OBJ
COMPILER INVOKED BY: C:\Keil\C51\BIN\C51.EXE 3_12.C BROWSE DEBUG OBJECTEXTEND

line level    source

   1          /************** 3_12.c, ************************
   2          *動作：邏輯運算子範例 
   3          ***********************************************/
   4          main()
   5          {
   6   1          unsigned char a=5,b=2,i=0; //宣告變數
   7   1        loop:
   8   1          if(a>0 && b>0)   i=1;  //假如a>0 及b>0 ，i=1  (成立)
   9   1          if(a-b<0 || a+b<0) i=2;//假如a-b<0 或 a+b<0，i=2(不成立)
  10   1          b++;                    //b=b+1
  11   1          goto  loop;
  12   1      }


MODULE INFORMATION:   STATIC OVERLAYABLE
   CODE SIZE        =     46    ----
   CONSTANT SIZE    =   ----    ----
   XDATA SIZE       =   ----    ----
   PDATA SIZE       =   ----    ----
   DATA SIZE        =   ----    ----
   IDATA SIZE       =   ----    ----
   BIT SIZE         =   ----    ----
END OF MODULE INFORMATION.


C51 COMPILATION COMPLETE.  0 WARNING(S),  0 ERROR(S)
