C51 COMPILER V8.16   3_25                                                                  01/13/2009 23:43:58 PAGE 1   


C51 COMPILER V8.16, COMPILATION OF MODULE 3_25
OBJECT MODULE PLACED IN 3_25.OBJ
COMPILER INVOKED BY: C:\Keil\C51\BIN\C51.EXE 3_25.C BROWSE DEBUG OBJECTEXTEND

line level    source

   1          /************** 3_25.c **************************
   2          *動作：用if和goto指令，由LED輸出00~99十進制變化
   3          *硬體：SW1-3(P0LED)ON
   4          ***********************************************/
   5          #include "..\MPC82.H"  //暫存器及組態設定
   6          main()
   7          {       
   8   1         char i=12; //宣告計數變數
   9   1       loop:
  10   1         LED=~((i/10<<4)+(i%10)); //十進位計數輸出
  11   1         Delay_ms(500);
  12   1         i++;                 //計數加一
  13   1         if(i<100) goto loop; //若計數小於100到loop處   
  14   1         i=0;                 //若若計數等於100，令計數=0
  15   1         goto loop; 
  16   1      }


MODULE INFORMATION:   STATIC OVERLAYABLE
   CODE SIZE        =     74    ----
   CONSTANT SIZE    =   ----    ----
   XDATA SIZE       =   ----    ----
   PDATA SIZE       =   ----    ----
   DATA SIZE        =   ----    ----
   IDATA SIZE       =   ----    ----
   BIT SIZE         =   ----    ----
END OF MODULE INFORMATION.


C51 COMPILATION COMPLETE.  0 WARNING(S),  0 ERROR(S)
