C51 COMPILER V9.01   3_2C                                                                  07/13/2010 15:44:03 PAGE 1   


C51 COMPILER V9.01, COMPILATION OF MODULE 3_2C
OBJECT MODULE PLACED IN 3_2C.OBJ
COMPILER INVOKED BY: C:\Keil\C51\BIN\C51.EXE 3_2C.c OPTIMIZE(2,SPEED) BROWSE DEBUG OBJECTEXTEND

line level    source

   1          //*********** 3_2C.c **********************************
   2          //*動作：定義SFR的 位元變數
   3          //*硬體：SW1-3(P0LED)ON，按KEY1~KEY4
   4          //******************************************************
   5          sfr   LED  = 0x80;   //定義接腳P0名稱
   6          
   7          sbit  LED0 = 0x80;   //定義P00接腳名稱
   8          sbit  LED1 = LED^1;  //定義P01接腳名稱
   9          sbit  LED2 = 0x80^2; //定義P02接腳名稱
  10          sbit  LED3 = 0x83;   //定義P03接腳名稱
  11          
  12          sbit  KEY1 = 0xB2;   //定義P32接腳名稱
  13          sbit  KEY2 = 0xB3;   //定義P32接腳名稱
  14          sbit  KEY3 = 0xEB;   //定義P43接腳名稱(軟體模擬無作用)
  15          sbit  KEY4 = 0xEA;   //定義P42接腳名稱(軟體模擬無作用)
  16          main()
  17          {
  18   1        loop:
  19   1          LED0=KEY1;
  20   1          LED1=KEY2;
  21   1          LED2=KEY3;//(軟體模擬無作用)
  22   1          LED3=KEY4;//(軟體模擬無作用)    
  23   1        goto loop;
  24   1      }


MODULE INFORMATION:   STATIC OVERLAYABLE
   CODE SIZE        =     19    ----
   CONSTANT SIZE    =   ----    ----
   XDATA SIZE       =   ----    ----
   PDATA SIZE       =   ----    ----
   DATA SIZE        =   ----    ----
   IDATA SIZE       =   ----    ----
   BIT SIZE         =   ----    ----
END OF MODULE INFORMATION.


C51 COMPILATION COMPLETE.  0 WARNING(S),  0 ERROR(S)
