C51 COMPILER V8.17   3_38                                                                  07/30/2009 13:51:39 PAGE 1   


C51 COMPILER V8.17, COMPILATION OF MODULE 3_38
OBJECT MODULE PLACED IN 3_38.OBJ
COMPILER INVOKED BY: C:\Keil\C51\BIN\C51.EXE 3_38.C OPTIMIZE(2,SPEED) BROWSE DEBUG OBJECTEXTEND

line level    source

   1          /************** 3_38.c *************************
   2          *動作：LED遞加輸出，若按下KEY1~KEY4則自我空轉
   3          *硬體：SW1-3(P0LED)ON, 按KEY1~KEY4則LED停止
   4          ***********************************************/
   5          #include "..\MPC82.H"  //暫存器及組態設定
   6          main()
   7          {
   8   1       unsigned char i=0;
   9   1       P0M0=0; P0M1=0xFF; //設定P0為推挽式輸出(M0-1=01)
  10   1       while(1)      //不斷的循環
  11   1        {
  12   2          while(KEY1==0); //按KEY1(P32)自我空轉
  13   2               while(KEY2==0); //按KEY2(P33)自我空轉
  14   2         //while(KEY3==0); //按KEY3(P43)自我空轉(軟體模擬須取消)
  15   2         //while(KEY4==0); //按KEY4(P42)自我空轉(軟體模擬須取消)
  16   2           LED=~i++;    //遞加輸出
  17   2           Delay_ms(100); //延時
  18   2        }
  19   1      }


MODULE INFORMATION:   STATIC OVERLAYABLE
   CODE SIZE        =     78    ----
   CONSTANT SIZE    =   ----    ----
   XDATA SIZE       =   ----    ----
   PDATA SIZE       =   ----    ----
   DATA SIZE        =   ----       5
   IDATA SIZE       =   ----    ----
   BIT SIZE         =   ----    ----
END OF MODULE INFORMATION.


C51 COMPILATION COMPLETE.  0 WARNING(S),  0 ERROR(S)
