C51 COMPILER V8.16   3_41                                                                  01/13/2009 20:56:29 PAGE 1   


C51 COMPILER V8.16, COMPILATION OF MODULE 3_41
OBJECT MODULE PLACED IN 3_41.OBJ
COMPILER INVOKED BY: C:\Keil\C51\BIN\C51.EXE 3_41.C BROWSE DEBUG OBJECTEXTEND

line level    source

   1          /********** 3_41.c *************************
   2          *動作：計算0+1+2+...+10的結果由LED輸出
   3          ********************************************/
   4          #include "..\MPC82.H"  //暫存器及組態設定
   5          main()
   6          {
   7   1        char i;   //計數
   8   1        char sum=0; //累加值=0
   9   1        for(i=0;i<=10;i++)//計數0~10
  10   1            sum=sum+i;     //累加計數值
  11   1        LED=sum;              //輸出累加值
  12   1        for(;  ; );   //自我空轉，停止執行
  13   1      }
  14          


MODULE INFORMATION:   STATIC OVERLAYABLE
   CODE SIZE        =     41    ----
   CONSTANT SIZE    =   ----    ----
   XDATA SIZE       =   ----    ----
   PDATA SIZE       =   ----    ----
   DATA SIZE        =   ----    ----
   IDATA SIZE       =   ----    ----
   BIT SIZE         =   ----    ----
END OF MODULE INFORMATION.


C51 COMPILATION COMPLETE.  0 WARNING(S),  0 ERROR(S)
