C51 COMPILER V8.16   3_46                                                                  01/13/2009 21:02:39 PAGE 1   


C51 COMPILER V8.16, COMPILATION OF MODULE 3_46
OBJECT MODULE PLACED IN 3_46.OBJ
COMPILER INVOKED BY: C:\Keil\C51\BIN\C51.EXE 3_46.C BROWSE DEBUG OBJECTEXTEND

line level    source

   1          /************* 3_46.c **************************
   2          *動作：令由LED=0~255輸出，不斷循環
   3          *硬體：修改為反相輸出，SW1-3(P0LED)ON
   4          *********************************************/
   5          #include "..\MPC82.H"  //暫存器及組態設定
   6          main()
   7          {
   8   1        unsigned char i=0;  //宣告計數初值
   9   1        for( ; ;i++) //計數=0，且條件永久成立，只執行i++
  10   1         {
  11   2          LED=i;  //計數由LED輸出 
  12   2          Delay_ms(100); //延時
  13   2         } 
  14   1       }


MODULE INFORMATION:   STATIC OVERLAYABLE
   CODE SIZE        =     41    ----
   CONSTANT SIZE    =   ----    ----
   XDATA SIZE       =   ----    ----
   PDATA SIZE       =   ----    ----
   DATA SIZE        =   ----    ----
   IDATA SIZE       =   ----    ----
   BIT SIZE         =   ----    ----
END OF MODULE INFORMATION.


C51 COMPILATION COMPLETE.  0 WARNING(S),  0 ERROR(S)
