C51 COMPILER V8.16   3_52                                                                  01/13/2009 21:19:11 PAGE 1   


C51 COMPILER V8.16, COMPILATION OF MODULE 3_52
OBJECT MODULE PLACED IN 3_52.OBJ
COMPILER INVOKED BY: C:\Keil\C51\BIN\C51.EXE 3_52.C BROWSE DEBUG OBJECTEXTEND

line level    source

   1          /*********** 3_52.c*****for迴圈中斷************
   2          *動作：LED輸出1~7，若超過則停止
   3          *硬體：修改為反相輸出，SW1-3(P0LED)ON
   4          **********************************************/
   5          #include "..\MPC82.H"  //暫存器及組態設定
   6          main()
   7          {
   8   1        char  i;                    //宣告計數
   9   1        for(i=1;i<=100;i++) //設定的條件無作用
  10   1         {
  11   2           if(i>7) break;  //假如i>7則中斷跳出迴圈  
  12   2               LED=i;              //計數由LED輸出
  13   2           Delay_ms(500);
  14   2         }
  15   1        while(1);           //自我空轉
  16   1      } 


MODULE INFORMATION:   STATIC OVERLAYABLE
   CODE SIZE        =     52    ----
   CONSTANT SIZE    =   ----    ----
   XDATA SIZE       =   ----    ----
   PDATA SIZE       =   ----    ----
   DATA SIZE        =   ----    ----
   IDATA SIZE       =   ----    ----
   BIT SIZE         =   ----    ----
END OF MODULE INFORMATION.


C51 COMPILATION COMPLETE.  0 WARNING(S),  0 ERROR(S)
