C51 COMPILER V8.16   3_53                                                                  01/13/2009 21:22:18 PAGE 1   


C51 COMPILER V8.16, COMPILATION OF MODULE 3_53
OBJECT MODULE PLACED IN 3_53.OBJ
COMPILER INVOKED BY: C:\Keil\C51\BIN\C51.EXE 3_53.C BROWSE DEBUG OBJECTEXTEND

line level    source

   1          /********* 3_53.c *****continue指令********
   2          *動作：LED輸出0~6，若超過則LED=0
   3          *硬體：修改為反相輸出，SW1-3(P0LED)ON
   4          *********************************************/
   5          #include "..\MPC82.H"  //暫存器及組態設定
   6          main()
   7          {
   8   1        unsigned char  i=0;    //宣告計數
   9   1        while(1)
  10   1         {
  11   2          LED=i;            //若不是3的倍數，計數由LED輸出
  12   2          Delay_ms(500); 
  13   2              i++;          //計數遞加
  14   2          if(i<7) continue; //若i<7則跳到函數的開始位置          
  15   2          i=0;            //若i=7清除為0
  16   2         } 
  17   1      }


MODULE INFORMATION:   STATIC OVERLAYABLE
   CODE SIZE        =     49    ----
   CONSTANT SIZE    =   ----    ----
   XDATA SIZE       =   ----    ----
   PDATA SIZE       =   ----    ----
   DATA SIZE        =   ----    ----
   IDATA SIZE       =   ----    ----
   BIT SIZE         =   ----    ----
END OF MODULE INFORMATION.


C51 COMPILATION COMPLETE.  0 WARNING(S),  0 ERROR(S)
