C51 COMPILER V8.17   3_62                                                                  08/29/2009 13:55:05 PAGE 1   


C51 COMPILER V8.17, COMPILATION OF MODULE 3_62
OBJECT MODULE PLACED IN 3_62.OBJ
COMPILER INVOKED BY: C:\Keil\C51\BIN\C51.EXE 3_62.c OPTIMIZE(2,SPEED) BROWSE DEBUG OBJECTEXTEND

line level    source

   1          /********* 3_62.c ***旋轉函數範例***************
   2          *動作：令LED左旋轉 
   3          *硬體：SW1-3(P0LED)ON
   4          *************************************************/
   5          #include "..\MPC82.H"  //暫存器及組態設定
   6          main()
   7          {
   8   1          unsigned char i=0x01; //定義8-bit變數
   9   1              P0M0=0; P0M1=0xFF; //設定P0為推挽式輸出(M0-1=01)
  10   1        loop:
  11   1          LED=~i;     //變數輸出
  12   1          Delay_ms(100); //延時
  13   1          i=RL8(i);   //8-bit變數左旋轉
  14   1         goto loop;
  15   1      }


MODULE INFORMATION:   STATIC OVERLAYABLE
   CODE SIZE        =     83    ----
   CONSTANT SIZE    =   ----    ----
   XDATA SIZE       =   ----    ----
   PDATA SIZE       =   ----    ----
   DATA SIZE        =   ----       5
   IDATA SIZE       =   ----    ----
   BIT SIZE         =   ----    ----
END OF MODULE INFORMATION.


C51 COMPILATION COMPLETE.  0 WARNING(S),  0 ERROR(S)
