C51 COMPILER V8.17   3_7A                                                                  08/29/2009 10:20:19 PAGE 1   


C51 COMPILER V8.17, COMPILATION OF MODULE 3_7A
OBJECT MODULE PLACED IN 3_7A.OBJ
COMPILER INVOKED BY: C:\Keil\C51\BIN\C51.EXE 3_7A.c BROWSE DEBUG OBJECTEXTEND

line level    source

   1          //*********** 3_7A.c ****位元陣列變數型態***********
   2          //*動作：位元陣列變數
   3          //**************************************************
   4          char bdata array[4]; //在位元定址區(0x23)定義陣列變數
   5          sbit b0=array[3]^0; //設定位元變數在位元定址區(0x23)的bit0
   6          sbit b3=array[3]^3; //設定位元變數在位元定址區(0x23)的bit3
   7          main()
   8          {
   9   1        loop:
  10   1         b0=1;
  11   1         b3=1;
  12   1         b0=0;
  13   1         b3=0;
  14   1         goto loop;
  15   1      } 


MODULE INFORMATION:   STATIC OVERLAYABLE
   CODE SIZE        =     10    ----
   CONSTANT SIZE    =   ----    ----
   XDATA SIZE       =   ----    ----
   PDATA SIZE       =   ----    ----
   DATA SIZE        =      4    ----
   IDATA SIZE       =   ----    ----
   BIT SIZE         =   ----    ----
END OF MODULE INFORMATION.


C51 COMPILATION COMPLETE.  0 WARNING(S),  0 ERROR(S)
